TimeQuest Timing Analyzer report for exercise7
Thu Dec 01 10:08:08 2022
Quartus II 64-Bit Version 13.0.1 Build 232 06/12/2013 Service Pack 1 SJ Web Edition


---------------------
; Table of Contents ;
---------------------
  1. Legal Notice
  2. TimeQuest Timing Analyzer Summary
  3. Parallel Compilation
  4. Clocks
  5. Slow 1200mV 85C Model Fmax Summary
  6. Timing Closure Recommendations
  7. Slow 1200mV 85C Model Setup Summary
  8. Slow 1200mV 85C Model Hold Summary
  9. Slow 1200mV 85C Model Recovery Summary
 10. Slow 1200mV 85C Model Removal Summary
 11. Slow 1200mV 85C Model Minimum Pulse Width Summary
 12. Slow 1200mV 85C Model Setup: 'clk'
 13. Slow 1200mV 85C Model Hold: 'clk'
 14. Slow 1200mV 85C Model Minimum Pulse Width: 'clk'
 15. Slow 1200mV 85C Model Minimum Pulse Width: 'present_state.init'
 16. Setup Times
 17. Hold Times
 18. Clock to Output Times
 19. Minimum Clock to Output Times
 20. Slow 1200mV 85C Model Metastability Report
 21. Slow 1200mV 0C Model Fmax Summary
 22. Slow 1200mV 0C Model Setup Summary
 23. Slow 1200mV 0C Model Hold Summary
 24. Slow 1200mV 0C Model Recovery Summary
 25. Slow 1200mV 0C Model Removal Summary
 26. Slow 1200mV 0C Model Minimum Pulse Width Summary
 27. Slow 1200mV 0C Model Setup: 'clk'
 28. Slow 1200mV 0C Model Hold: 'clk'
 29. Slow 1200mV 0C Model Minimum Pulse Width: 'clk'
 30. Slow 1200mV 0C Model Minimum Pulse Width: 'present_state.init'
 31. Setup Times
 32. Hold Times
 33. Clock to Output Times
 34. Minimum Clock to Output Times
 35. Slow 1200mV 0C Model Metastability Report
 36. Fast 1200mV 0C Model Setup Summary
 37. Fast 1200mV 0C Model Hold Summary
 38. Fast 1200mV 0C Model Recovery Summary
 39. Fast 1200mV 0C Model Removal Summary
 40. Fast 1200mV 0C Model Minimum Pulse Width Summary
 41. Fast 1200mV 0C Model Setup: 'clk'
 42. Fast 1200mV 0C Model Hold: 'clk'
 43. Fast 1200mV 0C Model Minimum Pulse Width: 'clk'
 44. Fast 1200mV 0C Model Minimum Pulse Width: 'present_state.init'
 45. Setup Times
 46. Hold Times
 47. Clock to Output Times
 48. Minimum Clock to Output Times
 49. Fast 1200mV 0C Model Metastability Report
 50. Multicorner Timing Analysis Summary
 51. Setup Times
 52. Hold Times
 53. Clock to Output Times
 54. Minimum Clock to Output Times
 55. Board Trace Model Assignments
 56. Input Transition Times
 57. Signal Integrity Metrics (Slow 1200mv 0c Model)
 58. Signal Integrity Metrics (Slow 1200mv 85c Model)
 59. Signal Integrity Metrics (Fast 1200mv 0c Model)
 60. Setup Transfers
 61. Hold Transfers
 62. Report TCCS
 63. Report RSKM
 64. Unconstrained Paths
 65. TimeQuest Timing Analyzer Messages



----------------
; Legal Notice ;
----------------
Copyright (C) 1991-2013 Altera Corporation
Your use of Altera Corporation's design tools, logic functions 
and other software and tools, and its AMPP partner logic 
functions, and any output files from any of the foregoing 
(including device programming or simulation files), and any 
associated documentation or information are expressly subject 
to the terms and conditions of the Altera Program License 
Subscription Agreement, Altera MegaCore Function License 
Agreement, or other applicable license agreement, including, 
without limitation, that your use is for the sole purpose of 
programming logic devices manufactured by Altera and sold by 
Altera or its authorized distributors.  Please refer to the 
applicable agreement for further details.



+----------------------------------------------------------------------------------------+
; TimeQuest Timing Analyzer Summary                                                      ;
+--------------------+-------------------------------------------------------------------+
; Quartus II Version ; Version 13.0.1 Build 232 06/12/2013 Service Pack 1 SJ Web Edition ;
; Revision Name      ; exercise7                                                         ;
; Device Family      ; Cyclone IV GX                                                     ;
; Device Name        ; EP4CGX15BF14C6                                                    ;
; Timing Models      ; Final                                                             ;
; Delay Model        ; Combined                                                          ;
; Rise/Fall Delays   ; Enabled                                                           ;
+--------------------+-------------------------------------------------------------------+


Parallel compilation was disabled, but you have multiple processors available. Enable parallel compilation to reduce compilation time.
+-------------------------------------+
; Parallel Compilation                ;
+----------------------------+--------+
; Processors                 ; Number ;
+----------------------------+--------+
; Number detected on machine ; 8      ;
; Maximum allowed            ; 1      ;
+----------------------------+--------+


+--------------------------------------------------------------------------------------------------------------------------------------------------------------------------------------------------------+
; Clocks                                                                                                                                                                                                 ;
+--------------------+------+--------+------------+-------+-------+------------+-----------+-------------+-------+--------+-----------+------------+----------+--------+--------+------------------------+
; Clock Name         ; Type ; Period ; Frequency  ; Rise  ; Fall  ; Duty Cycle ; Divide by ; Multiply by ; Phase ; Offset ; Edge List ; Edge Shift ; Inverted ; Master ; Source ; Targets                ;
+--------------------+------+--------+------------+-------+-------+------------+-----------+-------------+-------+--------+-----------+------------+----------+--------+--------+------------------------+
; clk                ; Base ; 1.000  ; 1000.0 MHz ; 0.000 ; 0.500 ;            ;           ;             ;       ;        ;           ;            ;          ;        ;        ; { clk }                ;
; present_state.init ; Base ; 1.000  ; 1000.0 MHz ; 0.000 ; 0.500 ;            ;           ;             ;       ;        ;           ;            ;          ;        ;        ; { present_state.init } ;
+--------------------+------+--------+------------+-------+-------+------------+-----------+-------------+-------+--------+-----------+------------+----------+--------+--------+------------------------+


+-----------------------------------------------------------------------------------------------------------+
; Slow 1200mV 85C Model Fmax Summary                                                                        ;
+------------+-----------------+------------+---------------------------------------------------------------+
; Fmax       ; Restricted Fmax ; Clock Name ; Note                                                          ;
+------------+-----------------+------------+---------------------------------------------------------------+
; 814.33 MHz ; 250.0 MHz       ; clk        ; limit due to minimum period restriction (max I/O toggle rate) ;
+------------+-----------------+------------+---------------------------------------------------------------+
This panel reports FMAX for every clock in the design, regardless of the user-specified clock periods.  FMAX is only computed for paths where the source and destination registers or ports are driven by the same clock.  Paths of different clocks, including generated clocks, are ignored.  For paths between a clock and its inversion, FMAX is computed as if the rising and falling edges are scaled along with FMAX, such that the duty cycle (in terms of a percentage) is maintained. Altera recommends that you always use clock constraints and other slack reports for sign-off analysis.


----------------------------------
; Timing Closure Recommendations ;
----------------------------------
HTML report is unavailable in plain text report export.


+-------------------------------------+
; Slow 1200mV 85C Model Setup Summary ;
+-------+--------+--------------------+
; Clock ; Slack  ; End Point TNS      ;
+-------+--------+--------------------+
; clk   ; -0.228 ; -0.317             ;
+-------+--------+--------------------+


+------------------------------------+
; Slow 1200mV 85C Model Hold Summary ;
+-------+--------+-------------------+
; Clock ; Slack  ; End Point TNS     ;
+-------+--------+-------------------+
; clk   ; -0.102 ; -0.102            ;
+-------+--------+-------------------+


------------------------------------------
; Slow 1200mV 85C Model Recovery Summary ;
------------------------------------------
No paths to report.


-----------------------------------------
; Slow 1200mV 85C Model Removal Summary ;
-----------------------------------------
No paths to report.


+---------------------------------------------------+
; Slow 1200mV 85C Model Minimum Pulse Width Summary ;
+--------------------+--------+---------------------+
; Clock              ; Slack  ; End Point TNS       ;
+--------------------+--------+---------------------+
; clk                ; -3.000 ; -5.000              ;
; present_state.init ; 0.434  ; 0.000               ;
+--------------------+--------+---------------------+


+------------------------------------------------------------------------------------------------------------------------------+
; Slow 1200mV 85C Model Setup: 'clk'                                                                                           ;
+--------+--------------------+--------------------+--------------------+-------------+--------------+------------+------------+
; Slack  ; From Node          ; To Node            ; Launch Clock       ; Latch Clock ; Relationship ; Clock Skew ; Data Delay ;
+--------+--------------------+--------------------+--------------------+-------------+--------------+------------+------------+
; -0.228 ; present_state.idle ; present_state.idle ; clk                ; clk         ; 1.000        ; -0.065     ; 1.158      ;
; -0.184 ; present_state.init ; present_state.idle ; present_state.init ; clk         ; 0.500        ; 2.263      ; 3.141      ;
; -0.089 ; present_state.idle ; present_state.init ; clk                ; clk         ; 1.000        ; -0.065     ; 1.019      ;
; 0.127  ; present_state.init ; present_state.init ; present_state.init ; clk         ; 0.500        ; 2.263      ; 2.830      ;
; 0.389  ; present_state.init ; present_state.idle ; present_state.init ; clk         ; 1.000        ; 2.263      ; 3.068      ;
; 0.716  ; present_state.init ; present_state.init ; present_state.init ; clk         ; 1.000        ; 2.263      ; 2.741      ;
+--------+--------------------+--------------------+--------------------+-------------+--------------+------------+------------+


+------------------------------------------------------------------------------------------------------------------------------+
; Slow 1200mV 85C Model Hold: 'clk'                                                                                            ;
+--------+--------------------+--------------------+--------------------+-------------+--------------+------------+------------+
; Slack  ; From Node          ; To Node            ; Launch Clock       ; Latch Clock ; Relationship ; Clock Skew ; Data Delay ;
+--------+--------------------+--------------------+--------------------+-------------+--------------+------------+------------+
; -0.102 ; present_state.init ; present_state.init ; present_state.init ; clk         ; 0.000        ; 2.354      ; 2.628      ;
; 0.038  ; present_state.init ; present_state.idle ; present_state.init ; clk         ; 0.000        ; 2.354      ; 2.768      ;
; 0.472  ; present_state.init ; present_state.init ; present_state.init ; clk         ; -0.500       ; 2.354      ; 2.702      ;
; 0.622  ; present_state.init ; present_state.idle ; present_state.init ; clk         ; -0.500       ; 2.354      ; 2.852      ;
; 0.686  ; present_state.idle ; present_state.init ; clk                ; clk         ; 0.000        ; 0.065      ; 0.908      ;
; 0.844  ; present_state.idle ; present_state.idle ; clk                ; clk         ; 0.000        ; 0.065      ; 1.066      ;
+--------+--------------------+--------------------+--------------------+-------------+--------------+------------+------------+


+------------------------------------------------------------------------------------------------------------+
; Slow 1200mV 85C Model Minimum Pulse Width: 'clk'                                                           ;
+--------+--------------+----------------+------------------+-------+------------+---------------------------+
; Slack  ; Actual Width ; Required Width ; Type             ; Clock ; Clock Edge ; Target                    ;
+--------+--------------+----------------+------------------+-------+------------+---------------------------+
; -3.000 ; 1.000        ; 4.000          ; Port Rate        ; clk   ; Rise       ; clk                       ;
; -1.000 ; 1.000        ; 2.000          ; Min Period       ; clk   ; Rise       ; present_state.idle        ;
; -1.000 ; 1.000        ; 2.000          ; Min Period       ; clk   ; Rise       ; present_state.init        ;
; 0.214  ; 0.398        ; 0.184          ; Low Pulse Width  ; clk   ; Rise       ; present_state.idle        ;
; 0.214  ; 0.398        ; 0.184          ; Low Pulse Width  ; clk   ; Rise       ; present_state.init        ;
; 0.326  ; 0.326        ; 0.000          ; Low Pulse Width  ; clk   ; Rise       ; clk~input|o               ;
; 0.337  ; 0.337        ; 0.000          ; Low Pulse Width  ; clk   ; Rise       ; clk~inputclkctrl|inclk[0] ;
; 0.337  ; 0.337        ; 0.000          ; Low Pulse Width  ; clk   ; Rise       ; clk~inputclkctrl|outclk   ;
; 0.374  ; 0.374        ; 0.000          ; Low Pulse Width  ; clk   ; Rise       ; present_state.idle|clk    ;
; 0.374  ; 0.374        ; 0.000          ; Low Pulse Width  ; clk   ; Rise       ; present_state.init|clk    ;
; 0.385  ; 0.601        ; 0.216          ; High Pulse Width ; clk   ; Rise       ; present_state.idle        ;
; 0.385  ; 0.601        ; 0.216          ; High Pulse Width ; clk   ; Rise       ; present_state.init        ;
; 0.500  ; 0.500        ; 0.000          ; High Pulse Width ; clk   ; Rise       ; clk~input|i               ;
; 0.500  ; 0.500        ; 0.000          ; Low Pulse Width  ; clk   ; Rise       ; clk~input|i               ;
; 0.623  ; 0.623        ; 0.000          ; High Pulse Width ; clk   ; Rise       ; present_state.idle|clk    ;
; 0.623  ; 0.623        ; 0.000          ; High Pulse Width ; clk   ; Rise       ; present_state.init|clk    ;
; 0.662  ; 0.662        ; 0.000          ; High Pulse Width ; clk   ; Rise       ; clk~inputclkctrl|inclk[0] ;
; 0.662  ; 0.662        ; 0.000          ; High Pulse Width ; clk   ; Rise       ; clk~inputclkctrl|outclk   ;
; 0.674  ; 0.674        ; 0.000          ; High Pulse Width ; clk   ; Rise       ; clk~input|o               ;
+--------+--------------+----------------+------------------+-------+------------+---------------------------+


+-------------------------------------------------------------------------------------------------------------------+
; Slow 1200mV 85C Model Minimum Pulse Width: 'present_state.init'                                                   ;
+-------+--------------+----------------+------------------+--------------------+------------+----------------------+
; Slack ; Actual Width ; Required Width ; Type             ; Clock              ; Clock Edge ; Target               ;
+-------+--------------+----------------+------------------+--------------------+------------+----------------------+
; 0.434 ; 0.434        ; 0.000          ; Low Pulse Width  ; present_state.init ; Rise       ; mee_out$latch|datad  ;
; 0.454 ; 0.454        ; 0.000          ; High Pulse Width ; present_state.init ; Fall       ; mee_out$latch        ;
; 0.500 ; 0.500        ; 0.000          ; High Pulse Width ; present_state.init ; Rise       ; present_state.init|q ;
; 0.500 ; 0.500        ; 0.000          ; Low Pulse Width  ; present_state.init ; Rise       ; present_state.init|q ;
; 0.544 ; 0.544        ; 0.000          ; Low Pulse Width  ; present_state.init ; Fall       ; mee_out$latch        ;
; 0.564 ; 0.564        ; 0.000          ; High Pulse Width ; present_state.init ; Rise       ; mee_out$latch|datad  ;
+-------+--------------+----------------+------------------+--------------------+------------+----------------------+


+----------------------------------------------------------------------------------+
; Setup Times                                                                      ;
+-----------+--------------------+-------+-------+------------+--------------------+
; Data Port ; Clock Port         ; Rise  ; Fall  ; Clock Edge ; Clock Reference    ;
+-----------+--------------------+-------+-------+------------+--------------------+
; a         ; clk                ; 3.301 ; 3.757 ; Rise       ; clk                ;
; b         ; clk                ; 3.221 ; 3.655 ; Rise       ; clk                ;
; reset     ; clk                ; 2.235 ; 2.691 ; Rise       ; clk                ;
; a         ; present_state.init ; 4.963 ; 5.383 ; Fall       ; present_state.init ;
; b         ; present_state.init ; 4.979 ; 5.421 ; Fall       ; present_state.init ;
+-----------+--------------------+-------+-------+------------+--------------------+


+------------------------------------------------------------------------------------+
; Hold Times                                                                         ;
+-----------+--------------------+--------+--------+------------+--------------------+
; Data Port ; Clock Port         ; Rise   ; Fall   ; Clock Edge ; Clock Reference    ;
+-----------+--------------------+--------+--------+------------+--------------------+
; a         ; clk                ; -2.812 ; -3.257 ; Rise       ; clk                ;
; b         ; clk                ; -1.544 ; -1.964 ; Rise       ; clk                ;
; reset     ; clk                ; -1.624 ; -2.078 ; Rise       ; clk                ;
; a         ; present_state.init ; -4.159 ; -4.552 ; Fall       ; present_state.init ;
; b         ; present_state.init ; -4.159 ; -4.560 ; Fall       ; present_state.init ;
+-----------+--------------------+--------+--------+------------+--------------------+


+----------------------------------------------------------------------------------+
; Clock to Output Times                                                            ;
+-----------+--------------------+-------+-------+------------+--------------------+
; Data Port ; Clock Port         ; Rise  ; Fall  ; Clock Edge ; Clock Reference    ;
+-----------+--------------------+-------+-------+------------+--------------------+
; moo_out   ; clk                ; 5.628 ; 5.554 ; Rise       ; clk                ;
; mee_out   ; present_state.init ; 4.299 ; 4.239 ; Fall       ; present_state.init ;
+-----------+--------------------+-------+-------+------------+--------------------+


+----------------------------------------------------------------------------------+
; Minimum Clock to Output Times                                                    ;
+-----------+--------------------+-------+-------+------------+--------------------+
; Data Port ; Clock Port         ; Rise  ; Fall  ; Clock Edge ; Clock Reference    ;
+-----------+--------------------+-------+-------+------------+--------------------+
; moo_out   ; clk                ; 5.447 ; 5.373 ; Rise       ; clk                ;
; mee_out   ; present_state.init ; 4.194 ; 4.134 ; Fall       ; present_state.init ;
+-----------+--------------------+-------+-------+------------+--------------------+


----------------------------------------------
; Slow 1200mV 85C Model Metastability Report ;
----------------------------------------------
No synchronizer chains to report.


+-----------------------------------------------------------------------------------------------------------+
; Slow 1200mV 0C Model Fmax Summary                                                                         ;
+------------+-----------------+------------+---------------------------------------------------------------+
; Fmax       ; Restricted Fmax ; Clock Name ; Note                                                          ;
+------------+-----------------+------------+---------------------------------------------------------------+
; 904.16 MHz ; 250.0 MHz       ; clk        ; limit due to minimum period restriction (max I/O toggle rate) ;
+------------+-----------------+------------+---------------------------------------------------------------+
This panel reports FMAX for every clock in the design, regardless of the user-specified clock periods.  FMAX is only computed for paths where the source and destination registers or ports are driven by the same clock.  Paths of different clocks, including generated clocks, are ignored.  For paths between a clock and its inversion, FMAX is computed as if the rising and falling edges are scaled along with FMAX, such that the duty cycle (in terms of a percentage) is maintained. Altera recommends that you always use clock constraints and other slack reports for sign-off analysis.


+------------------------------------+
; Slow 1200mV 0C Model Setup Summary ;
+-------+--------+-------------------+
; Clock ; Slack  ; End Point TNS     ;
+-------+--------+-------------------+
; clk   ; -0.106 ; -0.106            ;
+-------+--------+-------------------+


+-----------------------------------+
; Slow 1200mV 0C Model Hold Summary ;
+-------+--------+------------------+
; Clock ; Slack  ; End Point TNS    ;
+-------+--------+------------------+
; clk   ; -0.058 ; -0.058           ;
+-------+--------+------------------+


-----------------------------------------
; Slow 1200mV 0C Model Recovery Summary ;
-----------------------------------------
No paths to report.


----------------------------------------
; Slow 1200mV 0C Model Removal Summary ;
----------------------------------------
No paths to report.


+--------------------------------------------------+
; Slow 1200mV 0C Model Minimum Pulse Width Summary ;
+--------------------+--------+--------------------+
; Clock              ; Slack  ; End Point TNS      ;
+--------------------+--------+--------------------+
; clk                ; -3.000 ; -5.000             ;
; present_state.init ; 0.445  ; 0.000              ;
+--------------------+--------+--------------------+


+------------------------------------------------------------------------------------------------------------------------------+
; Slow 1200mV 0C Model Setup: 'clk'                                                                                            ;
+--------+--------------------+--------------------+--------------------+-------------+--------------+------------+------------+
; Slack  ; From Node          ; To Node            ; Launch Clock       ; Latch Clock ; Relationship ; Clock Skew ; Data Delay ;
+--------+--------------------+--------------------+--------------------+-------------+--------------+------------+------------+
; -0.106 ; present_state.idle ; present_state.idle ; clk                ; clk         ; 1.000        ; -0.057     ; 1.044      ;
; -0.106 ; present_state.init ; present_state.idle ; present_state.init ; clk         ; 0.500        ; 2.047      ; 2.828      ;
; 0.019  ; present_state.idle ; present_state.init ; clk                ; clk         ; 1.000        ; -0.057     ; 0.919      ;
; 0.205  ; present_state.init ; present_state.init ; present_state.init ; clk         ; 0.500        ; 2.047      ; 2.517      ;
; 0.456  ; present_state.init ; present_state.idle ; present_state.init ; clk         ; 1.000        ; 2.047      ; 2.766      ;
; 0.704  ; present_state.init ; present_state.init ; present_state.init ; clk         ; 1.000        ; 2.047      ; 2.518      ;
+--------+--------------------+--------------------+--------------------+-------------+--------------+------------+------------+


+------------------------------------------------------------------------------------------------------------------------------+
; Slow 1200mV 0C Model Hold: 'clk'                                                                                             ;
+--------+--------------------+--------------------+--------------------+-------------+--------------+------------+------------+
; Slack  ; From Node          ; To Node            ; Launch Clock       ; Latch Clock ; Relationship ; Clock Skew ; Data Delay ;
+--------+--------------------+--------------------+--------------------+-------------+--------------+------------+------------+
; -0.058 ; present_state.init ; present_state.init ; present_state.init ; clk         ; 0.000        ; 2.127      ; 2.413      ;
; 0.069  ; present_state.init ; present_state.idle ; present_state.init ; clk         ; 0.000        ; 2.127      ; 2.540      ;
; 0.436  ; present_state.init ; present_state.init ; present_state.init ; clk         ; -0.500       ; 2.127      ; 2.407      ;
; 0.582  ; present_state.init ; present_state.idle ; present_state.init ; clk         ; -0.500       ; 2.127      ; 2.553      ;
; 0.610  ; present_state.idle ; present_state.init ; clk                ; clk         ; 0.000        ; 0.057      ; 0.811      ;
; 0.757  ; present_state.idle ; present_state.idle ; clk                ; clk         ; 0.000        ; 0.057      ; 0.958      ;
+--------+--------------------+--------------------+--------------------+-------------+--------------+------------+------------+


+------------------------------------------------------------------------------------------------------------+
; Slow 1200mV 0C Model Minimum Pulse Width: 'clk'                                                            ;
+--------+--------------+----------------+------------------+-------+------------+---------------------------+
; Slack  ; Actual Width ; Required Width ; Type             ; Clock ; Clock Edge ; Target                    ;
+--------+--------------+----------------+------------------+-------+------------+---------------------------+
; -3.000 ; 1.000        ; 4.000          ; Port Rate        ; clk   ; Rise       ; clk                       ;
; -1.000 ; 1.000        ; 2.000          ; Min Period       ; clk   ; Rise       ; present_state.idle        ;
; -1.000 ; 1.000        ; 2.000          ; Min Period       ; clk   ; Rise       ; present_state.init        ;
; 0.218  ; 0.402        ; 0.184          ; Low Pulse Width  ; clk   ; Rise       ; present_state.idle        ;
; 0.218  ; 0.402        ; 0.184          ; Low Pulse Width  ; clk   ; Rise       ; present_state.init        ;
; 0.344  ; 0.344        ; 0.000          ; Low Pulse Width  ; clk   ; Rise       ; clk~input|o               ;
; 0.346  ; 0.346        ; 0.000          ; Low Pulse Width  ; clk   ; Rise       ; clk~inputclkctrl|inclk[0] ;
; 0.346  ; 0.346        ; 0.000          ; Low Pulse Width  ; clk   ; Rise       ; clk~inputclkctrl|outclk   ;
; 0.378  ; 0.378        ; 0.000          ; Low Pulse Width  ; clk   ; Rise       ; present_state.idle|clk    ;
; 0.378  ; 0.378        ; 0.000          ; Low Pulse Width  ; clk   ; Rise       ; present_state.init|clk    ;
; 0.381  ; 0.597        ; 0.216          ; High Pulse Width ; clk   ; Rise       ; present_state.idle        ;
; 0.381  ; 0.597        ; 0.216          ; High Pulse Width ; clk   ; Rise       ; present_state.init        ;
; 0.500  ; 0.500        ; 0.000          ; High Pulse Width ; clk   ; Rise       ; clk~input|i               ;
; 0.500  ; 0.500        ; 0.000          ; Low Pulse Width  ; clk   ; Rise       ; clk~input|i               ;
; 0.621  ; 0.621        ; 0.000          ; High Pulse Width ; clk   ; Rise       ; present_state.idle|clk    ;
; 0.621  ; 0.621        ; 0.000          ; High Pulse Width ; clk   ; Rise       ; present_state.init|clk    ;
; 0.654  ; 0.654        ; 0.000          ; High Pulse Width ; clk   ; Rise       ; clk~inputclkctrl|inclk[0] ;
; 0.654  ; 0.654        ; 0.000          ; High Pulse Width ; clk   ; Rise       ; clk~inputclkctrl|outclk   ;
; 0.656  ; 0.656        ; 0.000          ; High Pulse Width ; clk   ; Rise       ; clk~input|o               ;
+--------+--------------+----------------+------------------+-------+------------+---------------------------+


+-------------------------------------------------------------------------------------------------------------------+
; Slow 1200mV 0C Model Minimum Pulse Width: 'present_state.init'                                                    ;
+-------+--------------+----------------+------------------+--------------------+------------+----------------------+
; Slack ; Actual Width ; Required Width ; Type             ; Clock              ; Clock Edge ; Target               ;
+-------+--------------+----------------+------------------+--------------------+------------+----------------------+
; 0.445 ; 0.445        ; 0.000          ; Low Pulse Width  ; present_state.init ; Rise       ; mee_out$latch|datad  ;
; 0.469 ; 0.469        ; 0.000          ; High Pulse Width ; present_state.init ; Fall       ; mee_out$latch        ;
; 0.500 ; 0.500        ; 0.000          ; High Pulse Width ; present_state.init ; Rise       ; present_state.init|q ;
; 0.500 ; 0.500        ; 0.000          ; Low Pulse Width  ; present_state.init ; Rise       ; present_state.init|q ;
; 0.531 ; 0.531        ; 0.000          ; Low Pulse Width  ; present_state.init ; Fall       ; mee_out$latch        ;
; 0.553 ; 0.553        ; 0.000          ; High Pulse Width ; present_state.init ; Rise       ; mee_out$latch|datad  ;
+-------+--------------+----------------+------------------+--------------------+------------+----------------------+


+----------------------------------------------------------------------------------+
; Setup Times                                                                      ;
+-----------+--------------------+-------+-------+------------+--------------------+
; Data Port ; Clock Port         ; Rise  ; Fall  ; Clock Edge ; Clock Reference    ;
+-----------+--------------------+-------+-------+------------+--------------------+
; a         ; clk                ; 2.863 ; 3.270 ; Rise       ; clk                ;
; b         ; clk                ; 2.782 ; 3.183 ; Rise       ; clk                ;
; reset     ; clk                ; 1.920 ; 2.280 ; Rise       ; clk                ;
; a         ; present_state.init ; 4.418 ; 4.715 ; Fall       ; present_state.init ;
; b         ; present_state.init ; 4.423 ; 4.746 ; Fall       ; present_state.init ;
+-----------+--------------------+-------+-------+------------+--------------------+


+------------------------------------------------------------------------------------+
; Hold Times                                                                         ;
+-----------+--------------------+--------+--------+------------+--------------------+
; Data Port ; Clock Port         ; Rise   ; Fall   ; Clock Edge ; Clock Reference    ;
+-----------+--------------------+--------+--------+------------+--------------------+
; a         ; clk                ; -2.430 ; -2.826 ; Rise       ; clk                ;
; b         ; clk                ; -1.298 ; -1.637 ; Rise       ; clk                ;
; reset     ; clk                ; -1.373 ; -1.730 ; Rise       ; clk                ;
; a         ; present_state.init ; -3.694 ; -3.975 ; Fall       ; present_state.init ;
; b         ; present_state.init ; -3.684 ; -3.980 ; Fall       ; present_state.init ;
+-----------+--------------------+--------+--------+------------+--------------------+


+----------------------------------------------------------------------------------+
; Clock to Output Times                                                            ;
+-----------+--------------------+-------+-------+------------+--------------------+
; Data Port ; Clock Port         ; Rise  ; Fall  ; Clock Edge ; Clock Reference    ;
+-----------+--------------------+-------+-------+------------+--------------------+
; moo_out   ; clk                ; 5.017 ; 4.950 ; Rise       ; clk                ;
; mee_out   ; present_state.init ; 3.775 ; 3.715 ; Fall       ; present_state.init ;
+-----------+--------------------+-------+-------+------------+--------------------+


+----------------------------------------------------------------------------------+
; Minimum Clock to Output Times                                                    ;
+-----------+--------------------+-------+-------+------------+--------------------+
; Data Port ; Clock Port         ; Rise  ; Fall  ; Clock Edge ; Clock Reference    ;
+-----------+--------------------+-------+-------+------------+--------------------+
; moo_out   ; clk                ; 4.854 ; 4.787 ; Rise       ; clk                ;
; mee_out   ; present_state.init ; 3.680 ; 3.621 ; Fall       ; present_state.init ;
+-----------+--------------------+-------+-------+------------+--------------------+


---------------------------------------------
; Slow 1200mV 0C Model Metastability Report ;
---------------------------------------------
No synchronizer chains to report.


+------------------------------------+
; Fast 1200mV 0C Model Setup Summary ;
+-------+-------+--------------------+
; Clock ; Slack ; End Point TNS      ;
+-------+-------+--------------------+
; clk   ; 0.166 ; 0.000              ;
+-------+-------+--------------------+


+-----------------------------------+
; Fast 1200mV 0C Model Hold Summary ;
+-------+--------+------------------+
; Clock ; Slack  ; End Point TNS    ;
+-------+--------+------------------+
; clk   ; -0.137 ; -0.205           ;
+-------+--------+------------------+


-----------------------------------------
; Fast 1200mV 0C Model Recovery Summary ;
-----------------------------------------
No paths to report.


----------------------------------------
; Fast 1200mV 0C Model Removal Summary ;
----------------------------------------
No paths to report.


+--------------------------------------------------+
; Fast 1200mV 0C Model Minimum Pulse Width Summary ;
+--------------------+--------+--------------------+
; Clock              ; Slack  ; End Point TNS      ;
+--------------------+--------+--------------------+
; clk                ; -3.000 ; -5.052             ;
; present_state.init ; 0.464  ; 0.000              ;
+--------------------+--------+--------------------+


+-----------------------------------------------------------------------------------------------------------------------------+
; Fast 1200mV 0C Model Setup: 'clk'                                                                                           ;
+-------+--------------------+--------------------+--------------------+-------------+--------------+------------+------------+
; Slack ; From Node          ; To Node            ; Launch Clock       ; Latch Clock ; Relationship ; Clock Skew ; Data Delay ;
+-------+--------------------+--------------------+--------------------+-------------+--------------+------------+------------+
; 0.166 ; present_state.init ; present_state.idle ; present_state.init ; clk         ; 0.500        ; 1.301      ; 1.727      ;
; 0.226 ; present_state.init ; present_state.init ; present_state.init ; clk         ; 0.500        ; 1.301      ; 1.667      ;
; 0.334 ; present_state.idle ; present_state.idle ; clk                ; clk         ; 1.000        ; -0.037     ; 0.616      ;
; 0.406 ; present_state.idle ; present_state.init ; clk                ; clk         ; 1.000        ; -0.037     ; 0.544      ;
; 0.723 ; present_state.init ; present_state.idle ; present_state.init ; clk         ; 1.000        ; 1.301      ; 1.670      ;
; 0.907 ; present_state.init ; present_state.init ; present_state.init ; clk         ; 1.000        ; 1.301      ; 1.486      ;
+-------+--------------------+--------------------+--------------------+-------------+--------------+------------+------------+


+------------------------------------------------------------------------------------------------------------------------------+
; Fast 1200mV 0C Model Hold: 'clk'                                                                                             ;
+--------+--------------------+--------------------+--------------------+-------------+--------------+------------+------------+
; Slack  ; From Node          ; To Node            ; Launch Clock       ; Latch Clock ; Relationship ; Clock Skew ; Data Delay ;
+--------+--------------------+--------------------+--------------------+-------------+--------------+------------+------------+
; -0.137 ; present_state.init ; present_state.init ; present_state.init ; clk         ; 0.000        ; 1.354      ; 1.426      ;
; -0.068 ; present_state.init ; present_state.idle ; present_state.init ; clk         ; 0.000        ; 1.354      ; 1.495      ;
; 0.376  ; present_state.idle ; present_state.init ; clk                ; clk         ; 0.000        ; 0.037      ; 0.497      ;
; 0.449  ; present_state.idle ; present_state.idle ; clk                ; clk         ; 0.000        ; 0.037      ; 0.570      ;
; 0.531  ; present_state.init ; present_state.init ; present_state.init ; clk         ; -0.500       ; 1.354      ; 1.594      ;
; 0.532  ; present_state.init ; present_state.idle ; present_state.init ; clk         ; -0.500       ; 1.354      ; 1.595      ;
+--------+--------------------+--------------------+--------------------+-------------+--------------+------------+------------+


+------------------------------------------------------------------------------------------------------------+
; Fast 1200mV 0C Model Minimum Pulse Width: 'clk'                                                            ;
+--------+--------------+----------------+------------------+-------+------------+---------------------------+
; Slack  ; Actual Width ; Required Width ; Type             ; Clock ; Clock Edge ; Target                    ;
+--------+--------------+----------------+------------------+-------+------------+---------------------------+
; -3.000 ; 1.000        ; 4.000          ; Port Rate        ; clk   ; Rise       ; clk                       ;
; -1.000 ; 1.000        ; 2.000          ; Min Period       ; clk   ; Rise       ; present_state.idle        ;
; -1.000 ; 1.000        ; 2.000          ; Min Period       ; clk   ; Rise       ; present_state.init        ;
; -0.026 ; 0.158        ; 0.184          ; Low Pulse Width  ; clk   ; Rise       ; present_state.idle        ;
; -0.026 ; 0.158        ; 0.184          ; Low Pulse Width  ; clk   ; Rise       ; present_state.init        ;
; 0.125  ; 0.125        ; 0.000          ; Low Pulse Width  ; clk   ; Rise       ; clk~input|o               ;
; 0.139  ; 0.139        ; 0.000          ; Low Pulse Width  ; clk   ; Rise       ; clk~inputclkctrl|inclk[0] ;
; 0.139  ; 0.139        ; 0.000          ; Low Pulse Width  ; clk   ; Rise       ; clk~inputclkctrl|outclk   ;
; 0.153  ; 0.153        ; 0.000          ; Low Pulse Width  ; clk   ; Rise       ; present_state.idle|clk    ;
; 0.153  ; 0.153        ; 0.000          ; Low Pulse Width  ; clk   ; Rise       ; present_state.init|clk    ;
; 0.500  ; 0.500        ; 0.000          ; High Pulse Width ; clk   ; Rise       ; clk~input|i               ;
; 0.500  ; 0.500        ; 0.000          ; Low Pulse Width  ; clk   ; Rise       ; clk~input|i               ;
; 0.625  ; 0.841        ; 0.216          ; High Pulse Width ; clk   ; Rise       ; present_state.idle        ;
; 0.625  ; 0.841        ; 0.216          ; High Pulse Width ; clk   ; Rise       ; present_state.init        ;
; 0.846  ; 0.846        ; 0.000          ; High Pulse Width ; clk   ; Rise       ; present_state.idle|clk    ;
; 0.846  ; 0.846        ; 0.000          ; High Pulse Width ; clk   ; Rise       ; present_state.init|clk    ;
; 0.861  ; 0.861        ; 0.000          ; High Pulse Width ; clk   ; Rise       ; clk~inputclkctrl|inclk[0] ;
; 0.861  ; 0.861        ; 0.000          ; High Pulse Width ; clk   ; Rise       ; clk~inputclkctrl|outclk   ;
; 0.875  ; 0.875        ; 0.000          ; High Pulse Width ; clk   ; Rise       ; clk~input|o               ;
+--------+--------------+----------------+------------------+-------+------------+---------------------------+


+-------------------------------------------------------------------------------------------------------------------+
; Fast 1200mV 0C Model Minimum Pulse Width: 'present_state.init'                                                    ;
+-------+--------------+----------------+------------------+--------------------+------------+----------------------+
; Slack ; Actual Width ; Required Width ; Type             ; Clock              ; Clock Edge ; Target               ;
+-------+--------------+----------------+------------------+--------------------+------------+----------------------+
; 0.464 ; 0.464        ; 0.000          ; Low Pulse Width  ; present_state.init ; Rise       ; mee_out$latch|datad  ;
; 0.469 ; 0.469        ; 0.000          ; High Pulse Width ; present_state.init ; Fall       ; mee_out$latch        ;
; 0.500 ; 0.500        ; 0.000          ; High Pulse Width ; present_state.init ; Rise       ; present_state.init|q ;
; 0.500 ; 0.500        ; 0.000          ; Low Pulse Width  ; present_state.init ; Rise       ; present_state.init|q ;
; 0.531 ; 0.531        ; 0.000          ; Low Pulse Width  ; present_state.init ; Fall       ; mee_out$latch        ;
; 0.535 ; 0.535        ; 0.000          ; High Pulse Width ; present_state.init ; Rise       ; mee_out$latch|datad  ;
+-------+--------------+----------------+------------------+--------------------+------------+----------------------+


+----------------------------------------------------------------------------------+
; Setup Times                                                                      ;
+-----------+--------------------+-------+-------+------------+--------------------+
; Data Port ; Clock Port         ; Rise  ; Fall  ; Clock Edge ; Clock Reference    ;
+-----------+--------------------+-------+-------+------------+--------------------+
; a         ; clk                ; 1.849 ; 2.376 ; Rise       ; clk                ;
; b         ; clk                ; 1.802 ; 2.304 ; Rise       ; clk                ;
; reset     ; clk                ; 1.220 ; 1.802 ; Rise       ; clk                ;
; a         ; present_state.init ; 2.768 ; 3.380 ; Fall       ; present_state.init ;
; b         ; present_state.init ; 2.776 ; 3.393 ; Fall       ; present_state.init ;
+-----------+--------------------+-------+-------+------------+--------------------+


+------------------------------------------------------------------------------------+
; Hold Times                                                                         ;
+-----------+--------------------+--------+--------+------------+--------------------+
; Data Port ; Clock Port         ; Rise   ; Fall   ; Clock Edge ; Clock Reference    ;
+-----------+--------------------+--------+--------+------------+--------------------+
; a         ; clk                ; -1.573 ; -2.092 ; Rise       ; clk                ;
; b         ; clk                ; -0.845 ; -1.411 ; Rise       ; clk                ;
; reset     ; clk                ; -0.883 ; -1.474 ; Rise       ; clk                ;
; a         ; present_state.init ; -2.324 ; -2.916 ; Fall       ; present_state.init ;
; b         ; present_state.init ; -2.326 ; -2.909 ; Fall       ; present_state.init ;
+-----------+--------------------+--------+--------+------------+--------------------+


+----------------------------------------------------------------------------------+
; Clock to Output Times                                                            ;
+-----------+--------------------+-------+-------+------------+--------------------+
; Data Port ; Clock Port         ; Rise  ; Fall  ; Clock Edge ; Clock Reference    ;
+-----------+--------------------+-------+-------+------------+--------------------+
; moo_out   ; clk                ; 3.286 ; 3.297 ; Rise       ; clk                ;
; mee_out   ; present_state.init ; 2.667 ; 2.675 ; Fall       ; present_state.init ;
+-----------+--------------------+-------+-------+------------+--------------------+


+----------------------------------------------------------------------------------+
; Minimum Clock to Output Times                                                    ;
+-----------+--------------------+-------+-------+------------+--------------------+
; Data Port ; Clock Port         ; Rise  ; Fall  ; Clock Edge ; Clock Reference    ;
+-----------+--------------------+-------+-------+------------+--------------------+
; moo_out   ; clk                ; 3.177 ; 3.187 ; Rise       ; clk                ;
; mee_out   ; present_state.init ; 2.604 ; 2.612 ; Fall       ; present_state.init ;
+-----------+--------------------+-------+-------+------------+--------------------+


---------------------------------------------
; Fast 1200mV 0C Model Metastability Report ;
---------------------------------------------
No synchronizer chains to report.


+----------------------------------------------------------------------------------+
; Multicorner Timing Analysis Summary                                              ;
+---------------------+--------+--------+----------+---------+---------------------+
; Clock               ; Setup  ; Hold   ; Recovery ; Removal ; Minimum Pulse Width ;
+---------------------+--------+--------+----------+---------+---------------------+
; Worst-case Slack    ; -0.228 ; -0.137 ; N/A      ; N/A     ; -3.000              ;
;  clk                ; -0.228 ; -0.137 ; N/A      ; N/A     ; -3.000              ;
;  present_state.init ; N/A    ; N/A    ; N/A      ; N/A     ; 0.434               ;
; Design-wide TNS     ; -0.317 ; -0.205 ; 0.0      ; 0.0     ; -5.052              ;
;  clk                ; -0.317 ; -0.205 ; N/A      ; N/A     ; -5.052              ;
;  present_state.init ; N/A    ; N/A    ; N/A      ; N/A     ; 0.000               ;
+---------------------+--------+--------+----------+---------+---------------------+


+----------------------------------------------------------------------------------+
; Setup Times                                                                      ;
+-----------+--------------------+-------+-------+------------+--------------------+
; Data Port ; Clock Port         ; Rise  ; Fall  ; Clock Edge ; Clock Reference    ;
+-----------+--------------------+-------+-------+------------+--------------------+
; a         ; clk                ; 3.301 ; 3.757 ; Rise       ; clk                ;
; b         ; clk                ; 3.221 ; 3.655 ; Rise       ; clk                ;
; reset     ; clk                ; 2.235 ; 2.691 ; Rise       ; clk                ;
; a         ; present_state.init ; 4.963 ; 5.383 ; Fall       ; present_state.init ;
; b         ; present_state.init ; 4.979 ; 5.421 ; Fall       ; present_state.init ;
+-----------+--------------------+-------+-------+------------+--------------------+


+------------------------------------------------------------------------------------+
; Hold Times                                                                         ;
+-----------+--------------------+--------+--------+------------+--------------------+
; Data Port ; Clock Port         ; Rise   ; Fall   ; Clock Edge ; Clock Reference    ;
+-----------+--------------------+--------+--------+------------+--------------------+
; a         ; clk                ; -1.573 ; -2.092 ; Rise       ; clk                ;
; b         ; clk                ; -0.845 ; -1.411 ; Rise       ; clk                ;
; reset     ; clk                ; -0.883 ; -1.474 ; Rise       ; clk                ;
; a         ; present_state.init ; -2.324 ; -2.916 ; Fall       ; present_state.init ;
; b         ; present_state.init ; -2.326 ; -2.909 ; Fall       ; present_state.init ;
+-----------+--------------------+--------+--------+------------+--------------------+


+----------------------------------------------------------------------------------+
; Clock to Output Times                                                            ;
+-----------+--------------------+-------+-------+------------+--------------------+
; Data Port ; Clock Port         ; Rise  ; Fall  ; Clock Edge ; Clock Reference    ;
+-----------+--------------------+-------+-------+------------+--------------------+
; moo_out   ; clk                ; 5.628 ; 5.554 ; Rise       ; clk                ;
; mee_out   ; present_state.init ; 4.299 ; 4.239 ; Fall       ; present_state.init ;
+-----------+--------------------+-------+-------+------------+--------------------+


+----------------------------------------------------------------------------------+
; Minimum Clock to Output Times                                                    ;
+-----------+--------------------+-------+-------+------------+--------------------+
; Data Port ; Clock Port         ; Rise  ; Fall  ; Clock Edge ; Clock Reference    ;
+-----------+--------------------+-------+-------+------------+--------------------+
; moo_out   ; clk                ; 3.177 ; 3.187 ; Rise       ; clk                ;
; mee_out   ; present_state.init ; 2.604 ; 2.612 ; Fall       ; present_state.init ;
+-----------+--------------------+-------+-------+------------+--------------------+


+------------------------------------------------------------------------------------------------------------------------------------------------------------------------------------------------------------------------------------------------------------------------------------------------------------------------------------------------------------------------------------------------------------------+
; Board Trace Model Assignments                                                                                                                                                                                                                                                                                                                                                                                    ;
+---------------+--------------+-------------------+-------------------------+-------------------------+---------------+---------------------+----------------+------------------+--------+------------------+------------------------+------------------------+--------------+---------------+-----------------+-------+---------------------+--------------------+---------------+-----------------+-------------+
; Pin           ; I/O Standard ; Near Tline Length ; Near Tline L per Length ; Near Tline C per Length ; Near Series R ; Near Differential R ; Near Pull-up R ; Near Pull-down R ; Near C ; Far Tline Length ; Far Tline L per Length ; Far Tline C per Length ; Far Series R ; Far Pull-up R ; Far Pull-down R ; Far C ; Termination Voltage ; Far Differential R ; EBD File Name ; EBD Signal Name ; EBD Far-end ;
+---------------+--------------+-------------------+-------------------------+-------------------------+---------------+---------------------+----------------+------------------+--------+------------------+------------------------+------------------------+--------------+---------------+-----------------+-------+---------------------+--------------------+---------------+-----------------+-------------+
; mee_out       ; 2.5 V        ; 0 in              ; 0 H/in                  ; 0 F/in                  ; short         ; -                   ; open           ; open             ; open   ; 0 in             ; 0 H/in                 ; 0 F/in                 ; short        ; open          ; open            ; open  ; 0 V                 ; -                  ; n/a           ; n/a             ; n/a         ;
; moo_out       ; 2.5 V        ; 0 in              ; 0 H/in                  ; 0 F/in                  ; short         ; -                   ; open           ; open             ; open   ; 0 in             ; 0 H/in                 ; 0 F/in                 ; short        ; open          ; open            ; open  ; 0 V                 ; -                  ; n/a           ; n/a             ; n/a         ;
; ~ALTERA_NCEO~ ; 2.5 V        ; 0 in              ; 0 H/in                  ; 0 F/in                  ; short         ; -                   ; open           ; open             ; open   ; 0 in             ; 0 H/in                 ; 0 F/in                 ; short        ; open          ; open            ; open  ; 0 V                 ; -                  ; n/a           ; n/a             ; n/a         ;
; ~ALTERA_DCLK~ ; 2.5 V        ; 0 in              ; 0 H/in                  ; 0 F/in                  ; short         ; -                   ; open           ; open             ; open   ; 0 in             ; 0 H/in                 ; 0 F/in                 ; short        ; open          ; open            ; open  ; 0 V                 ; -                  ; n/a           ; n/a             ; n/a         ;
+---------------+--------------+-------------------+-------------------------+-------------------------+---------------+---------------------+----------------+------------------+--------+------------------+------------------------+------------------------+--------------+---------------+-----------------+-------+---------------------+--------------------+---------------+-----------------+-------------+


+-------------------------------------------------------------------+
; Input Transition Times                                            ;
+----------------+--------------+-----------------+-----------------+
; Pin            ; I/O Standard ; 10-90 Rise Time ; 90-10 Fall Time ;
+----------------+--------------+-----------------+-----------------+
; a              ; 2.5 V        ; 2000 ps         ; 2000 ps         ;
; b              ; 2.5 V        ; 2000 ps         ; 2000 ps         ;
; reset          ; 2.5 V        ; 2000 ps         ; 2000 ps         ;
; clk            ; 2.5 V        ; 2000 ps         ; 2000 ps         ;
; ~ALTERA_DATA0~ ; 2.5 V        ; 2000 ps         ; 2000 ps         ;
; ~ALTERA_ASDO~  ; 2.5 V        ; 2000 ps         ; 2000 ps         ;
; ~ALTERA_NCSO~  ; 2.5 V        ; 2000 ps         ; 2000 ps         ;
+----------------+--------------+-----------------+-----------------+


+--------------------------------------------------------------------------------------------------------------------------------------------------------------------------------------------------------------------------------------------------------------------------------------------------------------------------------------------------------------------------------------------------------------------------------------------------------------------------------------------------------------------------------------------------------------------------------------------------------------------------------------------------------------------------------------------+
; Signal Integrity Metrics (Slow 1200mv 0c Model)                                                                                                                                                                                                                                                                                                                                                                                                                                                                                                                                                                                                                                            ;
+---------------+--------------+---------------------+---------------------+------------------------------+------------------------------+---------------------+---------------------+--------------------------------------+--------------------------------------+-----------------------------+-----------------------------+----------------------------+----------------------------+-----------------------------+-----------------------------+--------------------+--------------------+-------------------------------------+-------------------------------------+----------------------------+----------------------------+---------------------------+---------------------------+
; Pin           ; I/O Standard ; Board Delay on Rise ; Board Delay on Fall ; Steady State Voh at FPGA Pin ; Steady State Vol at FPGA Pin ; Voh Max at FPGA Pin ; Vol Min at FPGA Pin ; Ringback Voltage on Rise at FPGA Pin ; Ringback Voltage on Fall at FPGA Pin ; 10-90 Rise Time at FPGA Pin ; 90-10 Fall Time at FPGA Pin ; Monotonic Rise at FPGA Pin ; Monotonic Fall at FPGA Pin ; Steady State Voh at Far-end ; Steady State Vol at Far-end ; Voh Max at Far-end ; Vol Min at Far-end ; Ringback Voltage on Rise at Far-end ; Ringback Voltage on Fall at Far-end ; 10-90 Rise Time at Far-end ; 90-10 Fall Time at Far-end ; Monotonic Rise at Far-end ; Monotonic Fall at Far-end ;
+---------------+--------------+---------------------+---------------------+------------------------------+------------------------------+---------------------+---------------------+--------------------------------------+--------------------------------------+-----------------------------+-----------------------------+----------------------------+----------------------------+-----------------------------+-----------------------------+--------------------+--------------------+-------------------------------------+-------------------------------------+----------------------------+----------------------------+---------------------------+---------------------------+
; mee_out       ; 2.5 V        ; 0 s                 ; 0 s                 ; 2.32 V                       ; 7.29e-09 V                   ; 2.34 V              ; -0.00668 V          ; 0.218 V                              ; 0.076 V                              ; 1.92e-09 s                  ; 1.81e-09 s                  ; No                         ; Yes                        ; 2.32 V                      ; 7.29e-09 V                  ; 2.34 V             ; -0.00668 V         ; 0.218 V                             ; 0.076 V                             ; 1.92e-09 s                 ; 1.81e-09 s                 ; No                        ; Yes                       ;
; moo_out       ; 2.5 V        ; 0 s                 ; 0 s                 ; 2.32 V                       ; 7.29e-09 V                   ; 2.39 V              ; -0.00339 V          ; 0.206 V                              ; 0.007 V                              ; 2.77e-10 s                  ; 3.24e-10 s                  ; Yes                        ; Yes                        ; 2.32 V                      ; 7.29e-09 V                  ; 2.39 V             ; -0.00339 V         ; 0.206 V                             ; 0.007 V                             ; 2.77e-10 s                 ; 3.24e-10 s                 ; Yes                       ; Yes                       ;
; ~ALTERA_NCEO~ ; 2.5 V        ; 0 s                 ; 0 s                 ; 2.32 V                       ; 4.76e-09 V                   ; 2.4 V               ; -0.034 V            ; 0.102 V                              ; 0.065 V                              ; 2.49e-10 s                  ; 3.49e-10 s                  ; Yes                        ; Yes                        ; 2.32 V                      ; 4.76e-09 V                  ; 2.4 V              ; -0.034 V           ; 0.102 V                             ; 0.065 V                             ; 2.49e-10 s                 ; 3.49e-10 s                 ; Yes                       ; Yes                       ;
; ~ALTERA_DCLK~ ; 2.5 V        ; 0 s                 ; 0 s                 ; 2.32 V                       ; 5.94e-09 V                   ; 2.39 V              ; -0.0344 V           ; 0.156 V                              ; 0.089 V                              ; 2.68e-10 s                  ; 2.6e-10 s                   ; Yes                        ; Yes                        ; 2.32 V                      ; 5.94e-09 V                  ; 2.39 V             ; -0.0344 V          ; 0.156 V                             ; 0.089 V                             ; 2.68e-10 s                 ; 2.6e-10 s                  ; Yes                       ; Yes                       ;
+---------------+--------------+---------------------+---------------------+------------------------------+------------------------------+---------------------+---------------------+--------------------------------------+--------------------------------------+-----------------------------+-----------------------------+----------------------------+----------------------------+-----------------------------+-----------------------------+--------------------+--------------------+-------------------------------------+-------------------------------------+----------------------------+----------------------------+---------------------------+---------------------------+


+--------------------------------------------------------------------------------------------------------------------------------------------------------------------------------------------------------------------------------------------------------------------------------------------------------------------------------------------------------------------------------------------------------------------------------------------------------------------------------------------------------------------------------------------------------------------------------------------------------------------------------------------------------------------------------------------+
; Signal Integrity Metrics (Slow 1200mv 85c Model)                                                                                                                                                                                                                                                                                                                                                                                                                                                                                                                                                                                                                                           ;
+---------------+--------------+---------------------+---------------------+------------------------------+------------------------------+---------------------+---------------------+--------------------------------------+--------------------------------------+-----------------------------+-----------------------------+----------------------------+----------------------------+-----------------------------+-----------------------------+--------------------+--------------------+-------------------------------------+-------------------------------------+----------------------------+----------------------------+---------------------------+---------------------------+
; Pin           ; I/O Standard ; Board Delay on Rise ; Board Delay on Fall ; Steady State Voh at FPGA Pin ; Steady State Vol at FPGA Pin ; Voh Max at FPGA Pin ; Vol Min at FPGA Pin ; Ringback Voltage on Rise at FPGA Pin ; Ringback Voltage on Fall at FPGA Pin ; 10-90 Rise Time at FPGA Pin ; 90-10 Fall Time at FPGA Pin ; Monotonic Rise at FPGA Pin ; Monotonic Fall at FPGA Pin ; Steady State Voh at Far-end ; Steady State Vol at Far-end ; Voh Max at Far-end ; Vol Min at Far-end ; Ringback Voltage on Rise at Far-end ; Ringback Voltage on Fall at Far-end ; 10-90 Rise Time at Far-end ; 90-10 Fall Time at Far-end ; Monotonic Rise at Far-end ; Monotonic Fall at Far-end ;
+---------------+--------------+---------------------+---------------------+------------------------------+------------------------------+---------------------+---------------------+--------------------------------------+--------------------------------------+-----------------------------+-----------------------------+----------------------------+----------------------------+-----------------------------+-----------------------------+--------------------+--------------------+-------------------------------------+-------------------------------------+----------------------------+----------------------------+---------------------------+---------------------------+
; mee_out       ; 2.5 V        ; 0 s                 ; 0 s                 ; 2.32 V                       ; 1.21e-06 V                   ; 2.33 V              ; -0.00286 V          ; 0.193 V                              ; 0.042 V                              ; 2.32e-09 s                  ; 2.21e-09 s                  ; Yes                        ; Yes                        ; 2.32 V                      ; 1.21e-06 V                  ; 2.33 V             ; -0.00286 V         ; 0.193 V                             ; 0.042 V                             ; 2.32e-09 s                 ; 2.21e-09 s                 ; Yes                       ; Yes                       ;
; moo_out       ; 2.5 V        ; 0 s                 ; 0 s                 ; 2.32 V                       ; 1.21e-06 V                   ; 2.37 V              ; -0.00606 V          ; 0.107 V                              ; 0.021 V                              ; 4.26e-10 s                  ; 4.03e-10 s                  ; Yes                        ; Yes                        ; 2.32 V                      ; 1.21e-06 V                  ; 2.37 V             ; -0.00606 V         ; 0.107 V                             ; 0.021 V                             ; 4.26e-10 s                 ; 4.03e-10 s                 ; Yes                       ; Yes                       ;
; ~ALTERA_NCEO~ ; 2.5 V        ; 0 s                 ; 0 s                 ; 2.32 V                       ; 7.93e-07 V                   ; 2.37 V              ; -0.0278 V           ; 0.106 V                              ; 0.115 V                              ; 2.69e-10 s                  ; 4.05e-10 s                  ; Yes                        ; Yes                        ; 2.32 V                      ; 7.93e-07 V                  ; 2.37 V             ; -0.0278 V          ; 0.106 V                             ; 0.115 V                             ; 2.69e-10 s                 ; 4.05e-10 s                 ; Yes                       ; Yes                       ;
; ~ALTERA_DCLK~ ; 2.5 V        ; 0 s                 ; 0 s                 ; 2.32 V                       ; 9.76e-07 V                   ; 2.36 V              ; -0.00439 V          ; 0.088 V                              ; 0.007 V                              ; 4.05e-10 s                  ; 3.35e-10 s                  ; Yes                        ; Yes                        ; 2.32 V                      ; 9.76e-07 V                  ; 2.36 V             ; -0.00439 V         ; 0.088 V                             ; 0.007 V                             ; 4.05e-10 s                 ; 3.35e-10 s                 ; Yes                       ; Yes                       ;
+---------------+--------------+---------------------+---------------------+------------------------------+------------------------------+---------------------+---------------------+--------------------------------------+--------------------------------------+-----------------------------+-----------------------------+----------------------------+----------------------------+-----------------------------+-----------------------------+--------------------+--------------------+-------------------------------------+-------------------------------------+----------------------------+----------------------------+---------------------------+---------------------------+


+--------------------------------------------------------------------------------------------------------------------------------------------------------------------------------------------------------------------------------------------------------------------------------------------------------------------------------------------------------------------------------------------------------------------------------------------------------------------------------------------------------------------------------------------------------------------------------------------------------------------------------------------------------------------------------------------+
; Signal Integrity Metrics (Fast 1200mv 0c Model)                                                                                                                                                                                                                                                                                                                                                                                                                                                                                                                                                                                                                                            ;
+---------------+--------------+---------------------+---------------------+------------------------------+------------------------------+---------------------+---------------------+--------------------------------------+--------------------------------------+-----------------------------+-----------------------------+----------------------------+----------------------------+-----------------------------+-----------------------------+--------------------+--------------------+-------------------------------------+-------------------------------------+----------------------------+----------------------------+---------------------------+---------------------------+
; Pin           ; I/O Standard ; Board Delay on Rise ; Board Delay on Fall ; Steady State Voh at FPGA Pin ; Steady State Vol at FPGA Pin ; Voh Max at FPGA Pin ; Vol Min at FPGA Pin ; Ringback Voltage on Rise at FPGA Pin ; Ringback Voltage on Fall at FPGA Pin ; 10-90 Rise Time at FPGA Pin ; 90-10 Fall Time at FPGA Pin ; Monotonic Rise at FPGA Pin ; Monotonic Fall at FPGA Pin ; Steady State Voh at Far-end ; Steady State Vol at Far-end ; Voh Max at Far-end ; Vol Min at Far-end ; Ringback Voltage on Rise at Far-end ; Ringback Voltage on Fall at Far-end ; 10-90 Rise Time at Far-end ; 90-10 Fall Time at Far-end ; Monotonic Rise at Far-end ; Monotonic Fall at Far-end ;
+---------------+--------------+---------------------+---------------------+------------------------------+------------------------------+---------------------+---------------------+--------------------------------------+--------------------------------------+-----------------------------+-----------------------------+----------------------------+----------------------------+-----------------------------+-----------------------------+--------------------+--------------------+-------------------------------------+-------------------------------------+----------------------------+----------------------------+---------------------------+---------------------------+
; mee_out       ; 2.5 V        ; 0 s                 ; 0 s                 ; 2.62 V                       ; 4.66e-08 V                   ; 2.65 V              ; -0.0115 V           ; 0.219 V                              ; 0.115 V                              ; 1.64e-09 s                  ; 1.57e-09 s                  ; No                         ; Yes                        ; 2.62 V                      ; 4.66e-08 V                  ; 2.65 V             ; -0.0115 V          ; 0.219 V                             ; 0.115 V                             ; 1.64e-09 s                 ; 1.57e-09 s                 ; No                        ; Yes                       ;
; moo_out       ; 2.5 V        ; 0 s                 ; 0 s                 ; 2.62 V                       ; 4.66e-08 V                   ; 2.73 V              ; -0.0205 V           ; 0.17 V                               ; 0.027 V                              ; 2.58e-10 s                  ; 2.57e-10 s                  ; Yes                        ; Yes                        ; 2.62 V                      ; 4.66e-08 V                  ; 2.73 V             ; -0.0205 V          ; 0.17 V                              ; 0.027 V                             ; 2.58e-10 s                 ; 2.57e-10 s                 ; Yes                       ; Yes                       ;
; ~ALTERA_NCEO~ ; 2.5 V        ; 0 s                 ; 0 s                 ; 2.62 V                       ; 3.06e-08 V                   ; 2.86 V              ; -0.0341 V           ; 0.364 V                              ; 0.046 V                              ; 1.17e-10 s                  ; 2.6e-10 s                   ; No                         ; Yes                        ; 2.62 V                      ; 3.06e-08 V                  ; 2.86 V             ; -0.0341 V          ; 0.364 V                             ; 0.046 V                             ; 1.17e-10 s                 ; 2.6e-10 s                  ; No                        ; Yes                       ;
; ~ALTERA_DCLK~ ; 2.5 V        ; 0 s                 ; 0 s                 ; 2.62 V                       ; 3.81e-08 V                   ; 2.72 V              ; -0.0542 V           ; 0.144 V                              ; 0.087 V                              ; 2.55e-10 s                  ; 2.14e-10 s                  ; Yes                        ; Yes                        ; 2.62 V                      ; 3.81e-08 V                  ; 2.72 V             ; -0.0542 V          ; 0.144 V                             ; 0.087 V                             ; 2.55e-10 s                 ; 2.14e-10 s                 ; Yes                       ; Yes                       ;
+---------------+--------------+---------------------+---------------------+------------------------------+------------------------------+---------------------+---------------------+--------------------------------------+--------------------------------------+-----------------------------+-----------------------------+----------------------------+----------------------------+-----------------------------+-----------------------------+--------------------+--------------------+-------------------------------------+-------------------------------------+----------------------------+----------------------------+---------------------------+---------------------------+


+---------------------------------------------------------------------------+
; Setup Transfers                                                           ;
+--------------------+----------+----------+----------+----------+----------+
; From Clock         ; To Clock ; RR Paths ; FR Paths ; RF Paths ; FF Paths ;
+--------------------+----------+----------+----------+----------+----------+
; clk                ; clk      ; 2        ; 0        ; 0        ; 0        ;
; present_state.init ; clk      ; 3        ; 3        ; 0        ; 0        ;
+--------------------+----------+----------+----------+----------+----------+
Entries labeled "false path" only account for clock-to-clock false paths and not path-based false paths. As a result, actual path counts may be lower than reported.


+---------------------------------------------------------------------------+
; Hold Transfers                                                            ;
+--------------------+----------+----------+----------+----------+----------+
; From Clock         ; To Clock ; RR Paths ; FR Paths ; RF Paths ; FF Paths ;
+--------------------+----------+----------+----------+----------+----------+
; clk                ; clk      ; 2        ; 0        ; 0        ; 0        ;
; present_state.init ; clk      ; 3        ; 3        ; 0        ; 0        ;
+--------------------+----------+----------+----------+----------+----------+
Entries labeled "false path" only account for clock-to-clock false paths and not path-based false paths. As a result, actual path counts may be lower than reported.


---------------
; Report TCCS ;
---------------
No dedicated SERDES Transmitter circuitry present in device or used in design


---------------
; Report RSKM ;
---------------
No dedicated SERDES Receiver circuitry present in device or used in design


+------------------------------------------------+
; Unconstrained Paths                            ;
+---------------------------------+-------+------+
; Property                        ; Setup ; Hold ;
+---------------------------------+-------+------+
; Illegal Clocks                  ; 0     ; 0    ;
; Unconstrained Clocks            ; 0     ; 0    ;
; Unconstrained Input Ports       ; 3     ; 3    ;
; Unconstrained Input Port Paths  ; 7     ; 7    ;
; Unconstrained Output Ports      ; 2     ; 2    ;
; Unconstrained Output Port Paths ; 2     ; 2    ;
+---------------------------------+-------+------+


+------------------------------------+
; TimeQuest Timing Analyzer Messages ;
+------------------------------------+
Info: *******************************************************************
Info: Running Quartus II 64-Bit TimeQuest Timing Analyzer
    Info: Version 13.0.1 Build 232 06/12/2013 Service Pack 1 SJ Web Edition
    Info: Processing started: Thu Dec 01 10:08:05 2022
Info: Command: quartus_sta exercise7 -c exercise7
Info: qsta_default_script.tcl version: #1
Warning (20028): Parallel compilation is not licensed and has been disabled
Info (21076): High junction temperature operating condition is not set. Assuming a default value of '85'.
Info (21076): Low junction temperature operating condition is not set. Assuming a default value of '0'.
Warning (335093): TimeQuest Timing Analyzer is analyzing 1 combinational loops as latches.
Critical Warning (332012): Synopsys Design Constraints File file not found: 'exercise7.sdc'. A Synopsys Design Constraints File is required by the TimeQuest Timing Analyzer to get proper timing constraints. Without it, the Compiler will not properly optimize the design.
Info (332142): No user constrained base clocks found in the design. Calling "derive_clocks -period 1.0"
Info (332105): Deriving Clocks
    Info (332105): create_clock -period 1.000 -name clk clk
    Info (332105): create_clock -period 1.000 -name present_state.init present_state.init
Info (332143): No user constrained clock uncertainty found in the design. Calling "derive_clock_uncertainty"
Info (332123): Deriving Clock Uncertainty. Please refer to report_sdc in TimeQuest to see clock uncertainties.
Info: Found TIMEQUEST_REPORT_SCRIPT_INCLUDE_DEFAULT_ANALYSIS = ON
Info: Analyzing Slow 1200mV 85C Model
Critical Warning (332148): Timing requirements not met
    Info (11105): For recommendations on closing timing, run Report Timing Closure Recommendations in the TimeQuest Timing Analyzer.
Info (332146): Worst-case setup slack is -0.228
    Info (332119):     Slack End Point TNS Clock 
    Info (332119): ========= ============= =====================
    Info (332119):    -0.228        -0.317 clk 
Info (332146): Worst-case hold slack is -0.102
    Info (332119):     Slack End Point TNS Clock 
    Info (332119): ========= ============= =====================
    Info (332119):    -0.102        -0.102 clk 
Info (332140): No Recovery paths to report
Info (332140): No Removal paths to report
Info (332146): Worst-case minimum pulse width slack is -3.000
    Info (332119):     Slack End Point TNS Clock 
    Info (332119): ========= ============= =====================
    Info (332119):    -3.000        -5.000 clk 
    Info (332119):     0.434         0.000 present_state.init 
Info: Analyzing Slow 1200mV 0C Model
Info (334003): Started post-fitting delay annotation
Info (334004): Delay annotation completed successfully
Info (332123): Deriving Clock Uncertainty. Please refer to report_sdc in TimeQuest to see clock uncertainties.
Critical Warning (332148): Timing requirements not met
    Info (11105): For recommendations on closing timing, run Report Timing Closure Recommendations in the TimeQuest Timing Analyzer.
Info (332146): Worst-case setup slack is -0.106
    Info (332119):     Slack End Point TNS Clock 
    Info (332119): ========= ============= =====================
    Info (332119):    -0.106        -0.106 clk 
Info (332146): Worst-case hold slack is -0.058
    Info (332119):     Slack End Point TNS Clock 
    Info (332119): ========= ============= =====================
    Info (332119):    -0.058        -0.058 clk 
Info (332140): No Recovery paths to report
Info (332140): No Removal paths to report
Info (332146): Worst-case minimum pulse width slack is -3.000
    Info (332119):     Slack End Point TNS Clock 
    Info (332119): ========= ============= =====================
    Info (332119):    -3.000        -5.000 clk 
    Info (332119):     0.445         0.000 present_state.init 
Info: Analyzing Fast 1200mV 0C Model
Info (332123): Deriving Clock Uncertainty. Please refer to report_sdc in TimeQuest to see clock uncertainties.
Info (332146): Worst-case setup slack is 0.166
    Info (332119):     Slack End Point TNS Clock 
    Info (332119): ========= ============= =====================
    Info (332119):     0.166         0.000 clk 
Critical Warning (332148): Timing requirements not met
    Info (11105): For recommendations on closing timing, run Report Timing Closure Recommendations in the TimeQuest Timing Analyzer.
Info (332146): Worst-case hold slack is -0.137
    Info (332119):     Slack End Point TNS Clock 
    Info (332119): ========= ============= =====================
    Info (332119):    -0.137        -0.205 clk 
Info (332140): No Recovery paths to report
Info (332140): No Removal paths to report
Info (332146): Worst-case minimum pulse width slack is -3.000
    Info (332119):     Slack End Point TNS Clock 
    Info (332119): ========= ============= =====================
    Info (332119):    -3.000        -5.052 clk 
    Info (332119):     0.464         0.000 present_state.init 
Info (332102): Design is not fully constrained for setup requirements
Info (332102): Design is not fully constrained for hold requirements
Info: Quartus II 64-Bit TimeQuest Timing Analyzer was successful. 0 errors, 6 warnings
    Info: Peak virtual memory: 4608 megabytes
    Info: Processing ended: Thu Dec 01 10:08:08 2022
    Info: Elapsed time: 00:00:03
    Info: Total CPU time (on all processors): 00:00:02


