TimeQuest Timing Analyzer report for 7-bit
Tue Oct 11 13:54:31 2022
Quartus II 64-Bit Version 13.0.1 Build 232 06/12/2013 Service Pack 1 SJ Web Edition


---------------------
; Table of Contents ;
---------------------
  1. Legal Notice
  2. TimeQuest Timing Analyzer Summary
  3. Parallel Compilation
  4. Clocks
  5. Slow Model Fmax Summary
  6. Slow Model Setup Summary
  7. Slow Model Hold Summary
  8. Slow Model Recovery Summary
  9. Slow Model Removal Summary
 10. Slow Model Minimum Pulse Width Summary
 11. Propagation Delay
 12. Minimum Propagation Delay
 13. Fast Model Setup Summary
 14. Fast Model Hold Summary
 15. Fast Model Recovery Summary
 16. Fast Model Removal Summary
 17. Fast Model Minimum Pulse Width Summary
 18. Propagation Delay
 19. Minimum Propagation Delay
 20. Multicorner Timing Analysis Summary
 21. Progagation Delay
 22. Minimum Progagation Delay
 23. Clock Transfers
 24. Report TCCS
 25. Report RSKM
 26. Unconstrained Paths
 27. TimeQuest Timing Analyzer Messages



----------------
; Legal Notice ;
----------------
Copyright (C) 1991-2013 Altera Corporation
Your use of Altera Corporation's design tools, logic functions 
and other software and tools, and its AMPP partner logic 
functions, and any output files from any of the foregoing 
(including device programming or simulation files), and any 
associated documentation or information are expressly subject 
to the terms and conditions of the Altera Program License 
Subscription Agreement, Altera MegaCore Function License 
Agreement, or other applicable license agreement, including, 
without limitation, that your use is for the sole purpose of 
programming logic devices manufactured by Altera and sold by 
Altera or its authorized distributors.  Please refer to the 
applicable agreement for further details.



+----------------------------------------------------------------------------------------+
; TimeQuest Timing Analyzer Summary                                                      ;
+--------------------+-------------------------------------------------------------------+
; Quartus II Version ; Version 13.0.1 Build 232 06/12/2013 Service Pack 1 SJ Web Edition ;
; Revision Name      ; 7-bit                                                             ;
; Device Family      ; Cyclone II                                                        ;
; Device Name        ; EP2C35F672C6                                                      ;
; Timing Models      ; Final                                                             ;
; Delay Model        ; Combined                                                          ;
; Rise/Fall Delays   ; Unavailable                                                       ;
+--------------------+-------------------------------------------------------------------+


Parallel compilation was disabled, but you have multiple processors available. Enable parallel compilation to reduce compilation time.
+-------------------------------------+
; Parallel Compilation                ;
+----------------------------+--------+
; Processors                 ; Number ;
+----------------------------+--------+
; Number detected on machine ; 8      ;
; Maximum allowed            ; 1      ;
+----------------------------+--------+


----------
; Clocks ;
----------
No clocks to report.


---------------------------
; Slow Model Fmax Summary ;
---------------------------
No paths to report.


----------------------------
; Slow Model Setup Summary ;
----------------------------
No paths to report.


---------------------------
; Slow Model Hold Summary ;
---------------------------
No paths to report.


-------------------------------
; Slow Model Recovery Summary ;
-------------------------------
No paths to report.


------------------------------
; Slow Model Removal Summary ;
------------------------------
No paths to report.


------------------------------------------
; Slow Model Minimum Pulse Width Summary ;
------------------------------------------
No paths to report.


+--------------------------------------------------------------+
; Propagation Delay                                            ;
+------------+-------------+--------+--------+--------+--------+
; Input Port ; Output Port ; RR     ; RF     ; FR     ; FF     ;
+------------+-------------+--------+--------+--------+--------+
; KEY[0]     ; HEX0[0]     ; 12.280 ;        ;        ; 12.280 ;
; KEY[0]     ; HEX0[1]     ; 12.276 ;        ;        ; 12.276 ;
; KEY[0]     ; HEX0[2]     ; 12.270 ;        ;        ; 12.270 ;
; KEY[0]     ; HEX0[3]     ; 12.253 ;        ;        ; 12.253 ;
; KEY[0]     ; HEX0[4]     ; 12.247 ; 12.247 ; 12.247 ; 12.247 ;
; KEY[0]     ; HEX0[5]     ; 12.041 ;        ;        ; 12.041 ;
; KEY[0]     ; HEX0[6]     ; 12.026 ;        ;        ; 12.026 ;
; KEY[0]     ; HEX1[0]     ;        ; 11.484 ; 11.484 ;        ;
; KEY[0]     ; HEX1[1]     ; 11.482 ; 11.482 ; 11.482 ; 11.482 ;
; KEY[0]     ; HEX1[2]     ;        ; 11.089 ; 11.089 ;        ;
; KEY[0]     ; HEX1[3]     ; 11.042 ;        ;        ; 11.042 ;
; KEY[0]     ; HEX1[4]     ;        ; 11.103 ; 11.103 ;        ;
; KEY[0]     ; HEX1[5]     ;        ; 11.381 ; 11.381 ;        ;
; KEY[0]     ; HEX1[6]     ; 11.398 ;        ;        ; 11.398 ;
; KEY[0]     ; HEX2[0]     ;        ; 11.431 ; 11.431 ;        ;
; KEY[0]     ; HEX2[1]     ; 11.383 ; 11.383 ; 11.383 ; 11.383 ;
; KEY[0]     ; HEX2[2]     ; 11.421 ; 11.421 ; 11.421 ; 11.421 ;
; KEY[0]     ; HEX2[3]     ;        ; 11.484 ; 11.484 ;        ;
; KEY[0]     ; HEX2[4]     ;        ; 11.185 ; 11.185 ;        ;
; KEY[0]     ; HEX2[5]     ;        ; 11.369 ; 11.369 ;        ;
; KEY[0]     ; HEX2[6]     ; 11.176 ;        ;        ; 11.176 ;
; KEY[1]     ; HEX0[0]     ;        ; 11.181 ; 11.181 ;        ;
; KEY[1]     ; HEX0[1]     ; 11.324 ;        ;        ; 11.324 ;
; KEY[1]     ; HEX0[2]     ;        ; 11.319 ; 11.319 ;        ;
; KEY[1]     ; HEX0[3]     ; 11.157 ;        ;        ; 11.157 ;
; KEY[1]     ; HEX0[4]     ; 11.291 ; 11.291 ; 11.291 ; 11.291 ;
; KEY[1]     ; HEX0[5]     ; 10.945 ;        ;        ; 10.945 ;
; KEY[1]     ; HEX0[6]     ; 11.075 ;        ;        ; 11.075 ;
; KEY[1]     ; HEX1[0]     ;        ; 10.190 ; 10.190 ;        ;
; KEY[1]     ; HEX1[1]     ; 10.190 ; 10.190 ; 10.190 ; 10.190 ;
; KEY[1]     ; HEX1[2]     ;        ; 9.782  ; 9.782  ;        ;
; KEY[1]     ; HEX1[3]     ; 9.743  ;        ;        ; 9.743  ;
; KEY[1]     ; HEX1[4]     ; 9.812  ;        ;        ; 9.812  ;
; KEY[1]     ; HEX1[5]     ;        ; 10.081 ; 10.081 ;        ;
; KEY[1]     ; HEX1[6]     ; 10.091 ;        ;        ; 10.091 ;
; KEY[1]     ; HEX2[0]     ;        ; 10.266 ; 10.266 ;        ;
; KEY[1]     ; HEX2[1]     ; 10.219 ; 10.219 ; 10.219 ; 10.219 ;
; KEY[1]     ; HEX2[2]     ; 10.257 ; 10.257 ; 10.257 ; 10.257 ;
; KEY[1]     ; HEX2[3]     ;        ; 10.307 ; 10.307 ;        ;
; KEY[1]     ; HEX2[4]     ; 10.006 ;        ;        ; 10.006 ;
; KEY[1]     ; HEX2[5]     ;        ; 9.664  ; 9.664  ;        ;
; KEY[1]     ; HEX2[6]     ; 9.999  ;        ;        ; 9.999  ;
; SW[0]      ; HEX0[0]     ; 8.638  ; 8.638  ; 8.638  ; 8.638  ;
; SW[0]      ; HEX0[1]     ; 8.494  ; 8.494  ; 8.494  ; 8.494  ;
; SW[0]      ; HEX0[2]     ;        ; 8.429  ; 8.429  ;        ;
; SW[0]      ; HEX0[3]     ; 8.645  ; 8.645  ; 8.645  ; 8.645  ;
; SW[0]      ; HEX0[4]     ; 8.469  ;        ;        ; 8.469  ;
; SW[0]      ; HEX0[5]     ; 8.393  ;        ;        ; 8.393  ;
; SW[0]      ; HEX0[6]     ; 8.243  ; 8.243  ; 8.243  ; 8.243  ;
; SW[1]      ; HEX0[0]     ; 8.194  ; 8.194  ; 8.194  ; 8.194  ;
; SW[1]      ; HEX0[1]     ; 8.059  ; 8.059  ; 8.059  ; 8.059  ;
; SW[1]      ; HEX0[2]     ; 8.011  ;        ;        ; 8.011  ;
; SW[1]      ; HEX0[3]     ; 8.200  ; 8.200  ; 8.200  ; 8.200  ;
; SW[1]      ; HEX0[4]     ;        ; 8.033  ; 8.033  ;        ;
; SW[1]      ; HEX0[5]     ; 7.955  ; 7.955  ; 7.955  ; 7.955  ;
; SW[1]      ; HEX0[6]     ; 7.804  ; 7.804  ; 7.804  ; 7.804  ;
; SW[2]      ; HEX0[0]     ; 8.014  ; 8.014  ; 8.014  ; 8.014  ;
; SW[2]      ; HEX0[1]     ; 7.873  ;        ;        ; 7.873  ;
; SW[2]      ; HEX0[2]     ; 7.831  ; 7.831  ; 7.831  ; 7.831  ;
; SW[2]      ; HEX0[3]     ; 8.019  ; 8.019  ; 8.019  ; 8.019  ;
; SW[2]      ; HEX0[4]     ; 7.848  ; 7.848  ; 7.848  ; 7.848  ;
; SW[2]      ; HEX0[5]     ; 7.772  ; 7.772  ; 7.772  ; 7.772  ;
; SW[2]      ; HEX0[6]     ; 7.619  ; 7.619  ; 7.619  ; 7.619  ;
; SW[3]      ; HEX0[0]     ; 6.798  ; 6.798  ; 6.798  ; 6.798  ;
; SW[3]      ; HEX0[1]     ; 6.670  ; 6.670  ; 6.670  ; 6.670  ;
; SW[3]      ; HEX0[2]     ; 6.592  ; 6.592  ; 6.592  ; 6.592  ;
; SW[3]      ; HEX0[3]     ; 6.809  ; 6.809  ; 6.809  ; 6.809  ;
; SW[3]      ; HEX0[4]     ;        ; 6.644  ; 6.644  ;        ;
; SW[3]      ; HEX0[5]     ; 6.534  ; 6.534  ; 6.534  ; 6.534  ;
; SW[3]      ; HEX0[6]     ; 6.416  ; 6.416  ; 6.416  ; 6.416  ;
; SW[4]      ; HEX1[0]     ; 7.420  ; 7.420  ; 7.420  ; 7.420  ;
; SW[4]      ; HEX1[1]     ; 7.369  ; 7.369  ; 7.369  ; 7.369  ;
; SW[4]      ; HEX1[2]     ;        ; 6.994  ; 6.994  ;        ;
; SW[4]      ; HEX1[3]     ; 6.960  ; 6.960  ; 6.960  ; 6.960  ;
; SW[4]      ; HEX1[4]     ; 6.990  ;        ;        ; 6.990  ;
; SW[4]      ; HEX1[5]     ; 7.312  ;        ;        ; 7.312  ;
; SW[4]      ; HEX1[6]     ; 7.283  ; 7.283  ; 7.283  ; 7.283  ;
; SW[5]      ; HEX1[0]     ; 7.143  ; 7.143  ; 7.143  ; 7.143  ;
; SW[5]      ; HEX1[1]     ; 7.095  ; 7.095  ; 7.095  ; 7.095  ;
; SW[5]      ; HEX1[2]     ; 6.741  ;        ;        ; 6.741  ;
; SW[5]      ; HEX1[3]     ; 6.691  ; 6.691  ; 6.691  ; 6.691  ;
; SW[5]      ; HEX1[4]     ;        ; 6.719  ; 6.719  ;        ;
; SW[5]      ; HEX1[5]     ; 7.036  ; 7.036  ; 7.036  ; 7.036  ;
; SW[5]      ; HEX1[6]     ; 7.013  ; 7.013  ; 7.013  ; 7.013  ;
; SW[6]      ; HEX1[0]     ; 7.367  ; 7.367  ; 7.367  ; 7.367  ;
; SW[6]      ; HEX1[1]     ; 7.318  ;        ;        ; 7.318  ;
; SW[6]      ; HEX1[2]     ; 6.964  ; 6.964  ; 6.964  ; 6.964  ;
; SW[6]      ; HEX1[3]     ; 6.906  ; 6.906  ; 6.906  ; 6.906  ;
; SW[6]      ; HEX1[4]     ; 6.931  ; 6.931  ; 6.931  ; 6.931  ;
; SW[6]      ; HEX1[5]     ; 7.259  ; 7.259  ; 7.259  ; 7.259  ;
; SW[6]      ; HEX1[6]     ; 7.220  ; 7.220  ; 7.220  ; 7.220  ;
; SW[7]      ; HEX1[0]     ; 8.104  ; 8.104  ; 8.104  ; 8.104  ;
; SW[7]      ; HEX1[1]     ; 8.057  ; 8.057  ; 8.057  ; 8.057  ;
; SW[7]      ; HEX1[2]     ; 7.703  ; 7.703  ; 7.703  ; 7.703  ;
; SW[7]      ; HEX1[3]     ; 7.646  ; 7.646  ; 7.646  ; 7.646  ;
; SW[7]      ; HEX1[4]     ;        ; 7.672  ; 7.672  ;        ;
; SW[7]      ; HEX1[5]     ; 7.997  ; 7.997  ; 7.997  ; 7.997  ;
; SW[7]      ; HEX1[6]     ; 7.962  ; 7.962  ; 7.962  ; 7.962  ;
; SW[8]      ; HEX2[0]     ; 8.165  ; 8.165  ; 8.165  ; 8.165  ;
; SW[8]      ; HEX2[1]     ; 8.079  ; 8.079  ; 8.079  ; 8.079  ;
; SW[8]      ; HEX2[2]     ;        ; 7.958  ; 7.958  ;        ;
; SW[8]      ; HEX2[3]     ; 8.040  ; 8.040  ; 8.040  ; 8.040  ;
; SW[8]      ; HEX2[4]     ; 7.736  ;        ;        ; 7.736  ;
; SW[8]      ; HEX2[5]     ; 7.868  ;        ;        ; 7.868  ;
; SW[8]      ; HEX2[6]     ; 7.732  ; 7.732  ; 7.732  ; 7.732  ;
; SW[9]      ; HEX2[0]     ; 7.744  ; 7.744  ; 7.744  ; 7.744  ;
; SW[9]      ; HEX2[1]     ; 7.655  ; 7.655  ; 7.655  ; 7.655  ;
; SW[9]      ; HEX2[2]     ; 7.552  ;        ;        ; 7.552  ;
; SW[9]      ; HEX2[3]     ; 7.611  ; 7.611  ; 7.611  ; 7.611  ;
; SW[9]      ; HEX2[4]     ;        ; 7.311  ; 7.311  ;        ;
; SW[9]      ; HEX2[5]     ; 7.444  ; 7.444  ; 7.444  ; 7.444  ;
; SW[9]      ; HEX2[6]     ; 7.304  ; 7.304  ; 7.304  ; 7.304  ;
; SW[10]     ; HEX2[0]     ; 8.061  ; 8.061  ; 8.061  ; 8.061  ;
; SW[10]     ; HEX2[1]     ; 7.983  ;        ;        ; 7.983  ;
; SW[10]     ; HEX2[2]     ; 7.889  ; 7.889  ; 7.889  ; 7.889  ;
; SW[10]     ; HEX2[3]     ; 7.948  ; 7.948  ; 7.948  ; 7.948  ;
; SW[10]     ; HEX2[4]     ; 7.630  ; 7.630  ; 7.630  ; 7.630  ;
; SW[10]     ; HEX2[5]     ; 7.765  ; 7.765  ; 7.765  ; 7.765  ;
; SW[10]     ; HEX2[6]     ; 7.637  ; 7.637  ; 7.637  ; 7.637  ;
; SW[11]     ; HEX2[0]     ; 7.756  ; 7.756  ; 7.756  ; 7.756  ;
; SW[11]     ; HEX2[1]     ; 7.676  ; 7.676  ; 7.676  ; 7.676  ;
; SW[11]     ; HEX2[2]     ; 7.582  ; 7.582  ; 7.582  ; 7.582  ;
; SW[11]     ; HEX2[3]     ; 7.642  ; 7.642  ; 7.642  ; 7.642  ;
; SW[11]     ; HEX2[4]     ;        ; 7.325  ; 7.325  ;        ;
; SW[11]     ; HEX2[5]     ; 7.460  ; 7.460  ; 7.460  ; 7.460  ;
; SW[11]     ; HEX2[6]     ; 7.325  ; 7.325  ; 7.325  ; 7.325  ;
+------------+-------------+--------+--------+--------+--------+


+--------------------------------------------------------------+
; Minimum Propagation Delay                                    ;
+------------+-------------+--------+--------+--------+--------+
; Input Port ; Output Port ; RR     ; RF     ; FR     ; FF     ;
+------------+-------------+--------+--------+--------+--------+
; KEY[0]     ; HEX0[0]     ; 12.280 ;        ;        ; 12.280 ;
; KEY[0]     ; HEX0[1]     ; 12.276 ;        ;        ; 12.276 ;
; KEY[0]     ; HEX0[2]     ; 12.270 ;        ;        ; 12.270 ;
; KEY[0]     ; HEX0[3]     ; 12.253 ;        ;        ; 12.253 ;
; KEY[0]     ; HEX0[4]     ; 12.247 ; 12.247 ; 12.247 ; 12.247 ;
; KEY[0]     ; HEX0[5]     ; 12.041 ;        ;        ; 12.041 ;
; KEY[0]     ; HEX0[6]     ; 12.026 ;        ;        ; 12.026 ;
; KEY[0]     ; HEX1[0]     ;        ; 11.484 ; 11.484 ;        ;
; KEY[0]     ; HEX1[1]     ; 11.482 ; 11.482 ; 11.482 ; 11.482 ;
; KEY[0]     ; HEX1[2]     ;        ; 11.089 ; 11.089 ;        ;
; KEY[0]     ; HEX1[3]     ; 11.042 ;        ;        ; 11.042 ;
; KEY[0]     ; HEX1[4]     ;        ; 11.103 ; 11.103 ;        ;
; KEY[0]     ; HEX1[5]     ;        ; 11.381 ; 11.381 ;        ;
; KEY[0]     ; HEX1[6]     ; 11.398 ;        ;        ; 11.398 ;
; KEY[0]     ; HEX2[0]     ;        ; 11.431 ; 11.431 ;        ;
; KEY[0]     ; HEX2[1]     ; 11.383 ; 11.383 ; 11.383 ; 11.383 ;
; KEY[0]     ; HEX2[2]     ; 11.421 ; 11.421 ; 11.421 ; 11.421 ;
; KEY[0]     ; HEX2[3]     ;        ; 11.484 ; 11.484 ;        ;
; KEY[0]     ; HEX2[4]     ;        ; 11.185 ; 11.185 ;        ;
; KEY[0]     ; HEX2[5]     ;        ; 11.369 ; 11.369 ;        ;
; KEY[0]     ; HEX2[6]     ; 11.176 ;        ;        ; 11.176 ;
; KEY[1]     ; HEX0[0]     ;        ; 11.181 ; 11.181 ;        ;
; KEY[1]     ; HEX0[1]     ; 11.324 ;        ;        ; 11.324 ;
; KEY[1]     ; HEX0[2]     ;        ; 11.319 ; 11.319 ;        ;
; KEY[1]     ; HEX0[3]     ; 11.157 ;        ;        ; 11.157 ;
; KEY[1]     ; HEX0[4]     ; 11.291 ; 11.291 ; 11.291 ; 11.291 ;
; KEY[1]     ; HEX0[5]     ; 10.945 ;        ;        ; 10.945 ;
; KEY[1]     ; HEX0[6]     ; 11.075 ;        ;        ; 11.075 ;
; KEY[1]     ; HEX1[0]     ;        ; 10.190 ; 10.190 ;        ;
; KEY[1]     ; HEX1[1]     ; 10.190 ; 10.190 ; 10.190 ; 10.190 ;
; KEY[1]     ; HEX1[2]     ;        ; 9.782  ; 9.782  ;        ;
; KEY[1]     ; HEX1[3]     ; 9.743  ;        ;        ; 9.743  ;
; KEY[1]     ; HEX1[4]     ; 9.812  ;        ;        ; 9.812  ;
; KEY[1]     ; HEX1[5]     ;        ; 10.081 ; 10.081 ;        ;
; KEY[1]     ; HEX1[6]     ; 10.091 ;        ;        ; 10.091 ;
; KEY[1]     ; HEX2[0]     ;        ; 10.266 ; 10.266 ;        ;
; KEY[1]     ; HEX2[1]     ; 10.219 ; 10.219 ; 10.219 ; 10.219 ;
; KEY[1]     ; HEX2[2]     ; 10.257 ; 10.257 ; 10.257 ; 10.257 ;
; KEY[1]     ; HEX2[3]     ;        ; 10.307 ; 10.307 ;        ;
; KEY[1]     ; HEX2[4]     ; 10.006 ;        ;        ; 10.006 ;
; KEY[1]     ; HEX2[5]     ;        ; 9.664  ; 9.664  ;        ;
; KEY[1]     ; HEX2[6]     ; 9.999  ;        ;        ; 9.999  ;
; SW[0]      ; HEX0[0]     ; 8.638  ; 8.638  ; 8.638  ; 8.638  ;
; SW[0]      ; HEX0[1]     ; 8.494  ; 8.494  ; 8.494  ; 8.494  ;
; SW[0]      ; HEX0[2]     ;        ; 8.429  ; 8.429  ;        ;
; SW[0]      ; HEX0[3]     ; 8.645  ; 8.645  ; 8.645  ; 8.645  ;
; SW[0]      ; HEX0[4]     ; 8.469  ;        ;        ; 8.469  ;
; SW[0]      ; HEX0[5]     ; 8.393  ;        ;        ; 8.393  ;
; SW[0]      ; HEX0[6]     ; 8.243  ; 8.243  ; 8.243  ; 8.243  ;
; SW[1]      ; HEX0[0]     ; 8.194  ; 8.194  ; 8.194  ; 8.194  ;
; SW[1]      ; HEX0[1]     ; 8.059  ; 8.059  ; 8.059  ; 8.059  ;
; SW[1]      ; HEX0[2]     ; 8.011  ;        ;        ; 8.011  ;
; SW[1]      ; HEX0[3]     ; 8.200  ; 8.200  ; 8.200  ; 8.200  ;
; SW[1]      ; HEX0[4]     ;        ; 8.033  ; 8.033  ;        ;
; SW[1]      ; HEX0[5]     ; 7.955  ; 7.955  ; 7.955  ; 7.955  ;
; SW[1]      ; HEX0[6]     ; 7.804  ; 7.804  ; 7.804  ; 7.804  ;
; SW[2]      ; HEX0[0]     ; 8.014  ; 8.014  ; 8.014  ; 8.014  ;
; SW[2]      ; HEX0[1]     ; 7.873  ;        ;        ; 7.873  ;
; SW[2]      ; HEX0[2]     ; 7.831  ; 7.831  ; 7.831  ; 7.831  ;
; SW[2]      ; HEX0[3]     ; 8.019  ; 8.019  ; 8.019  ; 8.019  ;
; SW[2]      ; HEX0[4]     ; 7.848  ; 7.848  ; 7.848  ; 7.848  ;
; SW[2]      ; HEX0[5]     ; 7.772  ; 7.772  ; 7.772  ; 7.772  ;
; SW[2]      ; HEX0[6]     ; 7.619  ; 7.619  ; 7.619  ; 7.619  ;
; SW[3]      ; HEX0[0]     ; 6.798  ; 6.798  ; 6.798  ; 6.798  ;
; SW[3]      ; HEX0[1]     ; 6.670  ; 6.670  ; 6.670  ; 6.670  ;
; SW[3]      ; HEX0[2]     ; 6.592  ; 6.592  ; 6.592  ; 6.592  ;
; SW[3]      ; HEX0[3]     ; 6.809  ; 6.809  ; 6.809  ; 6.809  ;
; SW[3]      ; HEX0[4]     ;        ; 6.644  ; 6.644  ;        ;
; SW[3]      ; HEX0[5]     ; 6.534  ; 6.534  ; 6.534  ; 6.534  ;
; SW[3]      ; HEX0[6]     ; 6.416  ; 6.416  ; 6.416  ; 6.416  ;
; SW[4]      ; HEX1[0]     ; 7.420  ; 7.420  ; 7.420  ; 7.420  ;
; SW[4]      ; HEX1[1]     ; 7.369  ; 7.369  ; 7.369  ; 7.369  ;
; SW[4]      ; HEX1[2]     ;        ; 6.994  ; 6.994  ;        ;
; SW[4]      ; HEX1[3]     ; 6.960  ; 6.960  ; 6.960  ; 6.960  ;
; SW[4]      ; HEX1[4]     ; 6.990  ;        ;        ; 6.990  ;
; SW[4]      ; HEX1[5]     ; 7.312  ;        ;        ; 7.312  ;
; SW[4]      ; HEX1[6]     ; 7.283  ; 7.283  ; 7.283  ; 7.283  ;
; SW[5]      ; HEX1[0]     ; 7.143  ; 7.143  ; 7.143  ; 7.143  ;
; SW[5]      ; HEX1[1]     ; 7.095  ; 7.095  ; 7.095  ; 7.095  ;
; SW[5]      ; HEX1[2]     ; 6.741  ;        ;        ; 6.741  ;
; SW[5]      ; HEX1[3]     ; 6.691  ; 6.691  ; 6.691  ; 6.691  ;
; SW[5]      ; HEX1[4]     ;        ; 6.719  ; 6.719  ;        ;
; SW[5]      ; HEX1[5]     ; 7.036  ; 7.036  ; 7.036  ; 7.036  ;
; SW[5]      ; HEX1[6]     ; 7.013  ; 7.013  ; 7.013  ; 7.013  ;
; SW[6]      ; HEX1[0]     ; 7.367  ; 7.367  ; 7.367  ; 7.367  ;
; SW[6]      ; HEX1[1]     ; 7.318  ;        ;        ; 7.318  ;
; SW[6]      ; HEX1[2]     ; 6.964  ; 6.964  ; 6.964  ; 6.964  ;
; SW[6]      ; HEX1[3]     ; 6.906  ; 6.906  ; 6.906  ; 6.906  ;
; SW[6]      ; HEX1[4]     ; 6.931  ; 6.931  ; 6.931  ; 6.931  ;
; SW[6]      ; HEX1[5]     ; 7.259  ; 7.259  ; 7.259  ; 7.259  ;
; SW[6]      ; HEX1[6]     ; 7.220  ; 7.220  ; 7.220  ; 7.220  ;
; SW[7]      ; HEX1[0]     ; 8.104  ; 8.104  ; 8.104  ; 8.104  ;
; SW[7]      ; HEX1[1]     ; 8.057  ; 8.057  ; 8.057  ; 8.057  ;
; SW[7]      ; HEX1[2]     ; 7.703  ; 7.703  ; 7.703  ; 7.703  ;
; SW[7]      ; HEX1[3]     ; 7.646  ; 7.646  ; 7.646  ; 7.646  ;
; SW[7]      ; HEX1[4]     ;        ; 7.672  ; 7.672  ;        ;
; SW[7]      ; HEX1[5]     ; 7.997  ; 7.997  ; 7.997  ; 7.997  ;
; SW[7]      ; HEX1[6]     ; 7.962  ; 7.962  ; 7.962  ; 7.962  ;
; SW[8]      ; HEX2[0]     ; 8.165  ; 8.165  ; 8.165  ; 8.165  ;
; SW[8]      ; HEX2[1]     ; 8.079  ; 8.079  ; 8.079  ; 8.079  ;
; SW[8]      ; HEX2[2]     ;        ; 7.958  ; 7.958  ;        ;
; SW[8]      ; HEX2[3]     ; 8.040  ; 8.040  ; 8.040  ; 8.040  ;
; SW[8]      ; HEX2[4]     ; 7.736  ;        ;        ; 7.736  ;
; SW[8]      ; HEX2[5]     ; 7.868  ;        ;        ; 7.868  ;
; SW[8]      ; HEX2[6]     ; 7.732  ; 7.732  ; 7.732  ; 7.732  ;
; SW[9]      ; HEX2[0]     ; 7.744  ; 7.744  ; 7.744  ; 7.744  ;
; SW[9]      ; HEX2[1]     ; 7.655  ; 7.655  ; 7.655  ; 7.655  ;
; SW[9]      ; HEX2[2]     ; 7.552  ;        ;        ; 7.552  ;
; SW[9]      ; HEX2[3]     ; 7.611  ; 7.611  ; 7.611  ; 7.611  ;
; SW[9]      ; HEX2[4]     ;        ; 7.311  ; 7.311  ;        ;
; SW[9]      ; HEX2[5]     ; 7.444  ; 7.444  ; 7.444  ; 7.444  ;
; SW[9]      ; HEX2[6]     ; 7.304  ; 7.304  ; 7.304  ; 7.304  ;
; SW[10]     ; HEX2[0]     ; 8.061  ; 8.061  ; 8.061  ; 8.061  ;
; SW[10]     ; HEX2[1]     ; 7.983  ;        ;        ; 7.983  ;
; SW[10]     ; HEX2[2]     ; 7.889  ; 7.889  ; 7.889  ; 7.889  ;
; SW[10]     ; HEX2[3]     ; 7.948  ; 7.948  ; 7.948  ; 7.948  ;
; SW[10]     ; HEX2[4]     ; 7.630  ; 7.630  ; 7.630  ; 7.630  ;
; SW[10]     ; HEX2[5]     ; 7.765  ; 7.765  ; 7.765  ; 7.765  ;
; SW[10]     ; HEX2[6]     ; 7.637  ; 7.637  ; 7.637  ; 7.637  ;
; SW[11]     ; HEX2[0]     ; 7.756  ; 7.756  ; 7.756  ; 7.756  ;
; SW[11]     ; HEX2[1]     ; 7.676  ; 7.676  ; 7.676  ; 7.676  ;
; SW[11]     ; HEX2[2]     ; 7.582  ; 7.582  ; 7.582  ; 7.582  ;
; SW[11]     ; HEX2[3]     ; 7.642  ; 7.642  ; 7.642  ; 7.642  ;
; SW[11]     ; HEX2[4]     ;        ; 7.325  ; 7.325  ;        ;
; SW[11]     ; HEX2[5]     ; 7.460  ; 7.460  ; 7.460  ; 7.460  ;
; SW[11]     ; HEX2[6]     ; 7.325  ; 7.325  ; 7.325  ; 7.325  ;
+------------+-------------+--------+--------+--------+--------+


----------------------------
; Fast Model Setup Summary ;
----------------------------
No paths to report.


---------------------------
; Fast Model Hold Summary ;
---------------------------
No paths to report.


-------------------------------
; Fast Model Recovery Summary ;
-------------------------------
No paths to report.


------------------------------
; Fast Model Removal Summary ;
------------------------------
No paths to report.


------------------------------------------
; Fast Model Minimum Pulse Width Summary ;
------------------------------------------
No paths to report.


+----------------------------------------------------------+
; Propagation Delay                                        ;
+------------+-------------+-------+-------+-------+-------+
; Input Port ; Output Port ; RR    ; RF    ; FR    ; FF    ;
+------------+-------------+-------+-------+-------+-------+
; KEY[0]     ; HEX0[0]     ; 6.880 ;       ;       ; 6.880 ;
; KEY[0]     ; HEX0[1]     ; 6.869 ;       ;       ; 6.869 ;
; KEY[0]     ; HEX0[2]     ; 6.868 ;       ;       ; 6.868 ;
; KEY[0]     ; HEX0[3]     ; 6.862 ;       ;       ; 6.862 ;
; KEY[0]     ; HEX0[4]     ; 6.858 ; 6.858 ; 6.858 ; 6.858 ;
; KEY[0]     ; HEX0[5]     ; 6.761 ;       ;       ; 6.761 ;
; KEY[0]     ; HEX0[6]     ; 6.757 ;       ;       ; 6.757 ;
; KEY[0]     ; HEX1[0]     ;       ; 6.417 ; 6.417 ;       ;
; KEY[0]     ; HEX1[1]     ; 6.415 ; 6.415 ; 6.415 ; 6.415 ;
; KEY[0]     ; HEX1[2]     ;       ; 6.191 ; 6.191 ;       ;
; KEY[0]     ; HEX1[3]     ; 6.164 ;       ;       ; 6.164 ;
; KEY[0]     ; HEX1[4]     ;       ; 6.205 ; 6.205 ;       ;
; KEY[0]     ; HEX1[5]     ;       ; 6.325 ; 6.325 ;       ;
; KEY[0]     ; HEX1[6]     ; 6.344 ;       ;       ; 6.344 ;
; KEY[0]     ; HEX2[0]     ;       ; 6.378 ; 6.378 ;       ;
; KEY[0]     ; HEX2[1]     ; 6.333 ; 6.333 ; 6.333 ; 6.333 ;
; KEY[0]     ; HEX2[2]     ; 6.372 ; 6.372 ; 6.372 ; 6.372 ;
; KEY[0]     ; HEX2[3]     ;       ; 6.413 ; 6.413 ;       ;
; KEY[0]     ; HEX2[4]     ;       ; 6.269 ; 6.269 ;       ;
; KEY[0]     ; HEX2[5]     ;       ; 6.362 ; 6.362 ;       ;
; KEY[0]     ; HEX2[6]     ; 6.258 ;       ;       ; 6.258 ;
; KEY[1]     ; HEX0[0]     ;       ; 6.228 ; 6.228 ;       ;
; KEY[1]     ; HEX0[1]     ; 6.290 ;       ;       ; 6.290 ;
; KEY[1]     ; HEX0[2]     ;       ; 6.288 ; 6.288 ;       ;
; KEY[1]     ; HEX0[3]     ; 6.212 ;       ;       ; 6.212 ;
; KEY[1]     ; HEX0[4]     ; 6.282 ; 6.282 ; 6.282 ; 6.282 ;
; KEY[1]     ; HEX0[5]     ; 6.112 ;       ;       ; 6.112 ;
; KEY[1]     ; HEX0[6]     ; 6.182 ;       ;       ; 6.182 ;
; KEY[1]     ; HEX1[0]     ;       ; 5.707 ; 5.707 ;       ;
; KEY[1]     ; HEX1[1]     ; 5.708 ; 5.708 ; 5.708 ; 5.708 ;
; KEY[1]     ; HEX1[2]     ;       ; 5.471 ; 5.471 ;       ;
; KEY[1]     ; HEX1[3]     ; 5.453 ;       ;       ; 5.453 ;
; KEY[1]     ; HEX1[4]     ; 5.527 ;       ;       ; 5.527 ;
; KEY[1]     ; HEX1[5]     ;       ; 5.611 ; 5.611 ;       ;
; KEY[1]     ; HEX1[6]     ; 5.655 ;       ;       ; 5.655 ;
; KEY[1]     ; HEX2[0]     ;       ; 5.707 ; 5.707 ;       ;
; KEY[1]     ; HEX2[1]     ; 5.658 ; 5.658 ; 5.658 ; 5.658 ;
; KEY[1]     ; HEX2[2]     ; 5.697 ; 5.697 ; 5.697 ; 5.697 ;
; KEY[1]     ; HEX2[3]     ;       ; 5.733 ; 5.733 ;       ;
; KEY[1]     ; HEX2[4]     ; 5.586 ;       ;       ; 5.586 ;
; KEY[1]     ; HEX2[5]     ;       ; 5.434 ; 5.434 ;       ;
; KEY[1]     ; HEX2[6]     ; 5.580 ;       ;       ; 5.580 ;
; SW[0]      ; HEX0[0]     ; 4.462 ; 4.462 ; 4.462 ; 4.462 ;
; SW[0]      ; HEX0[1]     ; 4.385 ; 4.385 ; 4.385 ; 4.385 ;
; SW[0]      ; HEX0[2]     ;       ; 4.385 ; 4.385 ;       ;
; SW[0]      ; HEX0[3]     ; 4.454 ; 4.454 ; 4.454 ; 4.454 ;
; SW[0]      ; HEX0[4]     ; 4.377 ;       ;       ; 4.377 ;
; SW[0]      ; HEX0[5]     ; 4.346 ;       ;       ; 4.346 ;
; SW[0]      ; HEX0[6]     ; 4.269 ; 4.269 ; 4.269 ; 4.269 ;
; SW[1]      ; HEX0[0]     ; 4.229 ; 4.229 ; 4.229 ; 4.229 ;
; SW[1]      ; HEX0[1]     ; 4.161 ; 4.161 ; 4.161 ; 4.161 ;
; SW[1]      ; HEX0[2]     ; 4.150 ;       ;       ; 4.150 ;
; SW[1]      ; HEX0[3]     ; 4.222 ; 4.222 ; 4.222 ; 4.222 ;
; SW[1]      ; HEX0[4]     ;       ; 4.152 ; 4.152 ;       ;
; SW[1]      ; HEX0[5]     ; 4.111 ; 4.111 ; 4.111 ; 4.111 ;
; SW[1]      ; HEX0[6]     ; 4.042 ; 4.042 ; 4.042 ; 4.042 ;
; SW[2]      ; HEX0[0]     ; 4.128 ; 4.128 ; 4.128 ; 4.128 ;
; SW[2]      ; HEX0[1]     ; 4.053 ;       ;       ; 4.053 ;
; SW[2]      ; HEX0[2]     ; 4.049 ; 4.049 ; 4.049 ; 4.049 ;
; SW[2]      ; HEX0[3]     ; 4.120 ; 4.120 ; 4.120 ; 4.120 ;
; SW[2]      ; HEX0[4]     ; 4.045 ; 4.045 ; 4.045 ; 4.045 ;
; SW[2]      ; HEX0[5]     ; 4.009 ; 4.009 ; 4.009 ; 4.009 ;
; SW[2]      ; HEX0[6]     ; 3.937 ; 3.937 ; 3.937 ; 3.937 ;
; SW[3]      ; HEX0[0]     ; 3.467 ; 3.467 ; 3.467 ; 3.467 ;
; SW[3]      ; HEX0[1]     ; 3.405 ; 3.405 ; 3.405 ; 3.405 ;
; SW[3]      ; HEX0[2]     ; 3.397 ; 3.397 ; 3.397 ; 3.397 ;
; SW[3]      ; HEX0[3]     ; 3.465 ; 3.465 ; 3.465 ; 3.465 ;
; SW[3]      ; HEX0[4]     ;       ; 3.397 ; 3.397 ;       ;
; SW[3]      ; HEX0[5]     ; 3.356 ; 3.356 ; 3.356 ; 3.356 ;
; SW[3]      ; HEX0[6]     ; 3.288 ; 3.288 ; 3.288 ; 3.288 ;
; SW[4]      ; HEX1[0]     ; 3.774 ; 3.774 ; 3.774 ; 3.774 ;
; SW[4]      ; HEX1[1]     ; 3.750 ; 3.750 ; 3.750 ; 3.750 ;
; SW[4]      ; HEX1[2]     ;       ; 3.540 ; 3.540 ;       ;
; SW[4]      ; HEX1[3]     ; 3.509 ; 3.509 ; 3.509 ; 3.509 ;
; SW[4]      ; HEX1[4]     ; 3.548 ;       ;       ; 3.548 ;
; SW[4]      ; HEX1[5]     ; 3.676 ;       ;       ; 3.676 ;
; SW[4]      ; HEX1[6]     ; 3.689 ; 3.689 ; 3.689 ; 3.689 ;
; SW[5]      ; HEX1[0]     ; 3.647 ; 3.647 ; 3.647 ; 3.647 ;
; SW[5]      ; HEX1[1]     ; 3.631 ; 3.631 ; 3.631 ; 3.631 ;
; SW[5]      ; HEX1[2]     ; 3.418 ;       ;       ; 3.418 ;
; SW[5]      ; HEX1[3]     ; 3.389 ; 3.389 ; 3.389 ; 3.389 ;
; SW[5]      ; HEX1[4]     ;       ; 3.430 ; 3.430 ;       ;
; SW[5]      ; HEX1[5]     ; 3.554 ; 3.554 ; 3.554 ; 3.554 ;
; SW[5]      ; HEX1[6]     ; 3.575 ; 3.575 ; 3.575 ; 3.575 ;
; SW[6]      ; HEX1[0]     ; 3.763 ; 3.763 ; 3.763 ; 3.763 ;
; SW[6]      ; HEX1[1]     ; 3.744 ;       ;       ; 3.744 ;
; SW[6]      ; HEX1[2]     ; 3.534 ; 3.534 ; 3.534 ; 3.534 ;
; SW[6]      ; HEX1[3]     ; 3.497 ; 3.497 ; 3.497 ; 3.497 ;
; SW[6]      ; HEX1[4]     ; 3.533 ; 3.533 ; 3.533 ; 3.533 ;
; SW[6]      ; HEX1[5]     ; 3.670 ; 3.670 ; 3.670 ; 3.670 ;
; SW[6]      ; HEX1[6]     ; 3.676 ; 3.676 ; 3.676 ; 3.676 ;
; SW[7]      ; HEX1[0]     ; 4.215 ; 4.215 ; 4.215 ; 4.215 ;
; SW[7]      ; HEX1[1]     ; 4.190 ; 4.190 ; 4.190 ; 4.190 ;
; SW[7]      ; HEX1[2]     ; 3.980 ; 3.980 ; 3.980 ; 3.980 ;
; SW[7]      ; HEX1[3]     ; 3.945 ; 3.945 ; 3.945 ; 3.945 ;
; SW[7]      ; HEX1[4]     ;       ; 3.982 ; 3.982 ;       ;
; SW[7]      ; HEX1[5]     ; 4.116 ; 4.116 ; 4.116 ; 4.116 ;
; SW[7]      ; HEX1[6]     ; 4.123 ; 4.123 ; 4.123 ; 4.123 ;
; SW[8]      ; HEX2[0]     ; 4.238 ; 4.238 ; 4.238 ; 4.238 ;
; SW[8]      ; HEX2[1]     ; 4.167 ; 4.167 ; 4.167 ; 4.167 ;
; SW[8]      ; HEX2[2]     ;       ; 4.137 ; 4.137 ;       ;
; SW[8]      ; HEX2[3]     ; 4.179 ; 4.179 ; 4.179 ; 4.179 ;
; SW[8]      ; HEX2[4]     ; 4.059 ;       ;       ; 4.059 ;
; SW[8]      ; HEX2[5]     ; 4.087 ;       ;       ; 4.087 ;
; SW[8]      ; HEX2[6]     ; 4.020 ; 4.020 ; 4.020 ; 4.020 ;
; SW[9]      ; HEX2[0]     ; 4.012 ; 4.012 ; 4.012 ; 4.012 ;
; SW[9]      ; HEX2[1]     ; 3.939 ; 3.939 ; 3.939 ; 3.939 ;
; SW[9]      ; HEX2[2]     ; 3.909 ;       ;       ; 3.909 ;
; SW[9]      ; HEX2[3]     ; 3.952 ; 3.952 ; 3.952 ; 3.952 ;
; SW[9]      ; HEX2[4]     ;       ; 3.832 ; 3.832 ;       ;
; SW[9]      ; HEX2[5]     ; 3.866 ; 3.866 ; 3.866 ; 3.866 ;
; SW[9]      ; HEX2[6]     ; 3.796 ; 3.796 ; 3.796 ; 3.796 ;
; SW[10]     ; HEX2[0]     ; 4.134 ; 4.134 ; 4.134 ; 4.134 ;
; SW[10]     ; HEX2[1]     ; 4.071 ;       ;       ; 4.071 ;
; SW[10]     ; HEX2[2]     ; 4.047 ; 4.047 ; 4.047 ; 4.047 ;
; SW[10]     ; HEX2[3]     ; 4.089 ; 4.089 ; 4.089 ; 4.089 ;
; SW[10]     ; HEX2[4]     ; 3.956 ; 3.956 ; 3.956 ; 3.956 ;
; SW[10]     ; HEX2[5]     ; 3.993 ; 3.993 ; 3.993 ; 3.993 ;
; SW[10]     ; HEX2[6]     ; 3.931 ; 3.931 ; 3.931 ; 3.931 ;
; SW[11]     ; HEX2[0]     ; 3.989 ; 3.989 ; 3.989 ; 3.989 ;
; SW[11]     ; HEX2[1]     ; 3.922 ; 3.922 ; 3.922 ; 3.922 ;
; SW[11]     ; HEX2[2]     ; 3.898 ; 3.898 ; 3.898 ; 3.898 ;
; SW[11]     ; HEX2[3]     ; 3.940 ; 3.940 ; 3.940 ; 3.940 ;
; SW[11]     ; HEX2[4]     ;       ; 3.808 ; 3.808 ;       ;
; SW[11]     ; HEX2[5]     ; 3.844 ; 3.844 ; 3.844 ; 3.844 ;
; SW[11]     ; HEX2[6]     ; 3.781 ; 3.781 ; 3.781 ; 3.781 ;
+------------+-------------+-------+-------+-------+-------+


+----------------------------------------------------------+
; Minimum Propagation Delay                                ;
+------------+-------------+-------+-------+-------+-------+
; Input Port ; Output Port ; RR    ; RF    ; FR    ; FF    ;
+------------+-------------+-------+-------+-------+-------+
; KEY[0]     ; HEX0[0]     ; 6.880 ;       ;       ; 6.880 ;
; KEY[0]     ; HEX0[1]     ; 6.869 ;       ;       ; 6.869 ;
; KEY[0]     ; HEX0[2]     ; 6.868 ;       ;       ; 6.868 ;
; KEY[0]     ; HEX0[3]     ; 6.862 ;       ;       ; 6.862 ;
; KEY[0]     ; HEX0[4]     ; 6.858 ; 6.858 ; 6.858 ; 6.858 ;
; KEY[0]     ; HEX0[5]     ; 6.761 ;       ;       ; 6.761 ;
; KEY[0]     ; HEX0[6]     ; 6.757 ;       ;       ; 6.757 ;
; KEY[0]     ; HEX1[0]     ;       ; 6.417 ; 6.417 ;       ;
; KEY[0]     ; HEX1[1]     ; 6.415 ; 6.415 ; 6.415 ; 6.415 ;
; KEY[0]     ; HEX1[2]     ;       ; 6.191 ; 6.191 ;       ;
; KEY[0]     ; HEX1[3]     ; 6.164 ;       ;       ; 6.164 ;
; KEY[0]     ; HEX1[4]     ;       ; 6.205 ; 6.205 ;       ;
; KEY[0]     ; HEX1[5]     ;       ; 6.325 ; 6.325 ;       ;
; KEY[0]     ; HEX1[6]     ; 6.344 ;       ;       ; 6.344 ;
; KEY[0]     ; HEX2[0]     ;       ; 6.378 ; 6.378 ;       ;
; KEY[0]     ; HEX2[1]     ; 6.333 ; 6.333 ; 6.333 ; 6.333 ;
; KEY[0]     ; HEX2[2]     ; 6.372 ; 6.372 ; 6.372 ; 6.372 ;
; KEY[0]     ; HEX2[3]     ;       ; 6.413 ; 6.413 ;       ;
; KEY[0]     ; HEX2[4]     ;       ; 6.269 ; 6.269 ;       ;
; KEY[0]     ; HEX2[5]     ;       ; 6.362 ; 6.362 ;       ;
; KEY[0]     ; HEX2[6]     ; 6.258 ;       ;       ; 6.258 ;
; KEY[1]     ; HEX0[0]     ;       ; 6.228 ; 6.228 ;       ;
; KEY[1]     ; HEX0[1]     ; 6.290 ;       ;       ; 6.290 ;
; KEY[1]     ; HEX0[2]     ;       ; 6.288 ; 6.288 ;       ;
; KEY[1]     ; HEX0[3]     ; 6.212 ;       ;       ; 6.212 ;
; KEY[1]     ; HEX0[4]     ; 6.282 ; 6.282 ; 6.282 ; 6.282 ;
; KEY[1]     ; HEX0[5]     ; 6.112 ;       ;       ; 6.112 ;
; KEY[1]     ; HEX0[6]     ; 6.182 ;       ;       ; 6.182 ;
; KEY[1]     ; HEX1[0]     ;       ; 5.707 ; 5.707 ;       ;
; KEY[1]     ; HEX1[1]     ; 5.708 ; 5.708 ; 5.708 ; 5.708 ;
; KEY[1]     ; HEX1[2]     ;       ; 5.471 ; 5.471 ;       ;
; KEY[1]     ; HEX1[3]     ; 5.453 ;       ;       ; 5.453 ;
; KEY[1]     ; HEX1[4]     ; 5.527 ;       ;       ; 5.527 ;
; KEY[1]     ; HEX1[5]     ;       ; 5.611 ; 5.611 ;       ;
; KEY[1]     ; HEX1[6]     ; 5.655 ;       ;       ; 5.655 ;
; KEY[1]     ; HEX2[0]     ;       ; 5.707 ; 5.707 ;       ;
; KEY[1]     ; HEX2[1]     ; 5.658 ; 5.658 ; 5.658 ; 5.658 ;
; KEY[1]     ; HEX2[2]     ; 5.697 ; 5.697 ; 5.697 ; 5.697 ;
; KEY[1]     ; HEX2[3]     ;       ; 5.733 ; 5.733 ;       ;
; KEY[1]     ; HEX2[4]     ; 5.586 ;       ;       ; 5.586 ;
; KEY[1]     ; HEX2[5]     ;       ; 5.434 ; 5.434 ;       ;
; KEY[1]     ; HEX2[6]     ; 5.580 ;       ;       ; 5.580 ;
; SW[0]      ; HEX0[0]     ; 4.462 ; 4.462 ; 4.462 ; 4.462 ;
; SW[0]      ; HEX0[1]     ; 4.385 ; 4.385 ; 4.385 ; 4.385 ;
; SW[0]      ; HEX0[2]     ;       ; 4.385 ; 4.385 ;       ;
; SW[0]      ; HEX0[3]     ; 4.454 ; 4.454 ; 4.454 ; 4.454 ;
; SW[0]      ; HEX0[4]     ; 4.377 ;       ;       ; 4.377 ;
; SW[0]      ; HEX0[5]     ; 4.346 ;       ;       ; 4.346 ;
; SW[0]      ; HEX0[6]     ; 4.269 ; 4.269 ; 4.269 ; 4.269 ;
; SW[1]      ; HEX0[0]     ; 4.229 ; 4.229 ; 4.229 ; 4.229 ;
; SW[1]      ; HEX0[1]     ; 4.161 ; 4.161 ; 4.161 ; 4.161 ;
; SW[1]      ; HEX0[2]     ; 4.150 ;       ;       ; 4.150 ;
; SW[1]      ; HEX0[3]     ; 4.222 ; 4.222 ; 4.222 ; 4.222 ;
; SW[1]      ; HEX0[4]     ;       ; 4.152 ; 4.152 ;       ;
; SW[1]      ; HEX0[5]     ; 4.111 ; 4.111 ; 4.111 ; 4.111 ;
; SW[1]      ; HEX0[6]     ; 4.042 ; 4.042 ; 4.042 ; 4.042 ;
; SW[2]      ; HEX0[0]     ; 4.128 ; 4.128 ; 4.128 ; 4.128 ;
; SW[2]      ; HEX0[1]     ; 4.053 ;       ;       ; 4.053 ;
; SW[2]      ; HEX0[2]     ; 4.049 ; 4.049 ; 4.049 ; 4.049 ;
; SW[2]      ; HEX0[3]     ; 4.120 ; 4.120 ; 4.120 ; 4.120 ;
; SW[2]      ; HEX0[4]     ; 4.045 ; 4.045 ; 4.045 ; 4.045 ;
; SW[2]      ; HEX0[5]     ; 4.009 ; 4.009 ; 4.009 ; 4.009 ;
; SW[2]      ; HEX0[6]     ; 3.937 ; 3.937 ; 3.937 ; 3.937 ;
; SW[3]      ; HEX0[0]     ; 3.467 ; 3.467 ; 3.467 ; 3.467 ;
; SW[3]      ; HEX0[1]     ; 3.405 ; 3.405 ; 3.405 ; 3.405 ;
; SW[3]      ; HEX0[2]     ; 3.397 ; 3.397 ; 3.397 ; 3.397 ;
; SW[3]      ; HEX0[3]     ; 3.465 ; 3.465 ; 3.465 ; 3.465 ;
; SW[3]      ; HEX0[4]     ;       ; 3.397 ; 3.397 ;       ;
; SW[3]      ; HEX0[5]     ; 3.356 ; 3.356 ; 3.356 ; 3.356 ;
; SW[3]      ; HEX0[6]     ; 3.288 ; 3.288 ; 3.288 ; 3.288 ;
; SW[4]      ; HEX1[0]     ; 3.774 ; 3.774 ; 3.774 ; 3.774 ;
; SW[4]      ; HEX1[1]     ; 3.750 ; 3.750 ; 3.750 ; 3.750 ;
; SW[4]      ; HEX1[2]     ;       ; 3.540 ; 3.540 ;       ;
; SW[4]      ; HEX1[3]     ; 3.509 ; 3.509 ; 3.509 ; 3.509 ;
; SW[4]      ; HEX1[4]     ; 3.548 ;       ;       ; 3.548 ;
; SW[4]      ; HEX1[5]     ; 3.676 ;       ;       ; 3.676 ;
; SW[4]      ; HEX1[6]     ; 3.689 ; 3.689 ; 3.689 ; 3.689 ;
; SW[5]      ; HEX1[0]     ; 3.647 ; 3.647 ; 3.647 ; 3.647 ;
; SW[5]      ; HEX1[1]     ; 3.631 ; 3.631 ; 3.631 ; 3.631 ;
; SW[5]      ; HEX1[2]     ; 3.418 ;       ;       ; 3.418 ;
; SW[5]      ; HEX1[3]     ; 3.389 ; 3.389 ; 3.389 ; 3.389 ;
; SW[5]      ; HEX1[4]     ;       ; 3.430 ; 3.430 ;       ;
; SW[5]      ; HEX1[5]     ; 3.554 ; 3.554 ; 3.554 ; 3.554 ;
; SW[5]      ; HEX1[6]     ; 3.575 ; 3.575 ; 3.575 ; 3.575 ;
; SW[6]      ; HEX1[0]     ; 3.763 ; 3.763 ; 3.763 ; 3.763 ;
; SW[6]      ; HEX1[1]     ; 3.744 ;       ;       ; 3.744 ;
; SW[6]      ; HEX1[2]     ; 3.534 ; 3.534 ; 3.534 ; 3.534 ;
; SW[6]      ; HEX1[3]     ; 3.497 ; 3.497 ; 3.497 ; 3.497 ;
; SW[6]      ; HEX1[4]     ; 3.533 ; 3.533 ; 3.533 ; 3.533 ;
; SW[6]      ; HEX1[5]     ; 3.670 ; 3.670 ; 3.670 ; 3.670 ;
; SW[6]      ; HEX1[6]     ; 3.676 ; 3.676 ; 3.676 ; 3.676 ;
; SW[7]      ; HEX1[0]     ; 4.215 ; 4.215 ; 4.215 ; 4.215 ;
; SW[7]      ; HEX1[1]     ; 4.190 ; 4.190 ; 4.190 ; 4.190 ;
; SW[7]      ; HEX1[2]     ; 3.980 ; 3.980 ; 3.980 ; 3.980 ;
; SW[7]      ; HEX1[3]     ; 3.945 ; 3.945 ; 3.945 ; 3.945 ;
; SW[7]      ; HEX1[4]     ;       ; 3.982 ; 3.982 ;       ;
; SW[7]      ; HEX1[5]     ; 4.116 ; 4.116 ; 4.116 ; 4.116 ;
; SW[7]      ; HEX1[6]     ; 4.123 ; 4.123 ; 4.123 ; 4.123 ;
; SW[8]      ; HEX2[0]     ; 4.238 ; 4.238 ; 4.238 ; 4.238 ;
; SW[8]      ; HEX2[1]     ; 4.167 ; 4.167 ; 4.167 ; 4.167 ;
; SW[8]      ; HEX2[2]     ;       ; 4.137 ; 4.137 ;       ;
; SW[8]      ; HEX2[3]     ; 4.179 ; 4.179 ; 4.179 ; 4.179 ;
; SW[8]      ; HEX2[4]     ; 4.059 ;       ;       ; 4.059 ;
; SW[8]      ; HEX2[5]     ; 4.087 ;       ;       ; 4.087 ;
; SW[8]      ; HEX2[6]     ; 4.020 ; 4.020 ; 4.020 ; 4.020 ;
; SW[9]      ; HEX2[0]     ; 4.012 ; 4.012 ; 4.012 ; 4.012 ;
; SW[9]      ; HEX2[1]     ; 3.939 ; 3.939 ; 3.939 ; 3.939 ;
; SW[9]      ; HEX2[2]     ; 3.909 ;       ;       ; 3.909 ;
; SW[9]      ; HEX2[3]     ; 3.952 ; 3.952 ; 3.952 ; 3.952 ;
; SW[9]      ; HEX2[4]     ;       ; 3.832 ; 3.832 ;       ;
; SW[9]      ; HEX2[5]     ; 3.866 ; 3.866 ; 3.866 ; 3.866 ;
; SW[9]      ; HEX2[6]     ; 3.796 ; 3.796 ; 3.796 ; 3.796 ;
; SW[10]     ; HEX2[0]     ; 4.134 ; 4.134 ; 4.134 ; 4.134 ;
; SW[10]     ; HEX2[1]     ; 4.071 ;       ;       ; 4.071 ;
; SW[10]     ; HEX2[2]     ; 4.047 ; 4.047 ; 4.047 ; 4.047 ;
; SW[10]     ; HEX2[3]     ; 4.089 ; 4.089 ; 4.089 ; 4.089 ;
; SW[10]     ; HEX2[4]     ; 3.956 ; 3.956 ; 3.956 ; 3.956 ;
; SW[10]     ; HEX2[5]     ; 3.993 ; 3.993 ; 3.993 ; 3.993 ;
; SW[10]     ; HEX2[6]     ; 3.931 ; 3.931 ; 3.931 ; 3.931 ;
; SW[11]     ; HEX2[0]     ; 3.989 ; 3.989 ; 3.989 ; 3.989 ;
; SW[11]     ; HEX2[1]     ; 3.922 ; 3.922 ; 3.922 ; 3.922 ;
; SW[11]     ; HEX2[2]     ; 3.898 ; 3.898 ; 3.898 ; 3.898 ;
; SW[11]     ; HEX2[3]     ; 3.940 ; 3.940 ; 3.940 ; 3.940 ;
; SW[11]     ; HEX2[4]     ;       ; 3.808 ; 3.808 ;       ;
; SW[11]     ; HEX2[5]     ; 3.844 ; 3.844 ; 3.844 ; 3.844 ;
; SW[11]     ; HEX2[6]     ; 3.781 ; 3.781 ; 3.781 ; 3.781 ;
+------------+-------------+-------+-------+-------+-------+


+----------------------------------------------------------------------------+
; Multicorner Timing Analysis Summary                                        ;
+------------------+-------+------+----------+---------+---------------------+
; Clock            ; Setup ; Hold ; Recovery ; Removal ; Minimum Pulse Width ;
+------------------+-------+------+----------+---------+---------------------+
; Worst-case Slack ; N/A   ; N/A  ; N/A      ; N/A     ; N/A                 ;
; Design-wide TNS  ; 0.0   ; 0.0  ; 0.0      ; 0.0     ; 0.0                 ;
+------------------+-------+------+----------+---------+---------------------+


+--------------------------------------------------------------+
; Progagation Delay                                            ;
+------------+-------------+--------+--------+--------+--------+
; Input Port ; Output Port ; RR     ; RF     ; FR     ; FF     ;
+------------+-------------+--------+--------+--------+--------+
; KEY[0]     ; HEX0[0]     ; 12.280 ;        ;        ; 12.280 ;
; KEY[0]     ; HEX0[1]     ; 12.276 ;        ;        ; 12.276 ;
; KEY[0]     ; HEX0[2]     ; 12.270 ;        ;        ; 12.270 ;
; KEY[0]     ; HEX0[3]     ; 12.253 ;        ;        ; 12.253 ;
; KEY[0]     ; HEX0[4]     ; 12.247 ; 12.247 ; 12.247 ; 12.247 ;
; KEY[0]     ; HEX0[5]     ; 12.041 ;        ;        ; 12.041 ;
; KEY[0]     ; HEX0[6]     ; 12.026 ;        ;        ; 12.026 ;
; KEY[0]     ; HEX1[0]     ;        ; 11.484 ; 11.484 ;        ;
; KEY[0]     ; HEX1[1]     ; 11.482 ; 11.482 ; 11.482 ; 11.482 ;
; KEY[0]     ; HEX1[2]     ;        ; 11.089 ; 11.089 ;        ;
; KEY[0]     ; HEX1[3]     ; 11.042 ;        ;        ; 11.042 ;
; KEY[0]     ; HEX1[4]     ;        ; 11.103 ; 11.103 ;        ;
; KEY[0]     ; HEX1[5]     ;        ; 11.381 ; 11.381 ;        ;
; KEY[0]     ; HEX1[6]     ; 11.398 ;        ;        ; 11.398 ;
; KEY[0]     ; HEX2[0]     ;        ; 11.431 ; 11.431 ;        ;
; KEY[0]     ; HEX2[1]     ; 11.383 ; 11.383 ; 11.383 ; 11.383 ;
; KEY[0]     ; HEX2[2]     ; 11.421 ; 11.421 ; 11.421 ; 11.421 ;
; KEY[0]     ; HEX2[3]     ;        ; 11.484 ; 11.484 ;        ;
; KEY[0]     ; HEX2[4]     ;        ; 11.185 ; 11.185 ;        ;
; KEY[0]     ; HEX2[5]     ;        ; 11.369 ; 11.369 ;        ;
; KEY[0]     ; HEX2[6]     ; 11.176 ;        ;        ; 11.176 ;
; KEY[1]     ; HEX0[0]     ;        ; 11.181 ; 11.181 ;        ;
; KEY[1]     ; HEX0[1]     ; 11.324 ;        ;        ; 11.324 ;
; KEY[1]     ; HEX0[2]     ;        ; 11.319 ; 11.319 ;        ;
; KEY[1]     ; HEX0[3]     ; 11.157 ;        ;        ; 11.157 ;
; KEY[1]     ; HEX0[4]     ; 11.291 ; 11.291 ; 11.291 ; 11.291 ;
; KEY[1]     ; HEX0[5]     ; 10.945 ;        ;        ; 10.945 ;
; KEY[1]     ; HEX0[6]     ; 11.075 ;        ;        ; 11.075 ;
; KEY[1]     ; HEX1[0]     ;        ; 10.190 ; 10.190 ;        ;
; KEY[1]     ; HEX1[1]     ; 10.190 ; 10.190 ; 10.190 ; 10.190 ;
; KEY[1]     ; HEX1[2]     ;        ; 9.782  ; 9.782  ;        ;
; KEY[1]     ; HEX1[3]     ; 9.743  ;        ;        ; 9.743  ;
; KEY[1]     ; HEX1[4]     ; 9.812  ;        ;        ; 9.812  ;
; KEY[1]     ; HEX1[5]     ;        ; 10.081 ; 10.081 ;        ;
; KEY[1]     ; HEX1[6]     ; 10.091 ;        ;        ; 10.091 ;
; KEY[1]     ; HEX2[0]     ;        ; 10.266 ; 10.266 ;        ;
; KEY[1]     ; HEX2[1]     ; 10.219 ; 10.219 ; 10.219 ; 10.219 ;
; KEY[1]     ; HEX2[2]     ; 10.257 ; 10.257 ; 10.257 ; 10.257 ;
; KEY[1]     ; HEX2[3]     ;        ; 10.307 ; 10.307 ;        ;
; KEY[1]     ; HEX2[4]     ; 10.006 ;        ;        ; 10.006 ;
; KEY[1]     ; HEX2[5]     ;        ; 9.664  ; 9.664  ;        ;
; KEY[1]     ; HEX2[6]     ; 9.999  ;        ;        ; 9.999  ;
; SW[0]      ; HEX0[0]     ; 8.638  ; 8.638  ; 8.638  ; 8.638  ;
; SW[0]      ; HEX0[1]     ; 8.494  ; 8.494  ; 8.494  ; 8.494  ;
; SW[0]      ; HEX0[2]     ;        ; 8.429  ; 8.429  ;        ;
; SW[0]      ; HEX0[3]     ; 8.645  ; 8.645  ; 8.645  ; 8.645  ;
; SW[0]      ; HEX0[4]     ; 8.469  ;        ;        ; 8.469  ;
; SW[0]      ; HEX0[5]     ; 8.393  ;        ;        ; 8.393  ;
; SW[0]      ; HEX0[6]     ; 8.243  ; 8.243  ; 8.243  ; 8.243  ;
; SW[1]      ; HEX0[0]     ; 8.194  ; 8.194  ; 8.194  ; 8.194  ;
; SW[1]      ; HEX0[1]     ; 8.059  ; 8.059  ; 8.059  ; 8.059  ;
; SW[1]      ; HEX0[2]     ; 8.011  ;        ;        ; 8.011  ;
; SW[1]      ; HEX0[3]     ; 8.200  ; 8.200  ; 8.200  ; 8.200  ;
; SW[1]      ; HEX0[4]     ;        ; 8.033  ; 8.033  ;        ;
; SW[1]      ; HEX0[5]     ; 7.955  ; 7.955  ; 7.955  ; 7.955  ;
; SW[1]      ; HEX0[6]     ; 7.804  ; 7.804  ; 7.804  ; 7.804  ;
; SW[2]      ; HEX0[0]     ; 8.014  ; 8.014  ; 8.014  ; 8.014  ;
; SW[2]      ; HEX0[1]     ; 7.873  ;        ;        ; 7.873  ;
; SW[2]      ; HEX0[2]     ; 7.831  ; 7.831  ; 7.831  ; 7.831  ;
; SW[2]      ; HEX0[3]     ; 8.019  ; 8.019  ; 8.019  ; 8.019  ;
; SW[2]      ; HEX0[4]     ; 7.848  ; 7.848  ; 7.848  ; 7.848  ;
; SW[2]      ; HEX0[5]     ; 7.772  ; 7.772  ; 7.772  ; 7.772  ;
; SW[2]      ; HEX0[6]     ; 7.619  ; 7.619  ; 7.619  ; 7.619  ;
; SW[3]      ; HEX0[0]     ; 6.798  ; 6.798  ; 6.798  ; 6.798  ;
; SW[3]      ; HEX0[1]     ; 6.670  ; 6.670  ; 6.670  ; 6.670  ;
; SW[3]      ; HEX0[2]     ; 6.592  ; 6.592  ; 6.592  ; 6.592  ;
; SW[3]      ; HEX0[3]     ; 6.809  ; 6.809  ; 6.809  ; 6.809  ;
; SW[3]      ; HEX0[4]     ;        ; 6.644  ; 6.644  ;        ;
; SW[3]      ; HEX0[5]     ; 6.534  ; 6.534  ; 6.534  ; 6.534  ;
; SW[3]      ; HEX0[6]     ; 6.416  ; 6.416  ; 6.416  ; 6.416  ;
; SW[4]      ; HEX1[0]     ; 7.420  ; 7.420  ; 7.420  ; 7.420  ;
; SW[4]      ; HEX1[1]     ; 7.369  ; 7.369  ; 7.369  ; 7.369  ;
; SW[4]      ; HEX1[2]     ;        ; 6.994  ; 6.994  ;        ;
; SW[4]      ; HEX1[3]     ; 6.960  ; 6.960  ; 6.960  ; 6.960  ;
; SW[4]      ; HEX1[4]     ; 6.990  ;        ;        ; 6.990  ;
; SW[4]      ; HEX1[5]     ; 7.312  ;        ;        ; 7.312  ;
; SW[4]      ; HEX1[6]     ; 7.283  ; 7.283  ; 7.283  ; 7.283  ;
; SW[5]      ; HEX1[0]     ; 7.143  ; 7.143  ; 7.143  ; 7.143  ;
; SW[5]      ; HEX1[1]     ; 7.095  ; 7.095  ; 7.095  ; 7.095  ;
; SW[5]      ; HEX1[2]     ; 6.741  ;        ;        ; 6.741  ;
; SW[5]      ; HEX1[3]     ; 6.691  ; 6.691  ; 6.691  ; 6.691  ;
; SW[5]      ; HEX1[4]     ;        ; 6.719  ; 6.719  ;        ;
; SW[5]      ; HEX1[5]     ; 7.036  ; 7.036  ; 7.036  ; 7.036  ;
; SW[5]      ; HEX1[6]     ; 7.013  ; 7.013  ; 7.013  ; 7.013  ;
; SW[6]      ; HEX1[0]     ; 7.367  ; 7.367  ; 7.367  ; 7.367  ;
; SW[6]      ; HEX1[1]     ; 7.318  ;        ;        ; 7.318  ;
; SW[6]      ; HEX1[2]     ; 6.964  ; 6.964  ; 6.964  ; 6.964  ;
; SW[6]      ; HEX1[3]     ; 6.906  ; 6.906  ; 6.906  ; 6.906  ;
; SW[6]      ; HEX1[4]     ; 6.931  ; 6.931  ; 6.931  ; 6.931  ;
; SW[6]      ; HEX1[5]     ; 7.259  ; 7.259  ; 7.259  ; 7.259  ;
; SW[6]      ; HEX1[6]     ; 7.220  ; 7.220  ; 7.220  ; 7.220  ;
; SW[7]      ; HEX1[0]     ; 8.104  ; 8.104  ; 8.104  ; 8.104  ;
; SW[7]      ; HEX1[1]     ; 8.057  ; 8.057  ; 8.057  ; 8.057  ;
; SW[7]      ; HEX1[2]     ; 7.703  ; 7.703  ; 7.703  ; 7.703  ;
; SW[7]      ; HEX1[3]     ; 7.646  ; 7.646  ; 7.646  ; 7.646  ;
; SW[7]      ; HEX1[4]     ;        ; 7.672  ; 7.672  ;        ;
; SW[7]      ; HEX1[5]     ; 7.997  ; 7.997  ; 7.997  ; 7.997  ;
; SW[7]      ; HEX1[6]     ; 7.962  ; 7.962  ; 7.962  ; 7.962  ;
; SW[8]      ; HEX2[0]     ; 8.165  ; 8.165  ; 8.165  ; 8.165  ;
; SW[8]      ; HEX2[1]     ; 8.079  ; 8.079  ; 8.079  ; 8.079  ;
; SW[8]      ; HEX2[2]     ;        ; 7.958  ; 7.958  ;        ;
; SW[8]      ; HEX2[3]     ; 8.040  ; 8.040  ; 8.040  ; 8.040  ;
; SW[8]      ; HEX2[4]     ; 7.736  ;        ;        ; 7.736  ;
; SW[8]      ; HEX2[5]     ; 7.868  ;        ;        ; 7.868  ;
; SW[8]      ; HEX2[6]     ; 7.732  ; 7.732  ; 7.732  ; 7.732  ;
; SW[9]      ; HEX2[0]     ; 7.744  ; 7.744  ; 7.744  ; 7.744  ;
; SW[9]      ; HEX2[1]     ; 7.655  ; 7.655  ; 7.655  ; 7.655  ;
; SW[9]      ; HEX2[2]     ; 7.552  ;        ;        ; 7.552  ;
; SW[9]      ; HEX2[3]     ; 7.611  ; 7.611  ; 7.611  ; 7.611  ;
; SW[9]      ; HEX2[4]     ;        ; 7.311  ; 7.311  ;        ;
; SW[9]      ; HEX2[5]     ; 7.444  ; 7.444  ; 7.444  ; 7.444  ;
; SW[9]      ; HEX2[6]     ; 7.304  ; 7.304  ; 7.304  ; 7.304  ;
; SW[10]     ; HEX2[0]     ; 8.061  ; 8.061  ; 8.061  ; 8.061  ;
; SW[10]     ; HEX2[1]     ; 7.983  ;        ;        ; 7.983  ;
; SW[10]     ; HEX2[2]     ; 7.889  ; 7.889  ; 7.889  ; 7.889  ;
; SW[10]     ; HEX2[3]     ; 7.948  ; 7.948  ; 7.948  ; 7.948  ;
; SW[10]     ; HEX2[4]     ; 7.630  ; 7.630  ; 7.630  ; 7.630  ;
; SW[10]     ; HEX2[5]     ; 7.765  ; 7.765  ; 7.765  ; 7.765  ;
; SW[10]     ; HEX2[6]     ; 7.637  ; 7.637  ; 7.637  ; 7.637  ;
; SW[11]     ; HEX2[0]     ; 7.756  ; 7.756  ; 7.756  ; 7.756  ;
; SW[11]     ; HEX2[1]     ; 7.676  ; 7.676  ; 7.676  ; 7.676  ;
; SW[11]     ; HEX2[2]     ; 7.582  ; 7.582  ; 7.582  ; 7.582  ;
; SW[11]     ; HEX2[3]     ; 7.642  ; 7.642  ; 7.642  ; 7.642  ;
; SW[11]     ; HEX2[4]     ;        ; 7.325  ; 7.325  ;        ;
; SW[11]     ; HEX2[5]     ; 7.460  ; 7.460  ; 7.460  ; 7.460  ;
; SW[11]     ; HEX2[6]     ; 7.325  ; 7.325  ; 7.325  ; 7.325  ;
+------------+-------------+--------+--------+--------+--------+


+----------------------------------------------------------+
; Minimum Progagation Delay                                ;
+------------+-------------+-------+-------+-------+-------+
; Input Port ; Output Port ; RR    ; RF    ; FR    ; FF    ;
+------------+-------------+-------+-------+-------+-------+
; KEY[0]     ; HEX0[0]     ; 6.880 ;       ;       ; 6.880 ;
; KEY[0]     ; HEX0[1]     ; 6.869 ;       ;       ; 6.869 ;
; KEY[0]     ; HEX0[2]     ; 6.868 ;       ;       ; 6.868 ;
; KEY[0]     ; HEX0[3]     ; 6.862 ;       ;       ; 6.862 ;
; KEY[0]     ; HEX0[4]     ; 6.858 ; 6.858 ; 6.858 ; 6.858 ;
; KEY[0]     ; HEX0[5]     ; 6.761 ;       ;       ; 6.761 ;
; KEY[0]     ; HEX0[6]     ; 6.757 ;       ;       ; 6.757 ;
; KEY[0]     ; HEX1[0]     ;       ; 6.417 ; 6.417 ;       ;
; KEY[0]     ; HEX1[1]     ; 6.415 ; 6.415 ; 6.415 ; 6.415 ;
; KEY[0]     ; HEX1[2]     ;       ; 6.191 ; 6.191 ;       ;
; KEY[0]     ; HEX1[3]     ; 6.164 ;       ;       ; 6.164 ;
; KEY[0]     ; HEX1[4]     ;       ; 6.205 ; 6.205 ;       ;
; KEY[0]     ; HEX1[5]     ;       ; 6.325 ; 6.325 ;       ;
; KEY[0]     ; HEX1[6]     ; 6.344 ;       ;       ; 6.344 ;
; KEY[0]     ; HEX2[0]     ;       ; 6.378 ; 6.378 ;       ;
; KEY[0]     ; HEX2[1]     ; 6.333 ; 6.333 ; 6.333 ; 6.333 ;
; KEY[0]     ; HEX2[2]     ; 6.372 ; 6.372 ; 6.372 ; 6.372 ;
; KEY[0]     ; HEX2[3]     ;       ; 6.413 ; 6.413 ;       ;
; KEY[0]     ; HEX2[4]     ;       ; 6.269 ; 6.269 ;       ;
; KEY[0]     ; HEX2[5]     ;       ; 6.362 ; 6.362 ;       ;
; KEY[0]     ; HEX2[6]     ; 6.258 ;       ;       ; 6.258 ;
; KEY[1]     ; HEX0[0]     ;       ; 6.228 ; 6.228 ;       ;
; KEY[1]     ; HEX0[1]     ; 6.290 ;       ;       ; 6.290 ;
; KEY[1]     ; HEX0[2]     ;       ; 6.288 ; 6.288 ;       ;
; KEY[1]     ; HEX0[3]     ; 6.212 ;       ;       ; 6.212 ;
; KEY[1]     ; HEX0[4]     ; 6.282 ; 6.282 ; 6.282 ; 6.282 ;
; KEY[1]     ; HEX0[5]     ; 6.112 ;       ;       ; 6.112 ;
; KEY[1]     ; HEX0[6]     ; 6.182 ;       ;       ; 6.182 ;
; KEY[1]     ; HEX1[0]     ;       ; 5.707 ; 5.707 ;       ;
; KEY[1]     ; HEX1[1]     ; 5.708 ; 5.708 ; 5.708 ; 5.708 ;
; KEY[1]     ; HEX1[2]     ;       ; 5.471 ; 5.471 ;       ;
; KEY[1]     ; HEX1[3]     ; 5.453 ;       ;       ; 5.453 ;
; KEY[1]     ; HEX1[4]     ; 5.527 ;       ;       ; 5.527 ;
; KEY[1]     ; HEX1[5]     ;       ; 5.611 ; 5.611 ;       ;
; KEY[1]     ; HEX1[6]     ; 5.655 ;       ;       ; 5.655 ;
; KEY[1]     ; HEX2[0]     ;       ; 5.707 ; 5.707 ;       ;
; KEY[1]     ; HEX2[1]     ; 5.658 ; 5.658 ; 5.658 ; 5.658 ;
; KEY[1]     ; HEX2[2]     ; 5.697 ; 5.697 ; 5.697 ; 5.697 ;
; KEY[1]     ; HEX2[3]     ;       ; 5.733 ; 5.733 ;       ;
; KEY[1]     ; HEX2[4]     ; 5.586 ;       ;       ; 5.586 ;
; KEY[1]     ; HEX2[5]     ;       ; 5.434 ; 5.434 ;       ;
; KEY[1]     ; HEX2[6]     ; 5.580 ;       ;       ; 5.580 ;
; SW[0]      ; HEX0[0]     ; 4.462 ; 4.462 ; 4.462 ; 4.462 ;
; SW[0]      ; HEX0[1]     ; 4.385 ; 4.385 ; 4.385 ; 4.385 ;
; SW[0]      ; HEX0[2]     ;       ; 4.385 ; 4.385 ;       ;
; SW[0]      ; HEX0[3]     ; 4.454 ; 4.454 ; 4.454 ; 4.454 ;
; SW[0]      ; HEX0[4]     ; 4.377 ;       ;       ; 4.377 ;
; SW[0]      ; HEX0[5]     ; 4.346 ;       ;       ; 4.346 ;
; SW[0]      ; HEX0[6]     ; 4.269 ; 4.269 ; 4.269 ; 4.269 ;
; SW[1]      ; HEX0[0]     ; 4.229 ; 4.229 ; 4.229 ; 4.229 ;
; SW[1]      ; HEX0[1]     ; 4.161 ; 4.161 ; 4.161 ; 4.161 ;
; SW[1]      ; HEX0[2]     ; 4.150 ;       ;       ; 4.150 ;
; SW[1]      ; HEX0[3]     ; 4.222 ; 4.222 ; 4.222 ; 4.222 ;
; SW[1]      ; HEX0[4]     ;       ; 4.152 ; 4.152 ;       ;
; SW[1]      ; HEX0[5]     ; 4.111 ; 4.111 ; 4.111 ; 4.111 ;
; SW[1]      ; HEX0[6]     ; 4.042 ; 4.042 ; 4.042 ; 4.042 ;
; SW[2]      ; HEX0[0]     ; 4.128 ; 4.128 ; 4.128 ; 4.128 ;
; SW[2]      ; HEX0[1]     ; 4.053 ;       ;       ; 4.053 ;
; SW[2]      ; HEX0[2]     ; 4.049 ; 4.049 ; 4.049 ; 4.049 ;
; SW[2]      ; HEX0[3]     ; 4.120 ; 4.120 ; 4.120 ; 4.120 ;
; SW[2]      ; HEX0[4]     ; 4.045 ; 4.045 ; 4.045 ; 4.045 ;
; SW[2]      ; HEX0[5]     ; 4.009 ; 4.009 ; 4.009 ; 4.009 ;
; SW[2]      ; HEX0[6]     ; 3.937 ; 3.937 ; 3.937 ; 3.937 ;
; SW[3]      ; HEX0[0]     ; 3.467 ; 3.467 ; 3.467 ; 3.467 ;
; SW[3]      ; HEX0[1]     ; 3.405 ; 3.405 ; 3.405 ; 3.405 ;
; SW[3]      ; HEX0[2]     ; 3.397 ; 3.397 ; 3.397 ; 3.397 ;
; SW[3]      ; HEX0[3]     ; 3.465 ; 3.465 ; 3.465 ; 3.465 ;
; SW[3]      ; HEX0[4]     ;       ; 3.397 ; 3.397 ;       ;
; SW[3]      ; HEX0[5]     ; 3.356 ; 3.356 ; 3.356 ; 3.356 ;
; SW[3]      ; HEX0[6]     ; 3.288 ; 3.288 ; 3.288 ; 3.288 ;
; SW[4]      ; HEX1[0]     ; 3.774 ; 3.774 ; 3.774 ; 3.774 ;
; SW[4]      ; HEX1[1]     ; 3.750 ; 3.750 ; 3.750 ; 3.750 ;
; SW[4]      ; HEX1[2]     ;       ; 3.540 ; 3.540 ;       ;
; SW[4]      ; HEX1[3]     ; 3.509 ; 3.509 ; 3.509 ; 3.509 ;
; SW[4]      ; HEX1[4]     ; 3.548 ;       ;       ; 3.548 ;
; SW[4]      ; HEX1[5]     ; 3.676 ;       ;       ; 3.676 ;
; SW[4]      ; HEX1[6]     ; 3.689 ; 3.689 ; 3.689 ; 3.689 ;
; SW[5]      ; HEX1[0]     ; 3.647 ; 3.647 ; 3.647 ; 3.647 ;
; SW[5]      ; HEX1[1]     ; 3.631 ; 3.631 ; 3.631 ; 3.631 ;
; SW[5]      ; HEX1[2]     ; 3.418 ;       ;       ; 3.418 ;
; SW[5]      ; HEX1[3]     ; 3.389 ; 3.389 ; 3.389 ; 3.389 ;
; SW[5]      ; HEX1[4]     ;       ; 3.430 ; 3.430 ;       ;
; SW[5]      ; HEX1[5]     ; 3.554 ; 3.554 ; 3.554 ; 3.554 ;
; SW[5]      ; HEX1[6]     ; 3.575 ; 3.575 ; 3.575 ; 3.575 ;
; SW[6]      ; HEX1[0]     ; 3.763 ; 3.763 ; 3.763 ; 3.763 ;
; SW[6]      ; HEX1[1]     ; 3.744 ;       ;       ; 3.744 ;
; SW[6]      ; HEX1[2]     ; 3.534 ; 3.534 ; 3.534 ; 3.534 ;
; SW[6]      ; HEX1[3]     ; 3.497 ; 3.497 ; 3.497 ; 3.497 ;
; SW[6]      ; HEX1[4]     ; 3.533 ; 3.533 ; 3.533 ; 3.533 ;
; SW[6]      ; HEX1[5]     ; 3.670 ; 3.670 ; 3.670 ; 3.670 ;
; SW[6]      ; HEX1[6]     ; 3.676 ; 3.676 ; 3.676 ; 3.676 ;
; SW[7]      ; HEX1[0]     ; 4.215 ; 4.215 ; 4.215 ; 4.215 ;
; SW[7]      ; HEX1[1]     ; 4.190 ; 4.190 ; 4.190 ; 4.190 ;
; SW[7]      ; HEX1[2]     ; 3.980 ; 3.980 ; 3.980 ; 3.980 ;
; SW[7]      ; HEX1[3]     ; 3.945 ; 3.945 ; 3.945 ; 3.945 ;
; SW[7]      ; HEX1[4]     ;       ; 3.982 ; 3.982 ;       ;
; SW[7]      ; HEX1[5]     ; 4.116 ; 4.116 ; 4.116 ; 4.116 ;
; SW[7]      ; HEX1[6]     ; 4.123 ; 4.123 ; 4.123 ; 4.123 ;
; SW[8]      ; HEX2[0]     ; 4.238 ; 4.238 ; 4.238 ; 4.238 ;
; SW[8]      ; HEX2[1]     ; 4.167 ; 4.167 ; 4.167 ; 4.167 ;
; SW[8]      ; HEX2[2]     ;       ; 4.137 ; 4.137 ;       ;
; SW[8]      ; HEX2[3]     ; 4.179 ; 4.179 ; 4.179 ; 4.179 ;
; SW[8]      ; HEX2[4]     ; 4.059 ;       ;       ; 4.059 ;
; SW[8]      ; HEX2[5]     ; 4.087 ;       ;       ; 4.087 ;
; SW[8]      ; HEX2[6]     ; 4.020 ; 4.020 ; 4.020 ; 4.020 ;
; SW[9]      ; HEX2[0]     ; 4.012 ; 4.012 ; 4.012 ; 4.012 ;
; SW[9]      ; HEX2[1]     ; 3.939 ; 3.939 ; 3.939 ; 3.939 ;
; SW[9]      ; HEX2[2]     ; 3.909 ;       ;       ; 3.909 ;
; SW[9]      ; HEX2[3]     ; 3.952 ; 3.952 ; 3.952 ; 3.952 ;
; SW[9]      ; HEX2[4]     ;       ; 3.832 ; 3.832 ;       ;
; SW[9]      ; HEX2[5]     ; 3.866 ; 3.866 ; 3.866 ; 3.866 ;
; SW[9]      ; HEX2[6]     ; 3.796 ; 3.796 ; 3.796 ; 3.796 ;
; SW[10]     ; HEX2[0]     ; 4.134 ; 4.134 ; 4.134 ; 4.134 ;
; SW[10]     ; HEX2[1]     ; 4.071 ;       ;       ; 4.071 ;
; SW[10]     ; HEX2[2]     ; 4.047 ; 4.047 ; 4.047 ; 4.047 ;
; SW[10]     ; HEX2[3]     ; 4.089 ; 4.089 ; 4.089 ; 4.089 ;
; SW[10]     ; HEX2[4]     ; 3.956 ; 3.956 ; 3.956 ; 3.956 ;
; SW[10]     ; HEX2[5]     ; 3.993 ; 3.993 ; 3.993 ; 3.993 ;
; SW[10]     ; HEX2[6]     ; 3.931 ; 3.931 ; 3.931 ; 3.931 ;
; SW[11]     ; HEX2[0]     ; 3.989 ; 3.989 ; 3.989 ; 3.989 ;
; SW[11]     ; HEX2[1]     ; 3.922 ; 3.922 ; 3.922 ; 3.922 ;
; SW[11]     ; HEX2[2]     ; 3.898 ; 3.898 ; 3.898 ; 3.898 ;
; SW[11]     ; HEX2[3]     ; 3.940 ; 3.940 ; 3.940 ; 3.940 ;
; SW[11]     ; HEX2[4]     ;       ; 3.808 ; 3.808 ;       ;
; SW[11]     ; HEX2[5]     ; 3.844 ; 3.844 ; 3.844 ; 3.844 ;
; SW[11]     ; HEX2[6]     ; 3.781 ; 3.781 ; 3.781 ; 3.781 ;
+------------+-------------+-------+-------+-------+-------+


-------------------
; Clock Transfers ;
-------------------
Nothing to report.


---------------
; Report TCCS ;
---------------
No dedicated SERDES Transmitter circuitry present in device or used in design


---------------
; Report RSKM ;
---------------
No dedicated SERDES Receiver circuitry present in device or used in design


+------------------------------------------------+
; Unconstrained Paths                            ;
+---------------------------------+-------+------+
; Property                        ; Setup ; Hold ;
+---------------------------------+-------+------+
; Illegal Clocks                  ; 0     ; 0    ;
; Unconstrained Clocks            ; 0     ; 0    ;
; Unconstrained Input Ports       ; 14    ; 14   ;
; Unconstrained Input Port Paths  ; 126   ; 126  ;
; Unconstrained Output Ports      ; 21    ; 21   ;
; Unconstrained Output Port Paths ; 126   ; 126  ;
+---------------------------------+-------+------+


+------------------------------------+
; TimeQuest Timing Analyzer Messages ;
+------------------------------------+
Info: *******************************************************************
Info: Running Quartus II 64-Bit TimeQuest Timing Analyzer
    Info: Version 13.0.1 Build 232 06/12/2013 Service Pack 1 SJ Web Edition
    Info: Processing started: Tue Oct 11 13:54:29 2022
Info: Command: quartus_sta 7-bit -c 7-bit
Info: qsta_default_script.tcl version: #1
Warning (20028): Parallel compilation is not licensed and has been disabled
Info (21077): Low junction temperature is 0 degrees C
Info (21077): High junction temperature is 85 degrees C
Critical Warning (332012): Synopsys Design Constraints File file not found: '7-bit.sdc'. A Synopsys Design Constraints File is required by the TimeQuest Timing Analyzer to get proper timing constraints. Without it, the Compiler will not properly optimize the design.
Info (332142): No user constrained base clocks found in the design. Calling "derive_clocks -period 1.0"
Info (332096): The command derive_clocks did not find any clocks to derive.  No clocks were created or changed.
Warning (332068): No clocks defined in design.
Info: Found TIMEQUEST_REPORT_SCRIPT_INCLUDE_DEFAULT_ANALYSIS = ON
Info (332159): No clocks to report
Info: Analyzing Slow Model
Info (332140): No fmax paths to report
Info (332140): No Setup paths to report
Info (332140): No Hold paths to report
Info (332140): No Recovery paths to report
Info (332140): No Removal paths to report
Info (332140): No Minimum Pulse Width paths to report
Info (332001): The selected device family is not supported by the report_metastability command.
Info: Analyzing Fast Model
Info (332142): No user constrained base clocks found in the design. Calling "derive_clocks -period 1.0"
Info (332096): The command derive_clocks did not find any clocks to derive.  No clocks were created or changed.
Warning (332068): No clocks defined in design.
Info (332140): No Setup paths to report
Info (332140): No Hold paths to report
Info (332140): No Recovery paths to report
Info (332140): No Removal paths to report
Info (332140): No Minimum Pulse Width paths to report
Info (332001): The selected device family is not supported by the report_metastability command.
Info (332102): Design is not fully constrained for setup requirements
Info (332102): Design is not fully constrained for hold requirements
Info: Quartus II 64-Bit TimeQuest Timing Analyzer was successful. 0 errors, 4 warnings
    Info: Peak virtual memory: 4540 megabytes
    Info: Processing ended: Tue Oct 11 13:54:31 2022
    Info: Elapsed time: 00:00:02
    Info: Total CPU time (on all processors): 00:00:01


