TimeQuest Timing Analyzer report for exercise3
Thu Sep 29 10:44:48 2022
Quartus II 64-Bit Version 13.0.1 Build 232 06/12/2013 Service Pack 1 SJ Web Edition


---------------------
; Table of Contents ;
---------------------
  1. Legal Notice
  2. TimeQuest Timing Analyzer Summary
  3. Parallel Compilation
  4. Clocks
  5. Slow Model Fmax Summary
  6. Slow Model Setup Summary
  7. Slow Model Hold Summary
  8. Slow Model Recovery Summary
  9. Slow Model Removal Summary
 10. Slow Model Minimum Pulse Width Summary
 11. Propagation Delay
 12. Minimum Propagation Delay
 13. Fast Model Setup Summary
 14. Fast Model Hold Summary
 15. Fast Model Recovery Summary
 16. Fast Model Removal Summary
 17. Fast Model Minimum Pulse Width Summary
 18. Propagation Delay
 19. Minimum Propagation Delay
 20. Multicorner Timing Analysis Summary
 21. Progagation Delay
 22. Minimum Progagation Delay
 23. Clock Transfers
 24. Report TCCS
 25. Report RSKM
 26. Unconstrained Paths
 27. TimeQuest Timing Analyzer Messages



----------------
; Legal Notice ;
----------------
Copyright (C) 1991-2013 Altera Corporation
Your use of Altera Corporation's design tools, logic functions 
and other software and tools, and its AMPP partner logic 
functions, and any output files from any of the foregoing 
(including device programming or simulation files), and any 
associated documentation or information are expressly subject 
to the terms and conditions of the Altera Program License 
Subscription Agreement, Altera MegaCore Function License 
Agreement, or other applicable license agreement, including, 
without limitation, that your use is for the sole purpose of 
programming logic devices manufactured by Altera and sold by 
Altera or its authorized distributors.  Please refer to the 
applicable agreement for further details.



+----------------------------------------------------------------------------------------+
; TimeQuest Timing Analyzer Summary                                                      ;
+--------------------+-------------------------------------------------------------------+
; Quartus II Version ; Version 13.0.1 Build 232 06/12/2013 Service Pack 1 SJ Web Edition ;
; Revision Name      ; exercise3                                                         ;
; Device Family      ; Cyclone II                                                        ;
; Device Name        ; EP2C35F672C6                                                      ;
; Timing Models      ; Final                                                             ;
; Delay Model        ; Combined                                                          ;
; Rise/Fall Delays   ; Unavailable                                                       ;
+--------------------+-------------------------------------------------------------------+


Parallel compilation was disabled, but you have multiple processors available. Enable parallel compilation to reduce compilation time.
+-------------------------------------+
; Parallel Compilation                ;
+----------------------------+--------+
; Processors                 ; Number ;
+----------------------------+--------+
; Number detected on machine ; 8      ;
; Maximum allowed            ; 1      ;
+----------------------------+--------+


----------
; Clocks ;
----------
No clocks to report.


---------------------------
; Slow Model Fmax Summary ;
---------------------------
No paths to report.


----------------------------
; Slow Model Setup Summary ;
----------------------------
No paths to report.


---------------------------
; Slow Model Hold Summary ;
---------------------------
No paths to report.


-------------------------------
; Slow Model Recovery Summary ;
-------------------------------
No paths to report.


------------------------------
; Slow Model Removal Summary ;
------------------------------
No paths to report.


------------------------------------------
; Slow Model Minimum Pulse Width Summary ;
------------------------------------------
No paths to report.


+--------------------------------------------------------------+
; Propagation Delay                                            ;
+------------+-------------+--------+--------+--------+--------+
; Input Port ; Output Port ; RR     ; RF     ; FR     ; FF     ;
+------------+-------------+--------+--------+--------+--------+
; SW[0]      ; LEDR[0]     ; 10.077 ; 10.077 ; 10.077 ; 10.077 ;
; SW[0]      ; LEDR[1]     ; 10.535 ; 10.535 ; 10.535 ; 10.535 ;
; SW[0]      ; LEDR[2]     ; 9.631  ; 9.631  ; 9.631  ; 9.631  ;
; SW[0]      ; LEDR[3]     ; 10.219 ; 10.219 ; 10.219 ; 10.219 ;
; SW[0]      ; LEDR[4]     ; 10.030 ; 10.030 ; 10.030 ; 10.030 ;
; SW[0]      ; LEDR[5]     ; 9.836  ; 9.836  ; 9.836  ; 9.836  ;
; SW[0]      ; LEDR[6]     ; 10.297 ; 10.297 ; 10.297 ; 10.297 ;
; SW[0]      ; LEDR[7]     ; 10.003 ; 10.003 ; 10.003 ; 10.003 ;
; SW[0]      ; LEDR[8]     ; 9.116  ; 9.116  ; 9.116  ; 9.116  ;
; SW[0]      ; LEDR[9]     ; 9.121  ; 9.121  ; 9.121  ; 9.121  ;
; SW[0]      ; LEDR[10]    ; 9.128  ; 9.128  ; 9.128  ; 9.128  ;
; SW[0]      ; LEDR[11]    ; 9.125  ; 9.125  ; 9.125  ; 9.125  ;
; SW[0]      ; LEDR[12]    ; 9.137  ; 9.137  ; 9.137  ; 9.137  ;
; SW[0]      ; LEDR[13]    ; 9.138  ; 9.138  ; 9.138  ; 9.138  ;
; SW[0]      ; LEDR[14]    ; 9.523  ; 9.523  ; 9.523  ; 9.523  ;
; SW[0]      ; LEDR[15]    ; 9.512  ; 9.512  ; 9.512  ; 9.512  ;
; SW[1]      ; LEDR[1]     ; 10.414 ; 10.414 ; 10.414 ; 10.414 ;
; SW[1]      ; LEDR[2]     ; 9.510  ; 9.510  ; 9.510  ; 9.510  ;
; SW[1]      ; LEDR[3]     ; 10.098 ; 10.098 ; 10.098 ; 10.098 ;
; SW[1]      ; LEDR[4]     ; 9.909  ; 9.909  ; 9.909  ; 9.909  ;
; SW[1]      ; LEDR[5]     ; 9.715  ; 9.715  ; 9.715  ; 9.715  ;
; SW[1]      ; LEDR[6]     ; 10.176 ; 10.176 ; 10.176 ; 10.176 ;
; SW[1]      ; LEDR[7]     ; 9.882  ; 9.882  ; 9.882  ; 9.882  ;
; SW[1]      ; LEDR[8]     ; 8.995  ; 8.995  ; 8.995  ; 8.995  ;
; SW[1]      ; LEDR[9]     ; 9.000  ; 9.000  ; 9.000  ; 9.000  ;
; SW[1]      ; LEDR[10]    ; 9.007  ; 9.007  ; 9.007  ; 9.007  ;
; SW[1]      ; LEDR[11]    ; 9.004  ; 9.004  ; 9.004  ; 9.004  ;
; SW[1]      ; LEDR[12]    ; 9.016  ; 9.016  ; 9.016  ; 9.016  ;
; SW[1]      ; LEDR[13]    ; 9.017  ; 9.017  ; 9.017  ; 9.017  ;
; SW[1]      ; LEDR[14]    ; 9.402  ; 9.402  ; 9.402  ; 9.402  ;
; SW[1]      ; LEDR[15]    ; 9.391  ; 9.391  ; 9.391  ; 9.391  ;
; SW[2]      ; LEDR[2]     ; 9.566  ; 9.566  ; 9.566  ; 9.566  ;
; SW[2]      ; LEDR[3]     ; 10.154 ; 10.154 ; 10.154 ; 10.154 ;
; SW[2]      ; LEDR[4]     ; 9.965  ; 9.965  ; 9.965  ; 9.965  ;
; SW[2]      ; LEDR[5]     ; 9.771  ; 9.771  ; 9.771  ; 9.771  ;
; SW[2]      ; LEDR[6]     ; 10.232 ; 10.232 ; 10.232 ; 10.232 ;
; SW[2]      ; LEDR[7]     ; 9.938  ; 9.938  ; 9.938  ; 9.938  ;
; SW[2]      ; LEDR[8]     ; 9.051  ; 9.051  ; 9.051  ; 9.051  ;
; SW[2]      ; LEDR[9]     ; 9.056  ; 9.056  ; 9.056  ; 9.056  ;
; SW[2]      ; LEDR[10]    ; 9.063  ; 9.063  ; 9.063  ; 9.063  ;
; SW[2]      ; LEDR[11]    ; 9.060  ; 9.060  ; 9.060  ; 9.060  ;
; SW[2]      ; LEDR[12]    ; 9.072  ; 9.072  ; 9.072  ; 9.072  ;
; SW[2]      ; LEDR[13]    ; 9.073  ; 9.073  ; 9.073  ; 9.073  ;
; SW[2]      ; LEDR[14]    ; 9.458  ; 9.458  ; 9.458  ; 9.458  ;
; SW[2]      ; LEDR[15]    ; 9.447  ; 9.447  ; 9.447  ; 9.447  ;
; SW[3]      ; LEDR[3]     ; 9.300  ; 9.300  ; 9.300  ; 9.300  ;
; SW[3]      ; LEDR[4]     ; 9.111  ; 9.111  ; 9.111  ; 9.111  ;
; SW[3]      ; LEDR[5]     ; 8.917  ; 8.917  ; 8.917  ; 8.917  ;
; SW[3]      ; LEDR[6]     ; 9.378  ; 9.378  ; 9.378  ; 9.378  ;
; SW[3]      ; LEDR[7]     ; 9.084  ; 9.084  ; 9.084  ; 9.084  ;
; SW[3]      ; LEDR[8]     ; 8.197  ; 8.197  ; 8.197  ; 8.197  ;
; SW[3]      ; LEDR[9]     ; 8.202  ; 8.202  ; 8.202  ; 8.202  ;
; SW[3]      ; LEDR[10]    ; 8.209  ; 8.209  ; 8.209  ; 8.209  ;
; SW[3]      ; LEDR[11]    ; 8.206  ; 8.206  ; 8.206  ; 8.206  ;
; SW[3]      ; LEDR[12]    ; 8.218  ; 8.218  ; 8.218  ; 8.218  ;
; SW[3]      ; LEDR[13]    ; 8.219  ; 8.219  ; 8.219  ; 8.219  ;
; SW[3]      ; LEDR[14]    ; 8.604  ; 8.604  ; 8.604  ; 8.604  ;
; SW[3]      ; LEDR[15]    ; 8.593  ; 8.593  ; 8.593  ; 8.593  ;
; SW[4]      ; LEDR[4]     ; 9.110  ; 9.110  ; 9.110  ; 9.110  ;
; SW[4]      ; LEDR[5]     ; 8.916  ; 8.916  ; 8.916  ; 8.916  ;
; SW[4]      ; LEDR[6]     ; 9.377  ; 9.377  ; 9.377  ; 9.377  ;
; SW[4]      ; LEDR[7]     ; 9.083  ; 9.083  ; 9.083  ; 9.083  ;
; SW[4]      ; LEDR[8]     ; 8.196  ; 8.196  ; 8.196  ; 8.196  ;
; SW[4]      ; LEDR[9]     ; 8.201  ; 8.201  ; 8.201  ; 8.201  ;
; SW[4]      ; LEDR[10]    ; 8.208  ; 8.208  ; 8.208  ; 8.208  ;
; SW[4]      ; LEDR[11]    ; 8.205  ; 8.205  ; 8.205  ; 8.205  ;
; SW[4]      ; LEDR[12]    ; 8.217  ; 8.217  ; 8.217  ; 8.217  ;
; SW[4]      ; LEDR[13]    ; 8.218  ; 8.218  ; 8.218  ; 8.218  ;
; SW[4]      ; LEDR[14]    ; 8.603  ; 8.603  ; 8.603  ; 8.603  ;
; SW[4]      ; LEDR[15]    ; 8.592  ; 8.592  ; 8.592  ; 8.592  ;
; SW[5]      ; LEDR[5]     ; 8.915  ; 8.915  ; 8.915  ; 8.915  ;
; SW[5]      ; LEDR[6]     ; 9.376  ; 9.376  ; 9.376  ; 9.376  ;
; SW[5]      ; LEDR[7]     ; 9.082  ; 9.082  ; 9.082  ; 9.082  ;
; SW[5]      ; LEDR[8]     ; 8.195  ; 8.195  ; 8.195  ; 8.195  ;
; SW[5]      ; LEDR[9]     ; 8.200  ; 8.200  ; 8.200  ; 8.200  ;
; SW[5]      ; LEDR[10]    ; 8.207  ; 8.207  ; 8.207  ; 8.207  ;
; SW[5]      ; LEDR[11]    ; 8.204  ; 8.204  ; 8.204  ; 8.204  ;
; SW[5]      ; LEDR[12]    ; 8.216  ; 8.216  ; 8.216  ; 8.216  ;
; SW[5]      ; LEDR[13]    ; 8.217  ; 8.217  ; 8.217  ; 8.217  ;
; SW[5]      ; LEDR[14]    ; 8.602  ; 8.602  ; 8.602  ; 8.602  ;
; SW[5]      ; LEDR[15]    ; 8.591  ; 8.591  ; 8.591  ; 8.591  ;
; SW[6]      ; LEDR[6]     ; 9.354  ; 9.354  ; 9.354  ; 9.354  ;
; SW[6]      ; LEDR[7]     ; 9.060  ; 9.060  ; 9.060  ; 9.060  ;
; SW[6]      ; LEDR[8]     ; 8.173  ; 8.173  ; 8.173  ; 8.173  ;
; SW[6]      ; LEDR[9]     ; 8.178  ; 8.178  ; 8.178  ; 8.178  ;
; SW[6]      ; LEDR[10]    ; 8.185  ; 8.185  ; 8.185  ; 8.185  ;
; SW[6]      ; LEDR[11]    ; 8.182  ; 8.182  ; 8.182  ; 8.182  ;
; SW[6]      ; LEDR[12]    ; 8.194  ; 8.194  ; 8.194  ; 8.194  ;
; SW[6]      ; LEDR[13]    ; 8.195  ; 8.195  ; 8.195  ; 8.195  ;
; SW[6]      ; LEDR[14]    ; 8.580  ; 8.580  ; 8.580  ; 8.580  ;
; SW[6]      ; LEDR[15]    ; 8.569  ; 8.569  ; 8.569  ; 8.569  ;
; SW[7]      ; LEDR[7]     ; 10.045 ; 10.045 ; 10.045 ; 10.045 ;
; SW[7]      ; LEDR[8]     ; 9.158  ; 9.158  ; 9.158  ; 9.158  ;
; SW[7]      ; LEDR[9]     ; 9.163  ; 9.163  ; 9.163  ; 9.163  ;
; SW[7]      ; LEDR[10]    ; 9.170  ; 9.170  ; 9.170  ; 9.170  ;
; SW[7]      ; LEDR[11]    ; 9.167  ; 9.167  ; 9.167  ; 9.167  ;
; SW[7]      ; LEDR[12]    ; 9.179  ; 9.179  ; 9.179  ; 9.179  ;
; SW[7]      ; LEDR[13]    ; 9.180  ; 9.180  ; 9.180  ; 9.180  ;
; SW[7]      ; LEDR[14]    ; 9.565  ; 9.565  ; 9.565  ; 9.565  ;
; SW[7]      ; LEDR[15]    ; 9.554  ; 9.554  ; 9.554  ; 9.554  ;
; SW[8]      ; LEDR[0]     ; 10.686 ; 10.686 ; 10.686 ; 10.686 ;
; SW[8]      ; LEDR[1]     ; 11.144 ; 11.144 ; 11.144 ; 11.144 ;
; SW[8]      ; LEDR[2]     ; 10.240 ; 10.240 ; 10.240 ; 10.240 ;
; SW[8]      ; LEDR[3]     ; 10.828 ; 10.828 ; 10.828 ; 10.828 ;
; SW[8]      ; LEDR[4]     ; 10.639 ; 10.639 ; 10.639 ; 10.639 ;
; SW[8]      ; LEDR[5]     ; 10.445 ; 10.445 ; 10.445 ; 10.445 ;
; SW[8]      ; LEDR[6]     ; 10.906 ; 10.906 ; 10.906 ; 10.906 ;
; SW[8]      ; LEDR[7]     ; 10.612 ; 10.612 ; 10.612 ; 10.612 ;
; SW[8]      ; LEDR[8]     ; 9.725  ; 9.725  ; 9.725  ; 9.725  ;
; SW[8]      ; LEDR[9]     ; 9.730  ; 9.730  ; 9.730  ; 9.730  ;
; SW[8]      ; LEDR[10]    ; 9.737  ; 9.737  ; 9.737  ; 9.737  ;
; SW[8]      ; LEDR[11]    ; 9.734  ; 9.734  ; 9.734  ; 9.734  ;
; SW[8]      ; LEDR[12]    ; 9.746  ; 9.746  ; 9.746  ; 9.746  ;
; SW[8]      ; LEDR[13]    ; 9.747  ; 9.747  ; 9.747  ; 9.747  ;
; SW[8]      ; LEDR[14]    ; 10.132 ; 10.132 ; 10.132 ; 10.132 ;
; SW[8]      ; LEDR[15]    ; 10.121 ; 10.121 ; 10.121 ; 10.121 ;
; SW[9]      ; LEDR[1]     ; 11.095 ; 11.095 ; 11.095 ; 11.095 ;
; SW[9]      ; LEDR[2]     ; 10.191 ; 10.191 ; 10.191 ; 10.191 ;
; SW[9]      ; LEDR[3]     ; 10.779 ; 10.779 ; 10.779 ; 10.779 ;
; SW[9]      ; LEDR[4]     ; 10.590 ; 10.590 ; 10.590 ; 10.590 ;
; SW[9]      ; LEDR[5]     ; 10.396 ; 10.396 ; 10.396 ; 10.396 ;
; SW[9]      ; LEDR[6]     ; 10.857 ; 10.857 ; 10.857 ; 10.857 ;
; SW[9]      ; LEDR[7]     ; 10.563 ; 10.563 ; 10.563 ; 10.563 ;
; SW[9]      ; LEDR[8]     ; 9.676  ; 9.676  ; 9.676  ; 9.676  ;
; SW[9]      ; LEDR[9]     ; 9.681  ; 9.681  ; 9.681  ; 9.681  ;
; SW[9]      ; LEDR[10]    ; 9.688  ; 9.688  ; 9.688  ; 9.688  ;
; SW[9]      ; LEDR[11]    ; 9.685  ; 9.685  ; 9.685  ; 9.685  ;
; SW[9]      ; LEDR[12]    ; 9.697  ; 9.697  ; 9.697  ; 9.697  ;
; SW[9]      ; LEDR[13]    ; 9.698  ; 9.698  ; 9.698  ; 9.698  ;
; SW[9]      ; LEDR[14]    ; 10.083 ; 10.083 ; 10.083 ; 10.083 ;
; SW[9]      ; LEDR[15]    ; 10.072 ; 10.072 ; 10.072 ; 10.072 ;
; SW[10]     ; LEDR[2]     ; 9.687  ; 9.687  ; 9.687  ; 9.687  ;
; SW[10]     ; LEDR[3]     ; 10.275 ; 10.275 ; 10.275 ; 10.275 ;
; SW[10]     ; LEDR[4]     ; 10.086 ; 10.086 ; 10.086 ; 10.086 ;
; SW[10]     ; LEDR[5]     ; 9.892  ; 9.892  ; 9.892  ; 9.892  ;
; SW[10]     ; LEDR[6]     ; 10.353 ; 10.353 ; 10.353 ; 10.353 ;
; SW[10]     ; LEDR[7]     ; 10.059 ; 10.059 ; 10.059 ; 10.059 ;
; SW[10]     ; LEDR[8]     ; 9.172  ; 9.172  ; 9.172  ; 9.172  ;
; SW[10]     ; LEDR[9]     ; 9.177  ; 9.177  ; 9.177  ; 9.177  ;
; SW[10]     ; LEDR[10]    ; 9.184  ; 9.184  ; 9.184  ; 9.184  ;
; SW[10]     ; LEDR[11]    ; 9.181  ; 9.181  ; 9.181  ; 9.181  ;
; SW[10]     ; LEDR[12]    ; 9.193  ; 9.193  ; 9.193  ; 9.193  ;
; SW[10]     ; LEDR[13]    ; 9.194  ; 9.194  ; 9.194  ; 9.194  ;
; SW[10]     ; LEDR[14]    ; 9.579  ; 9.579  ; 9.579  ; 9.579  ;
; SW[10]     ; LEDR[15]    ; 9.568  ; 9.568  ; 9.568  ; 9.568  ;
; SW[11]     ; LEDR[3]     ; 10.211 ; 10.211 ; 10.211 ; 10.211 ;
; SW[11]     ; LEDR[4]     ; 10.022 ; 10.022 ; 10.022 ; 10.022 ;
; SW[11]     ; LEDR[5]     ; 9.828  ; 9.828  ; 9.828  ; 9.828  ;
; SW[11]     ; LEDR[6]     ; 10.289 ; 10.289 ; 10.289 ; 10.289 ;
; SW[11]     ; LEDR[7]     ; 9.995  ; 9.995  ; 9.995  ; 9.995  ;
; SW[11]     ; LEDR[8]     ; 9.108  ; 9.108  ; 9.108  ; 9.108  ;
; SW[11]     ; LEDR[9]     ; 9.113  ; 9.113  ; 9.113  ; 9.113  ;
; SW[11]     ; LEDR[10]    ; 9.120  ; 9.120  ; 9.120  ; 9.120  ;
; SW[11]     ; LEDR[11]    ; 9.117  ; 9.117  ; 9.117  ; 9.117  ;
; SW[11]     ; LEDR[12]    ; 9.129  ; 9.129  ; 9.129  ; 9.129  ;
; SW[11]     ; LEDR[13]    ; 9.130  ; 9.130  ; 9.130  ; 9.130  ;
; SW[11]     ; LEDR[14]    ; 9.515  ; 9.515  ; 9.515  ; 9.515  ;
; SW[11]     ; LEDR[15]    ; 9.504  ; 9.504  ; 9.504  ; 9.504  ;
; SW[12]     ; LEDR[4]     ; 10.156 ; 10.156 ; 10.156 ; 10.156 ;
; SW[12]     ; LEDR[5]     ; 9.962  ; 9.962  ; 9.962  ; 9.962  ;
; SW[12]     ; LEDR[6]     ; 10.423 ; 10.423 ; 10.423 ; 10.423 ;
; SW[12]     ; LEDR[7]     ; 10.129 ; 10.129 ; 10.129 ; 10.129 ;
; SW[12]     ; LEDR[8]     ; 9.242  ; 9.242  ; 9.242  ; 9.242  ;
; SW[12]     ; LEDR[9]     ; 9.247  ; 9.247  ; 9.247  ; 9.247  ;
; SW[12]     ; LEDR[10]    ; 9.254  ; 9.254  ; 9.254  ; 9.254  ;
; SW[12]     ; LEDR[11]    ; 9.251  ; 9.251  ; 9.251  ; 9.251  ;
; SW[12]     ; LEDR[12]    ; 9.263  ; 9.263  ; 9.263  ; 9.263  ;
; SW[12]     ; LEDR[13]    ; 9.264  ; 9.264  ; 9.264  ; 9.264  ;
; SW[12]     ; LEDR[14]    ; 9.649  ; 9.649  ; 9.649  ; 9.649  ;
; SW[12]     ; LEDR[15]    ; 9.638  ; 9.638  ; 9.638  ; 9.638  ;
; SW[13]     ; LEDR[5]     ; 13.723 ; 13.723 ; 13.723 ; 13.723 ;
; SW[13]     ; LEDR[6]     ; 14.184 ; 14.184 ; 14.184 ; 14.184 ;
; SW[13]     ; LEDR[7]     ; 13.890 ; 13.890 ; 13.890 ; 13.890 ;
; SW[13]     ; LEDR[8]     ; 13.003 ; 13.003 ; 13.003 ; 13.003 ;
; SW[13]     ; LEDR[9]     ; 13.008 ; 13.008 ; 13.008 ; 13.008 ;
; SW[13]     ; LEDR[10]    ; 13.015 ; 13.015 ; 13.015 ; 13.015 ;
; SW[13]     ; LEDR[11]    ; 13.012 ; 13.012 ; 13.012 ; 13.012 ;
; SW[13]     ; LEDR[12]    ; 13.024 ; 13.024 ; 13.024 ; 13.024 ;
; SW[13]     ; LEDR[13]    ; 13.025 ; 13.025 ; 13.025 ; 13.025 ;
; SW[13]     ; LEDR[14]    ; 13.410 ; 13.410 ; 13.410 ; 13.410 ;
; SW[13]     ; LEDR[15]    ; 13.399 ; 13.399 ; 13.399 ; 13.399 ;
; SW[14]     ; LEDR[6]     ; 14.200 ; 14.200 ; 14.200 ; 14.200 ;
; SW[14]     ; LEDR[7]     ; 13.906 ; 13.906 ; 13.906 ; 13.906 ;
; SW[14]     ; LEDR[8]     ; 13.019 ; 13.019 ; 13.019 ; 13.019 ;
; SW[14]     ; LEDR[9]     ; 13.024 ; 13.024 ; 13.024 ; 13.024 ;
; SW[14]     ; LEDR[10]    ; 13.031 ; 13.031 ; 13.031 ; 13.031 ;
; SW[14]     ; LEDR[11]    ; 13.028 ; 13.028 ; 13.028 ; 13.028 ;
; SW[14]     ; LEDR[12]    ; 13.040 ; 13.040 ; 13.040 ; 13.040 ;
; SW[14]     ; LEDR[13]    ; 13.041 ; 13.041 ; 13.041 ; 13.041 ;
; SW[14]     ; LEDR[14]    ; 13.426 ; 13.426 ; 13.426 ; 13.426 ;
; SW[14]     ; LEDR[15]    ; 13.415 ; 13.415 ; 13.415 ; 13.415 ;
; SW[15]     ; LEDR[7]     ; 13.902 ; 13.902 ; 13.902 ; 13.902 ;
; SW[15]     ; LEDR[8]     ; 13.015 ; 13.015 ; 13.015 ; 13.015 ;
; SW[15]     ; LEDR[9]     ; 13.020 ; 13.020 ; 13.020 ; 13.020 ;
; SW[15]     ; LEDR[10]    ; 13.027 ; 13.027 ; 13.027 ; 13.027 ;
; SW[15]     ; LEDR[11]    ; 13.024 ; 13.024 ; 13.024 ; 13.024 ;
; SW[15]     ; LEDR[12]    ; 13.036 ; 13.036 ; 13.036 ; 13.036 ;
; SW[15]     ; LEDR[13]    ; 13.037 ; 13.037 ; 13.037 ; 13.037 ;
; SW[15]     ; LEDR[14]    ; 13.422 ; 13.422 ; 13.422 ; 13.422 ;
; SW[15]     ; LEDR[15]    ; 13.411 ; 13.411 ; 13.411 ; 13.411 ;
+------------+-------------+--------+--------+--------+--------+


+--------------------------------------------------------------+
; Minimum Propagation Delay                                    ;
+------------+-------------+--------+--------+--------+--------+
; Input Port ; Output Port ; RR     ; RF     ; FR     ; FF     ;
+------------+-------------+--------+--------+--------+--------+
; SW[0]      ; LEDR[0]     ; 10.077 ; 10.077 ; 10.077 ; 10.077 ;
; SW[0]      ; LEDR[1]     ; 10.535 ; 10.535 ; 10.535 ; 10.535 ;
; SW[0]      ; LEDR[2]     ; 9.631  ; 9.631  ; 9.631  ; 9.631  ;
; SW[0]      ; LEDR[3]     ; 10.219 ; 10.219 ; 10.219 ; 10.219 ;
; SW[0]      ; LEDR[4]     ; 10.030 ; 10.030 ; 10.030 ; 10.030 ;
; SW[0]      ; LEDR[5]     ; 9.836  ; 9.836  ; 9.836  ; 9.836  ;
; SW[0]      ; LEDR[6]     ; 10.297 ; 10.297 ; 10.297 ; 10.297 ;
; SW[0]      ; LEDR[7]     ; 10.003 ; 10.003 ; 10.003 ; 10.003 ;
; SW[0]      ; LEDR[8]     ; 9.116  ; 9.116  ; 9.116  ; 9.116  ;
; SW[0]      ; LEDR[9]     ; 9.121  ; 9.121  ; 9.121  ; 9.121  ;
; SW[0]      ; LEDR[10]    ; 9.128  ; 9.128  ; 9.128  ; 9.128  ;
; SW[0]      ; LEDR[11]    ; 9.125  ; 9.125  ; 9.125  ; 9.125  ;
; SW[0]      ; LEDR[12]    ; 9.137  ; 9.137  ; 9.137  ; 9.137  ;
; SW[0]      ; LEDR[13]    ; 9.138  ; 9.138  ; 9.138  ; 9.138  ;
; SW[0]      ; LEDR[14]    ; 9.523  ; 9.523  ; 9.523  ; 9.523  ;
; SW[0]      ; LEDR[15]    ; 9.512  ; 9.512  ; 9.512  ; 9.512  ;
; SW[1]      ; LEDR[1]     ; 10.414 ; 10.414 ; 10.414 ; 10.414 ;
; SW[1]      ; LEDR[2]     ; 9.510  ; 9.510  ; 9.510  ; 9.510  ;
; SW[1]      ; LEDR[3]     ; 10.098 ; 10.098 ; 10.098 ; 10.098 ;
; SW[1]      ; LEDR[4]     ; 9.909  ; 9.909  ; 9.909  ; 9.909  ;
; SW[1]      ; LEDR[5]     ; 9.715  ; 9.715  ; 9.715  ; 9.715  ;
; SW[1]      ; LEDR[6]     ; 10.176 ; 10.176 ; 10.176 ; 10.176 ;
; SW[1]      ; LEDR[7]     ; 9.882  ; 9.882  ; 9.882  ; 9.882  ;
; SW[1]      ; LEDR[8]     ; 8.995  ; 8.995  ; 8.995  ; 8.995  ;
; SW[1]      ; LEDR[9]     ; 9.000  ; 9.000  ; 9.000  ; 9.000  ;
; SW[1]      ; LEDR[10]    ; 9.007  ; 9.007  ; 9.007  ; 9.007  ;
; SW[1]      ; LEDR[11]    ; 9.004  ; 9.004  ; 9.004  ; 9.004  ;
; SW[1]      ; LEDR[12]    ; 9.016  ; 9.016  ; 9.016  ; 9.016  ;
; SW[1]      ; LEDR[13]    ; 9.017  ; 9.017  ; 9.017  ; 9.017  ;
; SW[1]      ; LEDR[14]    ; 9.402  ; 9.402  ; 9.402  ; 9.402  ;
; SW[1]      ; LEDR[15]    ; 9.391  ; 9.391  ; 9.391  ; 9.391  ;
; SW[2]      ; LEDR[2]     ; 9.566  ; 9.566  ; 9.566  ; 9.566  ;
; SW[2]      ; LEDR[3]     ; 10.154 ; 10.154 ; 10.154 ; 10.154 ;
; SW[2]      ; LEDR[4]     ; 9.965  ; 9.965  ; 9.965  ; 9.965  ;
; SW[2]      ; LEDR[5]     ; 9.771  ; 9.771  ; 9.771  ; 9.771  ;
; SW[2]      ; LEDR[6]     ; 10.232 ; 10.232 ; 10.232 ; 10.232 ;
; SW[2]      ; LEDR[7]     ; 9.938  ; 9.938  ; 9.938  ; 9.938  ;
; SW[2]      ; LEDR[8]     ; 9.051  ; 9.051  ; 9.051  ; 9.051  ;
; SW[2]      ; LEDR[9]     ; 9.056  ; 9.056  ; 9.056  ; 9.056  ;
; SW[2]      ; LEDR[10]    ; 9.063  ; 9.063  ; 9.063  ; 9.063  ;
; SW[2]      ; LEDR[11]    ; 9.060  ; 9.060  ; 9.060  ; 9.060  ;
; SW[2]      ; LEDR[12]    ; 9.072  ; 9.072  ; 9.072  ; 9.072  ;
; SW[2]      ; LEDR[13]    ; 9.073  ; 9.073  ; 9.073  ; 9.073  ;
; SW[2]      ; LEDR[14]    ; 9.458  ; 9.458  ; 9.458  ; 9.458  ;
; SW[2]      ; LEDR[15]    ; 9.447  ; 9.447  ; 9.447  ; 9.447  ;
; SW[3]      ; LEDR[3]     ; 9.300  ; 9.300  ; 9.300  ; 9.300  ;
; SW[3]      ; LEDR[4]     ; 9.111  ; 9.111  ; 9.111  ; 9.111  ;
; SW[3]      ; LEDR[5]     ; 8.917  ; 8.917  ; 8.917  ; 8.917  ;
; SW[3]      ; LEDR[6]     ; 9.378  ; 9.378  ; 9.378  ; 9.378  ;
; SW[3]      ; LEDR[7]     ; 9.084  ; 9.084  ; 9.084  ; 9.084  ;
; SW[3]      ; LEDR[8]     ; 8.197  ; 8.197  ; 8.197  ; 8.197  ;
; SW[3]      ; LEDR[9]     ; 8.202  ; 8.202  ; 8.202  ; 8.202  ;
; SW[3]      ; LEDR[10]    ; 8.209  ; 8.209  ; 8.209  ; 8.209  ;
; SW[3]      ; LEDR[11]    ; 8.206  ; 8.206  ; 8.206  ; 8.206  ;
; SW[3]      ; LEDR[12]    ; 8.218  ; 8.218  ; 8.218  ; 8.218  ;
; SW[3]      ; LEDR[13]    ; 8.219  ; 8.219  ; 8.219  ; 8.219  ;
; SW[3]      ; LEDR[14]    ; 8.604  ; 8.604  ; 8.604  ; 8.604  ;
; SW[3]      ; LEDR[15]    ; 8.593  ; 8.593  ; 8.593  ; 8.593  ;
; SW[4]      ; LEDR[4]     ; 9.110  ; 9.110  ; 9.110  ; 9.110  ;
; SW[4]      ; LEDR[5]     ; 8.916  ; 8.916  ; 8.916  ; 8.916  ;
; SW[4]      ; LEDR[6]     ; 9.377  ; 9.377  ; 9.377  ; 9.377  ;
; SW[4]      ; LEDR[7]     ; 9.083  ; 9.083  ; 9.083  ; 9.083  ;
; SW[4]      ; LEDR[8]     ; 8.196  ; 8.196  ; 8.196  ; 8.196  ;
; SW[4]      ; LEDR[9]     ; 8.201  ; 8.201  ; 8.201  ; 8.201  ;
; SW[4]      ; LEDR[10]    ; 8.208  ; 8.208  ; 8.208  ; 8.208  ;
; SW[4]      ; LEDR[11]    ; 8.205  ; 8.205  ; 8.205  ; 8.205  ;
; SW[4]      ; LEDR[12]    ; 8.217  ; 8.217  ; 8.217  ; 8.217  ;
; SW[4]      ; LEDR[13]    ; 8.218  ; 8.218  ; 8.218  ; 8.218  ;
; SW[4]      ; LEDR[14]    ; 8.603  ; 8.603  ; 8.603  ; 8.603  ;
; SW[4]      ; LEDR[15]    ; 8.592  ; 8.592  ; 8.592  ; 8.592  ;
; SW[5]      ; LEDR[5]     ; 8.915  ; 8.915  ; 8.915  ; 8.915  ;
; SW[5]      ; LEDR[6]     ; 9.376  ; 9.376  ; 9.376  ; 9.376  ;
; SW[5]      ; LEDR[7]     ; 9.082  ; 9.082  ; 9.082  ; 9.082  ;
; SW[5]      ; LEDR[8]     ; 8.195  ; 8.195  ; 8.195  ; 8.195  ;
; SW[5]      ; LEDR[9]     ; 8.200  ; 8.200  ; 8.200  ; 8.200  ;
; SW[5]      ; LEDR[10]    ; 8.207  ; 8.207  ; 8.207  ; 8.207  ;
; SW[5]      ; LEDR[11]    ; 8.204  ; 8.204  ; 8.204  ; 8.204  ;
; SW[5]      ; LEDR[12]    ; 8.216  ; 8.216  ; 8.216  ; 8.216  ;
; SW[5]      ; LEDR[13]    ; 8.217  ; 8.217  ; 8.217  ; 8.217  ;
; SW[5]      ; LEDR[14]    ; 8.602  ; 8.602  ; 8.602  ; 8.602  ;
; SW[5]      ; LEDR[15]    ; 8.591  ; 8.591  ; 8.591  ; 8.591  ;
; SW[6]      ; LEDR[6]     ; 9.354  ; 9.354  ; 9.354  ; 9.354  ;
; SW[6]      ; LEDR[7]     ; 9.060  ; 9.060  ; 9.060  ; 9.060  ;
; SW[6]      ; LEDR[8]     ; 8.173  ; 8.173  ; 8.173  ; 8.173  ;
; SW[6]      ; LEDR[9]     ; 8.178  ; 8.178  ; 8.178  ; 8.178  ;
; SW[6]      ; LEDR[10]    ; 8.185  ; 8.185  ; 8.185  ; 8.185  ;
; SW[6]      ; LEDR[11]    ; 8.182  ; 8.182  ; 8.182  ; 8.182  ;
; SW[6]      ; LEDR[12]    ; 8.194  ; 8.194  ; 8.194  ; 8.194  ;
; SW[6]      ; LEDR[13]    ; 8.195  ; 8.195  ; 8.195  ; 8.195  ;
; SW[6]      ; LEDR[14]    ; 8.580  ; 8.580  ; 8.580  ; 8.580  ;
; SW[6]      ; LEDR[15]    ; 8.569  ; 8.569  ; 8.569  ; 8.569  ;
; SW[7]      ; LEDR[7]     ; 10.045 ; 10.045 ; 10.045 ; 10.045 ;
; SW[7]      ; LEDR[8]     ; 9.158  ; 9.158  ; 9.158  ; 9.158  ;
; SW[7]      ; LEDR[9]     ; 9.163  ; 9.163  ; 9.163  ; 9.163  ;
; SW[7]      ; LEDR[10]    ; 9.170  ; 9.170  ; 9.170  ; 9.170  ;
; SW[7]      ; LEDR[11]    ; 9.167  ; 9.167  ; 9.167  ; 9.167  ;
; SW[7]      ; LEDR[12]    ; 9.179  ; 9.179  ; 9.179  ; 9.179  ;
; SW[7]      ; LEDR[13]    ; 9.180  ; 9.180  ; 9.180  ; 9.180  ;
; SW[7]      ; LEDR[14]    ; 9.565  ; 9.565  ; 9.565  ; 9.565  ;
; SW[7]      ; LEDR[15]    ; 9.554  ; 9.554  ; 9.554  ; 9.554  ;
; SW[8]      ; LEDR[0]     ; 10.686 ; 10.686 ; 10.686 ; 10.686 ;
; SW[8]      ; LEDR[1]     ; 11.144 ; 11.144 ; 11.144 ; 11.144 ;
; SW[8]      ; LEDR[2]     ; 10.240 ; 10.240 ; 10.240 ; 10.240 ;
; SW[8]      ; LEDR[3]     ; 10.828 ; 10.828 ; 10.828 ; 10.828 ;
; SW[8]      ; LEDR[4]     ; 10.639 ; 10.639 ; 10.639 ; 10.639 ;
; SW[8]      ; LEDR[5]     ; 10.445 ; 10.445 ; 10.445 ; 10.445 ;
; SW[8]      ; LEDR[6]     ; 10.906 ; 10.906 ; 10.906 ; 10.906 ;
; SW[8]      ; LEDR[7]     ; 10.612 ; 10.612 ; 10.612 ; 10.612 ;
; SW[8]      ; LEDR[8]     ; 9.725  ; 9.725  ; 9.725  ; 9.725  ;
; SW[8]      ; LEDR[9]     ; 9.730  ; 9.730  ; 9.730  ; 9.730  ;
; SW[8]      ; LEDR[10]    ; 9.737  ; 9.737  ; 9.737  ; 9.737  ;
; SW[8]      ; LEDR[11]    ; 9.734  ; 9.734  ; 9.734  ; 9.734  ;
; SW[8]      ; LEDR[12]    ; 9.746  ; 9.746  ; 9.746  ; 9.746  ;
; SW[8]      ; LEDR[13]    ; 9.747  ; 9.747  ; 9.747  ; 9.747  ;
; SW[8]      ; LEDR[14]    ; 10.132 ; 10.132 ; 10.132 ; 10.132 ;
; SW[8]      ; LEDR[15]    ; 10.121 ; 10.121 ; 10.121 ; 10.121 ;
; SW[9]      ; LEDR[1]     ; 11.095 ; 11.095 ; 11.095 ; 11.095 ;
; SW[9]      ; LEDR[2]     ; 10.191 ; 10.191 ; 10.191 ; 10.191 ;
; SW[9]      ; LEDR[3]     ; 10.779 ; 10.779 ; 10.779 ; 10.779 ;
; SW[9]      ; LEDR[4]     ; 10.590 ; 10.590 ; 10.590 ; 10.590 ;
; SW[9]      ; LEDR[5]     ; 10.396 ; 10.396 ; 10.396 ; 10.396 ;
; SW[9]      ; LEDR[6]     ; 10.857 ; 10.857 ; 10.857 ; 10.857 ;
; SW[9]      ; LEDR[7]     ; 10.563 ; 10.563 ; 10.563 ; 10.563 ;
; SW[9]      ; LEDR[8]     ; 9.676  ; 9.676  ; 9.676  ; 9.676  ;
; SW[9]      ; LEDR[9]     ; 9.681  ; 9.681  ; 9.681  ; 9.681  ;
; SW[9]      ; LEDR[10]    ; 9.688  ; 9.688  ; 9.688  ; 9.688  ;
; SW[9]      ; LEDR[11]    ; 9.685  ; 9.685  ; 9.685  ; 9.685  ;
; SW[9]      ; LEDR[12]    ; 9.697  ; 9.697  ; 9.697  ; 9.697  ;
; SW[9]      ; LEDR[13]    ; 9.698  ; 9.698  ; 9.698  ; 9.698  ;
; SW[9]      ; LEDR[14]    ; 10.083 ; 10.083 ; 10.083 ; 10.083 ;
; SW[9]      ; LEDR[15]    ; 10.072 ; 10.072 ; 10.072 ; 10.072 ;
; SW[10]     ; LEDR[2]     ; 9.687  ; 9.687  ; 9.687  ; 9.687  ;
; SW[10]     ; LEDR[3]     ; 10.275 ; 10.275 ; 10.275 ; 10.275 ;
; SW[10]     ; LEDR[4]     ; 10.086 ; 10.086 ; 10.086 ; 10.086 ;
; SW[10]     ; LEDR[5]     ; 9.892  ; 9.892  ; 9.892  ; 9.892  ;
; SW[10]     ; LEDR[6]     ; 10.353 ; 10.353 ; 10.353 ; 10.353 ;
; SW[10]     ; LEDR[7]     ; 10.059 ; 10.059 ; 10.059 ; 10.059 ;
; SW[10]     ; LEDR[8]     ; 9.172  ; 9.172  ; 9.172  ; 9.172  ;
; SW[10]     ; LEDR[9]     ; 9.177  ; 9.177  ; 9.177  ; 9.177  ;
; SW[10]     ; LEDR[10]    ; 9.184  ; 9.184  ; 9.184  ; 9.184  ;
; SW[10]     ; LEDR[11]    ; 9.181  ; 9.181  ; 9.181  ; 9.181  ;
; SW[10]     ; LEDR[12]    ; 9.193  ; 9.193  ; 9.193  ; 9.193  ;
; SW[10]     ; LEDR[13]    ; 9.194  ; 9.194  ; 9.194  ; 9.194  ;
; SW[10]     ; LEDR[14]    ; 9.579  ; 9.579  ; 9.579  ; 9.579  ;
; SW[10]     ; LEDR[15]    ; 9.568  ; 9.568  ; 9.568  ; 9.568  ;
; SW[11]     ; LEDR[3]     ; 10.211 ; 10.211 ; 10.211 ; 10.211 ;
; SW[11]     ; LEDR[4]     ; 10.022 ; 10.022 ; 10.022 ; 10.022 ;
; SW[11]     ; LEDR[5]     ; 9.828  ; 9.828  ; 9.828  ; 9.828  ;
; SW[11]     ; LEDR[6]     ; 10.289 ; 10.289 ; 10.289 ; 10.289 ;
; SW[11]     ; LEDR[7]     ; 9.995  ; 9.995  ; 9.995  ; 9.995  ;
; SW[11]     ; LEDR[8]     ; 9.108  ; 9.108  ; 9.108  ; 9.108  ;
; SW[11]     ; LEDR[9]     ; 9.113  ; 9.113  ; 9.113  ; 9.113  ;
; SW[11]     ; LEDR[10]    ; 9.120  ; 9.120  ; 9.120  ; 9.120  ;
; SW[11]     ; LEDR[11]    ; 9.117  ; 9.117  ; 9.117  ; 9.117  ;
; SW[11]     ; LEDR[12]    ; 9.129  ; 9.129  ; 9.129  ; 9.129  ;
; SW[11]     ; LEDR[13]    ; 9.130  ; 9.130  ; 9.130  ; 9.130  ;
; SW[11]     ; LEDR[14]    ; 9.515  ; 9.515  ; 9.515  ; 9.515  ;
; SW[11]     ; LEDR[15]    ; 9.504  ; 9.504  ; 9.504  ; 9.504  ;
; SW[12]     ; LEDR[4]     ; 10.156 ; 10.156 ; 10.156 ; 10.156 ;
; SW[12]     ; LEDR[5]     ; 9.962  ; 9.962  ; 9.962  ; 9.962  ;
; SW[12]     ; LEDR[6]     ; 10.423 ; 10.423 ; 10.423 ; 10.423 ;
; SW[12]     ; LEDR[7]     ; 10.129 ; 10.129 ; 10.129 ; 10.129 ;
; SW[12]     ; LEDR[8]     ; 9.242  ; 9.242  ; 9.242  ; 9.242  ;
; SW[12]     ; LEDR[9]     ; 9.247  ; 9.247  ; 9.247  ; 9.247  ;
; SW[12]     ; LEDR[10]    ; 9.254  ; 9.254  ; 9.254  ; 9.254  ;
; SW[12]     ; LEDR[11]    ; 9.251  ; 9.251  ; 9.251  ; 9.251  ;
; SW[12]     ; LEDR[12]    ; 9.263  ; 9.263  ; 9.263  ; 9.263  ;
; SW[12]     ; LEDR[13]    ; 9.264  ; 9.264  ; 9.264  ; 9.264  ;
; SW[12]     ; LEDR[14]    ; 9.649  ; 9.649  ; 9.649  ; 9.649  ;
; SW[12]     ; LEDR[15]    ; 9.638  ; 9.638  ; 9.638  ; 9.638  ;
; SW[13]     ; LEDR[5]     ; 13.723 ; 13.723 ; 13.723 ; 13.723 ;
; SW[13]     ; LEDR[6]     ; 14.184 ; 14.184 ; 14.184 ; 14.184 ;
; SW[13]     ; LEDR[7]     ; 13.890 ; 13.890 ; 13.890 ; 13.890 ;
; SW[13]     ; LEDR[8]     ; 13.003 ; 13.003 ; 13.003 ; 13.003 ;
; SW[13]     ; LEDR[9]     ; 13.008 ; 13.008 ; 13.008 ; 13.008 ;
; SW[13]     ; LEDR[10]    ; 13.015 ; 13.015 ; 13.015 ; 13.015 ;
; SW[13]     ; LEDR[11]    ; 13.012 ; 13.012 ; 13.012 ; 13.012 ;
; SW[13]     ; LEDR[12]    ; 13.024 ; 13.024 ; 13.024 ; 13.024 ;
; SW[13]     ; LEDR[13]    ; 13.025 ; 13.025 ; 13.025 ; 13.025 ;
; SW[13]     ; LEDR[14]    ; 13.410 ; 13.410 ; 13.410 ; 13.410 ;
; SW[13]     ; LEDR[15]    ; 13.399 ; 13.399 ; 13.399 ; 13.399 ;
; SW[14]     ; LEDR[6]     ; 14.200 ; 14.200 ; 14.200 ; 14.200 ;
; SW[14]     ; LEDR[7]     ; 13.906 ; 13.906 ; 13.906 ; 13.906 ;
; SW[14]     ; LEDR[8]     ; 13.019 ; 13.019 ; 13.019 ; 13.019 ;
; SW[14]     ; LEDR[9]     ; 13.024 ; 13.024 ; 13.024 ; 13.024 ;
; SW[14]     ; LEDR[10]    ; 13.031 ; 13.031 ; 13.031 ; 13.031 ;
; SW[14]     ; LEDR[11]    ; 13.028 ; 13.028 ; 13.028 ; 13.028 ;
; SW[14]     ; LEDR[12]    ; 13.040 ; 13.040 ; 13.040 ; 13.040 ;
; SW[14]     ; LEDR[13]    ; 13.041 ; 13.041 ; 13.041 ; 13.041 ;
; SW[14]     ; LEDR[14]    ; 13.426 ; 13.426 ; 13.426 ; 13.426 ;
; SW[14]     ; LEDR[15]    ; 13.415 ; 13.415 ; 13.415 ; 13.415 ;
; SW[15]     ; LEDR[7]     ; 13.902 ; 13.902 ; 13.902 ; 13.902 ;
; SW[15]     ; LEDR[8]     ; 13.015 ; 13.015 ; 13.015 ; 13.015 ;
; SW[15]     ; LEDR[9]     ; 13.020 ; 13.020 ; 13.020 ; 13.020 ;
; SW[15]     ; LEDR[10]    ; 13.027 ; 13.027 ; 13.027 ; 13.027 ;
; SW[15]     ; LEDR[11]    ; 13.024 ; 13.024 ; 13.024 ; 13.024 ;
; SW[15]     ; LEDR[12]    ; 13.036 ; 13.036 ; 13.036 ; 13.036 ;
; SW[15]     ; LEDR[13]    ; 13.037 ; 13.037 ; 13.037 ; 13.037 ;
; SW[15]     ; LEDR[14]    ; 13.422 ; 13.422 ; 13.422 ; 13.422 ;
; SW[15]     ; LEDR[15]    ; 13.411 ; 13.411 ; 13.411 ; 13.411 ;
+------------+-------------+--------+--------+--------+--------+


----------------------------
; Fast Model Setup Summary ;
----------------------------
No paths to report.


---------------------------
; Fast Model Hold Summary ;
---------------------------
No paths to report.


-------------------------------
; Fast Model Recovery Summary ;
-------------------------------
No paths to report.


------------------------------
; Fast Model Removal Summary ;
------------------------------
No paths to report.


------------------------------------------
; Fast Model Minimum Pulse Width Summary ;
------------------------------------------
No paths to report.


+----------------------------------------------------------+
; Propagation Delay                                        ;
+------------+-------------+-------+-------+-------+-------+
; Input Port ; Output Port ; RR    ; RF    ; FR    ; FF    ;
+------------+-------------+-------+-------+-------+-------+
; SW[0]      ; LEDR[0]     ; 4.565 ; 4.565 ; 4.565 ; 4.565 ;
; SW[0]      ; LEDR[1]     ; 4.734 ; 4.734 ; 4.734 ; 4.734 ;
; SW[0]      ; LEDR[2]     ; 4.361 ; 4.361 ; 4.361 ; 4.361 ;
; SW[0]      ; LEDR[3]     ; 4.597 ; 4.597 ; 4.597 ; 4.597 ;
; SW[0]      ; LEDR[4]     ; 4.528 ; 4.528 ; 4.528 ; 4.528 ;
; SW[0]      ; LEDR[5]     ; 4.454 ; 4.454 ; 4.454 ; 4.454 ;
; SW[0]      ; LEDR[6]     ; 4.619 ; 4.619 ; 4.619 ; 4.619 ;
; SW[0]      ; LEDR[7]     ; 4.507 ; 4.507 ; 4.507 ; 4.507 ;
; SW[0]      ; LEDR[8]     ; 4.070 ; 4.070 ; 4.070 ; 4.070 ;
; SW[0]      ; LEDR[9]     ; 4.077 ; 4.077 ; 4.077 ; 4.077 ;
; SW[0]      ; LEDR[10]    ; 4.082 ; 4.082 ; 4.082 ; 4.082 ;
; SW[0]      ; LEDR[11]    ; 4.080 ; 4.080 ; 4.080 ; 4.080 ;
; SW[0]      ; LEDR[12]    ; 4.091 ; 4.091 ; 4.091 ; 4.091 ;
; SW[0]      ; LEDR[13]    ; 4.093 ; 4.093 ; 4.093 ; 4.093 ;
; SW[0]      ; LEDR[14]    ; 4.301 ; 4.301 ; 4.301 ; 4.301 ;
; SW[0]      ; LEDR[15]    ; 4.295 ; 4.295 ; 4.295 ; 4.295 ;
; SW[1]      ; LEDR[1]     ; 4.657 ; 4.657 ; 4.657 ; 4.657 ;
; SW[1]      ; LEDR[2]     ; 4.284 ; 4.284 ; 4.284 ; 4.284 ;
; SW[1]      ; LEDR[3]     ; 4.520 ; 4.520 ; 4.520 ; 4.520 ;
; SW[1]      ; LEDR[4]     ; 4.451 ; 4.451 ; 4.451 ; 4.451 ;
; SW[1]      ; LEDR[5]     ; 4.377 ; 4.377 ; 4.377 ; 4.377 ;
; SW[1]      ; LEDR[6]     ; 4.542 ; 4.542 ; 4.542 ; 4.542 ;
; SW[1]      ; LEDR[7]     ; 4.430 ; 4.430 ; 4.430 ; 4.430 ;
; SW[1]      ; LEDR[8]     ; 3.993 ; 3.993 ; 3.993 ; 3.993 ;
; SW[1]      ; LEDR[9]     ; 4.000 ; 4.000 ; 4.000 ; 4.000 ;
; SW[1]      ; LEDR[10]    ; 4.005 ; 4.005 ; 4.005 ; 4.005 ;
; SW[1]      ; LEDR[11]    ; 4.003 ; 4.003 ; 4.003 ; 4.003 ;
; SW[1]      ; LEDR[12]    ; 4.014 ; 4.014 ; 4.014 ; 4.014 ;
; SW[1]      ; LEDR[13]    ; 4.016 ; 4.016 ; 4.016 ; 4.016 ;
; SW[1]      ; LEDR[14]    ; 4.224 ; 4.224 ; 4.224 ; 4.224 ;
; SW[1]      ; LEDR[15]    ; 4.218 ; 4.218 ; 4.218 ; 4.218 ;
; SW[2]      ; LEDR[2]     ; 4.317 ; 4.317 ; 4.317 ; 4.317 ;
; SW[2]      ; LEDR[3]     ; 4.553 ; 4.553 ; 4.553 ; 4.553 ;
; SW[2]      ; LEDR[4]     ; 4.484 ; 4.484 ; 4.484 ; 4.484 ;
; SW[2]      ; LEDR[5]     ; 4.410 ; 4.410 ; 4.410 ; 4.410 ;
; SW[2]      ; LEDR[6]     ; 4.575 ; 4.575 ; 4.575 ; 4.575 ;
; SW[2]      ; LEDR[7]     ; 4.463 ; 4.463 ; 4.463 ; 4.463 ;
; SW[2]      ; LEDR[8]     ; 4.026 ; 4.026 ; 4.026 ; 4.026 ;
; SW[2]      ; LEDR[9]     ; 4.033 ; 4.033 ; 4.033 ; 4.033 ;
; SW[2]      ; LEDR[10]    ; 4.038 ; 4.038 ; 4.038 ; 4.038 ;
; SW[2]      ; LEDR[11]    ; 4.036 ; 4.036 ; 4.036 ; 4.036 ;
; SW[2]      ; LEDR[12]    ; 4.047 ; 4.047 ; 4.047 ; 4.047 ;
; SW[2]      ; LEDR[13]    ; 4.049 ; 4.049 ; 4.049 ; 4.049 ;
; SW[2]      ; LEDR[14]    ; 4.257 ; 4.257 ; 4.257 ; 4.257 ;
; SW[2]      ; LEDR[15]    ; 4.251 ; 4.251 ; 4.251 ; 4.251 ;
; SW[3]      ; LEDR[3]     ; 4.065 ; 4.065 ; 4.065 ; 4.065 ;
; SW[3]      ; LEDR[4]     ; 3.996 ; 3.996 ; 3.996 ; 3.996 ;
; SW[3]      ; LEDR[5]     ; 3.922 ; 3.922 ; 3.922 ; 3.922 ;
; SW[3]      ; LEDR[6]     ; 4.087 ; 4.087 ; 4.087 ; 4.087 ;
; SW[3]      ; LEDR[7]     ; 3.975 ; 3.975 ; 3.975 ; 3.975 ;
; SW[3]      ; LEDR[8]     ; 3.538 ; 3.538 ; 3.538 ; 3.538 ;
; SW[3]      ; LEDR[9]     ; 3.545 ; 3.545 ; 3.545 ; 3.545 ;
; SW[3]      ; LEDR[10]    ; 3.550 ; 3.550 ; 3.550 ; 3.550 ;
; SW[3]      ; LEDR[11]    ; 3.548 ; 3.548 ; 3.548 ; 3.548 ;
; SW[3]      ; LEDR[12]    ; 3.559 ; 3.559 ; 3.559 ; 3.559 ;
; SW[3]      ; LEDR[13]    ; 3.561 ; 3.561 ; 3.561 ; 3.561 ;
; SW[3]      ; LEDR[14]    ; 3.769 ; 3.769 ; 3.769 ; 3.769 ;
; SW[3]      ; LEDR[15]    ; 3.763 ; 3.763 ; 3.763 ; 3.763 ;
; SW[4]      ; LEDR[4]     ; 3.997 ; 3.997 ; 3.997 ; 3.997 ;
; SW[4]      ; LEDR[5]     ; 3.923 ; 3.923 ; 3.923 ; 3.923 ;
; SW[4]      ; LEDR[6]     ; 4.088 ; 4.088 ; 4.088 ; 4.088 ;
; SW[4]      ; LEDR[7]     ; 3.976 ; 3.976 ; 3.976 ; 3.976 ;
; SW[4]      ; LEDR[8]     ; 3.539 ; 3.539 ; 3.539 ; 3.539 ;
; SW[4]      ; LEDR[9]     ; 3.546 ; 3.546 ; 3.546 ; 3.546 ;
; SW[4]      ; LEDR[10]    ; 3.551 ; 3.551 ; 3.551 ; 3.551 ;
; SW[4]      ; LEDR[11]    ; 3.549 ; 3.549 ; 3.549 ; 3.549 ;
; SW[4]      ; LEDR[12]    ; 3.560 ; 3.560 ; 3.560 ; 3.560 ;
; SW[4]      ; LEDR[13]    ; 3.562 ; 3.562 ; 3.562 ; 3.562 ;
; SW[4]      ; LEDR[14]    ; 3.770 ; 3.770 ; 3.770 ; 3.770 ;
; SW[4]      ; LEDR[15]    ; 3.764 ; 3.764 ; 3.764 ; 3.764 ;
; SW[5]      ; LEDR[5]     ; 3.916 ; 3.916 ; 3.916 ; 3.916 ;
; SW[5]      ; LEDR[6]     ; 4.081 ; 4.081 ; 4.081 ; 4.081 ;
; SW[5]      ; LEDR[7]     ; 3.969 ; 3.969 ; 3.969 ; 3.969 ;
; SW[5]      ; LEDR[8]     ; 3.532 ; 3.532 ; 3.532 ; 3.532 ;
; SW[5]      ; LEDR[9]     ; 3.539 ; 3.539 ; 3.539 ; 3.539 ;
; SW[5]      ; LEDR[10]    ; 3.544 ; 3.544 ; 3.544 ; 3.544 ;
; SW[5]      ; LEDR[11]    ; 3.542 ; 3.542 ; 3.542 ; 3.542 ;
; SW[5]      ; LEDR[12]    ; 3.553 ; 3.553 ; 3.553 ; 3.553 ;
; SW[5]      ; LEDR[13]    ; 3.555 ; 3.555 ; 3.555 ; 3.555 ;
; SW[5]      ; LEDR[14]    ; 3.763 ; 3.763 ; 3.763 ; 3.763 ;
; SW[5]      ; LEDR[15]    ; 3.757 ; 3.757 ; 3.757 ; 3.757 ;
; SW[6]      ; LEDR[6]     ; 4.068 ; 4.068 ; 4.068 ; 4.068 ;
; SW[6]      ; LEDR[7]     ; 3.956 ; 3.956 ; 3.956 ; 3.956 ;
; SW[6]      ; LEDR[8]     ; 3.519 ; 3.519 ; 3.519 ; 3.519 ;
; SW[6]      ; LEDR[9]     ; 3.526 ; 3.526 ; 3.526 ; 3.526 ;
; SW[6]      ; LEDR[10]    ; 3.531 ; 3.531 ; 3.531 ; 3.531 ;
; SW[6]      ; LEDR[11]    ; 3.529 ; 3.529 ; 3.529 ; 3.529 ;
; SW[6]      ; LEDR[12]    ; 3.540 ; 3.540 ; 3.540 ; 3.540 ;
; SW[6]      ; LEDR[13]    ; 3.542 ; 3.542 ; 3.542 ; 3.542 ;
; SW[6]      ; LEDR[14]    ; 3.750 ; 3.750 ; 3.750 ; 3.750 ;
; SW[6]      ; LEDR[15]    ; 3.744 ; 3.744 ; 3.744 ; 3.744 ;
; SW[7]      ; LEDR[7]     ; 4.586 ; 4.586 ; 4.586 ; 4.586 ;
; SW[7]      ; LEDR[8]     ; 4.149 ; 4.149 ; 4.149 ; 4.149 ;
; SW[7]      ; LEDR[9]     ; 4.156 ; 4.156 ; 4.156 ; 4.156 ;
; SW[7]      ; LEDR[10]    ; 4.161 ; 4.161 ; 4.161 ; 4.161 ;
; SW[7]      ; LEDR[11]    ; 4.159 ; 4.159 ; 4.159 ; 4.159 ;
; SW[7]      ; LEDR[12]    ; 4.170 ; 4.170 ; 4.170 ; 4.170 ;
; SW[7]      ; LEDR[13]    ; 4.172 ; 4.172 ; 4.172 ; 4.172 ;
; SW[7]      ; LEDR[14]    ; 4.380 ; 4.380 ; 4.380 ; 4.380 ;
; SW[7]      ; LEDR[15]    ; 4.374 ; 4.374 ; 4.374 ; 4.374 ;
; SW[8]      ; LEDR[0]     ; 4.767 ; 4.767 ; 4.767 ; 4.767 ;
; SW[8]      ; LEDR[1]     ; 4.936 ; 4.936 ; 4.936 ; 4.936 ;
; SW[8]      ; LEDR[2]     ; 4.563 ; 4.563 ; 4.563 ; 4.563 ;
; SW[8]      ; LEDR[3]     ; 4.799 ; 4.799 ; 4.799 ; 4.799 ;
; SW[8]      ; LEDR[4]     ; 4.730 ; 4.730 ; 4.730 ; 4.730 ;
; SW[8]      ; LEDR[5]     ; 4.656 ; 4.656 ; 4.656 ; 4.656 ;
; SW[8]      ; LEDR[6]     ; 4.821 ; 4.821 ; 4.821 ; 4.821 ;
; SW[8]      ; LEDR[7]     ; 4.709 ; 4.709 ; 4.709 ; 4.709 ;
; SW[8]      ; LEDR[8]     ; 4.272 ; 4.272 ; 4.272 ; 4.272 ;
; SW[8]      ; LEDR[9]     ; 4.279 ; 4.279 ; 4.279 ; 4.279 ;
; SW[8]      ; LEDR[10]    ; 4.284 ; 4.284 ; 4.284 ; 4.284 ;
; SW[8]      ; LEDR[11]    ; 4.282 ; 4.282 ; 4.282 ; 4.282 ;
; SW[8]      ; LEDR[12]    ; 4.293 ; 4.293 ; 4.293 ; 4.293 ;
; SW[8]      ; LEDR[13]    ; 4.295 ; 4.295 ; 4.295 ; 4.295 ;
; SW[8]      ; LEDR[14]    ; 4.503 ; 4.503 ; 4.503 ; 4.503 ;
; SW[8]      ; LEDR[15]    ; 4.497 ; 4.497 ; 4.497 ; 4.497 ;
; SW[9]      ; LEDR[1]     ; 4.938 ; 4.938 ; 4.938 ; 4.938 ;
; SW[9]      ; LEDR[2]     ; 4.565 ; 4.565 ; 4.565 ; 4.565 ;
; SW[9]      ; LEDR[3]     ; 4.801 ; 4.801 ; 4.801 ; 4.801 ;
; SW[9]      ; LEDR[4]     ; 4.732 ; 4.732 ; 4.732 ; 4.732 ;
; SW[9]      ; LEDR[5]     ; 4.658 ; 4.658 ; 4.658 ; 4.658 ;
; SW[9]      ; LEDR[6]     ; 4.823 ; 4.823 ; 4.823 ; 4.823 ;
; SW[9]      ; LEDR[7]     ; 4.711 ; 4.711 ; 4.711 ; 4.711 ;
; SW[9]      ; LEDR[8]     ; 4.274 ; 4.274 ; 4.274 ; 4.274 ;
; SW[9]      ; LEDR[9]     ; 4.281 ; 4.281 ; 4.281 ; 4.281 ;
; SW[9]      ; LEDR[10]    ; 4.286 ; 4.286 ; 4.286 ; 4.286 ;
; SW[9]      ; LEDR[11]    ; 4.284 ; 4.284 ; 4.284 ; 4.284 ;
; SW[9]      ; LEDR[12]    ; 4.295 ; 4.295 ; 4.295 ; 4.295 ;
; SW[9]      ; LEDR[13]    ; 4.297 ; 4.297 ; 4.297 ; 4.297 ;
; SW[9]      ; LEDR[14]    ; 4.505 ; 4.505 ; 4.505 ; 4.505 ;
; SW[9]      ; LEDR[15]    ; 4.499 ; 4.499 ; 4.499 ; 4.499 ;
; SW[10]     ; LEDR[2]     ; 4.234 ; 4.234 ; 4.234 ; 4.234 ;
; SW[10]     ; LEDR[3]     ; 4.470 ; 4.470 ; 4.470 ; 4.470 ;
; SW[10]     ; LEDR[4]     ; 4.401 ; 4.401 ; 4.401 ; 4.401 ;
; SW[10]     ; LEDR[5]     ; 4.327 ; 4.327 ; 4.327 ; 4.327 ;
; SW[10]     ; LEDR[6]     ; 4.492 ; 4.492 ; 4.492 ; 4.492 ;
; SW[10]     ; LEDR[7]     ; 4.380 ; 4.380 ; 4.380 ; 4.380 ;
; SW[10]     ; LEDR[8]     ; 3.943 ; 3.943 ; 3.943 ; 3.943 ;
; SW[10]     ; LEDR[9]     ; 3.950 ; 3.950 ; 3.950 ; 3.950 ;
; SW[10]     ; LEDR[10]    ; 3.955 ; 3.955 ; 3.955 ; 3.955 ;
; SW[10]     ; LEDR[11]    ; 3.953 ; 3.953 ; 3.953 ; 3.953 ;
; SW[10]     ; LEDR[12]    ; 3.964 ; 3.964 ; 3.964 ; 3.964 ;
; SW[10]     ; LEDR[13]    ; 3.966 ; 3.966 ; 3.966 ; 3.966 ;
; SW[10]     ; LEDR[14]    ; 4.174 ; 4.174 ; 4.174 ; 4.174 ;
; SW[10]     ; LEDR[15]    ; 4.168 ; 4.168 ; 4.168 ; 4.168 ;
; SW[11]     ; LEDR[3]     ; 4.428 ; 4.428 ; 4.428 ; 4.428 ;
; SW[11]     ; LEDR[4]     ; 4.359 ; 4.359 ; 4.359 ; 4.359 ;
; SW[11]     ; LEDR[5]     ; 4.285 ; 4.285 ; 4.285 ; 4.285 ;
; SW[11]     ; LEDR[6]     ; 4.450 ; 4.450 ; 4.450 ; 4.450 ;
; SW[11]     ; LEDR[7]     ; 4.338 ; 4.338 ; 4.338 ; 4.338 ;
; SW[11]     ; LEDR[8]     ; 3.901 ; 3.901 ; 3.901 ; 3.901 ;
; SW[11]     ; LEDR[9]     ; 3.908 ; 3.908 ; 3.908 ; 3.908 ;
; SW[11]     ; LEDR[10]    ; 3.913 ; 3.913 ; 3.913 ; 3.913 ;
; SW[11]     ; LEDR[11]    ; 3.911 ; 3.911 ; 3.911 ; 3.911 ;
; SW[11]     ; LEDR[12]    ; 3.922 ; 3.922 ; 3.922 ; 3.922 ;
; SW[11]     ; LEDR[13]    ; 3.924 ; 3.924 ; 3.924 ; 3.924 ;
; SW[11]     ; LEDR[14]    ; 4.132 ; 4.132 ; 4.132 ; 4.132 ;
; SW[11]     ; LEDR[15]    ; 4.126 ; 4.126 ; 4.126 ; 4.126 ;
; SW[12]     ; LEDR[4]     ; 4.435 ; 4.435 ; 4.435 ; 4.435 ;
; SW[12]     ; LEDR[5]     ; 4.361 ; 4.361 ; 4.361 ; 4.361 ;
; SW[12]     ; LEDR[6]     ; 4.526 ; 4.526 ; 4.526 ; 4.526 ;
; SW[12]     ; LEDR[7]     ; 4.414 ; 4.414 ; 4.414 ; 4.414 ;
; SW[12]     ; LEDR[8]     ; 3.977 ; 3.977 ; 3.977 ; 3.977 ;
; SW[12]     ; LEDR[9]     ; 3.984 ; 3.984 ; 3.984 ; 3.984 ;
; SW[12]     ; LEDR[10]    ; 3.989 ; 3.989 ; 3.989 ; 3.989 ;
; SW[12]     ; LEDR[11]    ; 3.987 ; 3.987 ; 3.987 ; 3.987 ;
; SW[12]     ; LEDR[12]    ; 3.998 ; 3.998 ; 3.998 ; 3.998 ;
; SW[12]     ; LEDR[13]    ; 4.000 ; 4.000 ; 4.000 ; 4.000 ;
; SW[12]     ; LEDR[14]    ; 4.208 ; 4.208 ; 4.208 ; 4.208 ;
; SW[12]     ; LEDR[15]    ; 4.202 ; 4.202 ; 4.202 ; 4.202 ;
; SW[13]     ; LEDR[5]     ; 6.664 ; 6.664 ; 6.664 ; 6.664 ;
; SW[13]     ; LEDR[6]     ; 6.829 ; 6.829 ; 6.829 ; 6.829 ;
; SW[13]     ; LEDR[7]     ; 6.717 ; 6.717 ; 6.717 ; 6.717 ;
; SW[13]     ; LEDR[8]     ; 6.280 ; 6.280 ; 6.280 ; 6.280 ;
; SW[13]     ; LEDR[9]     ; 6.287 ; 6.287 ; 6.287 ; 6.287 ;
; SW[13]     ; LEDR[10]    ; 6.292 ; 6.292 ; 6.292 ; 6.292 ;
; SW[13]     ; LEDR[11]    ; 6.290 ; 6.290 ; 6.290 ; 6.290 ;
; SW[13]     ; LEDR[12]    ; 6.301 ; 6.301 ; 6.301 ; 6.301 ;
; SW[13]     ; LEDR[13]    ; 6.303 ; 6.303 ; 6.303 ; 6.303 ;
; SW[13]     ; LEDR[14]    ; 6.511 ; 6.511 ; 6.511 ; 6.511 ;
; SW[13]     ; LEDR[15]    ; 6.505 ; 6.505 ; 6.505 ; 6.505 ;
; SW[14]     ; LEDR[6]     ; 6.842 ; 6.842 ; 6.842 ; 6.842 ;
; SW[14]     ; LEDR[7]     ; 6.730 ; 6.730 ; 6.730 ; 6.730 ;
; SW[14]     ; LEDR[8]     ; 6.293 ; 6.293 ; 6.293 ; 6.293 ;
; SW[14]     ; LEDR[9]     ; 6.300 ; 6.300 ; 6.300 ; 6.300 ;
; SW[14]     ; LEDR[10]    ; 6.305 ; 6.305 ; 6.305 ; 6.305 ;
; SW[14]     ; LEDR[11]    ; 6.303 ; 6.303 ; 6.303 ; 6.303 ;
; SW[14]     ; LEDR[12]    ; 6.314 ; 6.314 ; 6.314 ; 6.314 ;
; SW[14]     ; LEDR[13]    ; 6.316 ; 6.316 ; 6.316 ; 6.316 ;
; SW[14]     ; LEDR[14]    ; 6.524 ; 6.524 ; 6.524 ; 6.524 ;
; SW[14]     ; LEDR[15]    ; 6.518 ; 6.518 ; 6.518 ; 6.518 ;
; SW[15]     ; LEDR[7]     ; 6.730 ; 6.730 ; 6.730 ; 6.730 ;
; SW[15]     ; LEDR[8]     ; 6.293 ; 6.293 ; 6.293 ; 6.293 ;
; SW[15]     ; LEDR[9]     ; 6.300 ; 6.300 ; 6.300 ; 6.300 ;
; SW[15]     ; LEDR[10]    ; 6.305 ; 6.305 ; 6.305 ; 6.305 ;
; SW[15]     ; LEDR[11]    ; 6.303 ; 6.303 ; 6.303 ; 6.303 ;
; SW[15]     ; LEDR[12]    ; 6.314 ; 6.314 ; 6.314 ; 6.314 ;
; SW[15]     ; LEDR[13]    ; 6.316 ; 6.316 ; 6.316 ; 6.316 ;
; SW[15]     ; LEDR[14]    ; 6.524 ; 6.524 ; 6.524 ; 6.524 ;
; SW[15]     ; LEDR[15]    ; 6.518 ; 6.518 ; 6.518 ; 6.518 ;
+------------+-------------+-------+-------+-------+-------+


+----------------------------------------------------------+
; Minimum Propagation Delay                                ;
+------------+-------------+-------+-------+-------+-------+
; Input Port ; Output Port ; RR    ; RF    ; FR    ; FF    ;
+------------+-------------+-------+-------+-------+-------+
; SW[0]      ; LEDR[0]     ; 4.565 ; 4.565 ; 4.565 ; 4.565 ;
; SW[0]      ; LEDR[1]     ; 4.734 ; 4.734 ; 4.734 ; 4.734 ;
; SW[0]      ; LEDR[2]     ; 4.361 ; 4.361 ; 4.361 ; 4.361 ;
; SW[0]      ; LEDR[3]     ; 4.597 ; 4.597 ; 4.597 ; 4.597 ;
; SW[0]      ; LEDR[4]     ; 4.528 ; 4.528 ; 4.528 ; 4.528 ;
; SW[0]      ; LEDR[5]     ; 4.454 ; 4.454 ; 4.454 ; 4.454 ;
; SW[0]      ; LEDR[6]     ; 4.619 ; 4.619 ; 4.619 ; 4.619 ;
; SW[0]      ; LEDR[7]     ; 4.507 ; 4.507 ; 4.507 ; 4.507 ;
; SW[0]      ; LEDR[8]     ; 4.070 ; 4.070 ; 4.070 ; 4.070 ;
; SW[0]      ; LEDR[9]     ; 4.077 ; 4.077 ; 4.077 ; 4.077 ;
; SW[0]      ; LEDR[10]    ; 4.082 ; 4.082 ; 4.082 ; 4.082 ;
; SW[0]      ; LEDR[11]    ; 4.080 ; 4.080 ; 4.080 ; 4.080 ;
; SW[0]      ; LEDR[12]    ; 4.091 ; 4.091 ; 4.091 ; 4.091 ;
; SW[0]      ; LEDR[13]    ; 4.093 ; 4.093 ; 4.093 ; 4.093 ;
; SW[0]      ; LEDR[14]    ; 4.301 ; 4.301 ; 4.301 ; 4.301 ;
; SW[0]      ; LEDR[15]    ; 4.295 ; 4.295 ; 4.295 ; 4.295 ;
; SW[1]      ; LEDR[1]     ; 4.657 ; 4.657 ; 4.657 ; 4.657 ;
; SW[1]      ; LEDR[2]     ; 4.284 ; 4.284 ; 4.284 ; 4.284 ;
; SW[1]      ; LEDR[3]     ; 4.520 ; 4.520 ; 4.520 ; 4.520 ;
; SW[1]      ; LEDR[4]     ; 4.451 ; 4.451 ; 4.451 ; 4.451 ;
; SW[1]      ; LEDR[5]     ; 4.377 ; 4.377 ; 4.377 ; 4.377 ;
; SW[1]      ; LEDR[6]     ; 4.542 ; 4.542 ; 4.542 ; 4.542 ;
; SW[1]      ; LEDR[7]     ; 4.430 ; 4.430 ; 4.430 ; 4.430 ;
; SW[1]      ; LEDR[8]     ; 3.993 ; 3.993 ; 3.993 ; 3.993 ;
; SW[1]      ; LEDR[9]     ; 4.000 ; 4.000 ; 4.000 ; 4.000 ;
; SW[1]      ; LEDR[10]    ; 4.005 ; 4.005 ; 4.005 ; 4.005 ;
; SW[1]      ; LEDR[11]    ; 4.003 ; 4.003 ; 4.003 ; 4.003 ;
; SW[1]      ; LEDR[12]    ; 4.014 ; 4.014 ; 4.014 ; 4.014 ;
; SW[1]      ; LEDR[13]    ; 4.016 ; 4.016 ; 4.016 ; 4.016 ;
; SW[1]      ; LEDR[14]    ; 4.224 ; 4.224 ; 4.224 ; 4.224 ;
; SW[1]      ; LEDR[15]    ; 4.218 ; 4.218 ; 4.218 ; 4.218 ;
; SW[2]      ; LEDR[2]     ; 4.317 ; 4.317 ; 4.317 ; 4.317 ;
; SW[2]      ; LEDR[3]     ; 4.553 ; 4.553 ; 4.553 ; 4.553 ;
; SW[2]      ; LEDR[4]     ; 4.484 ; 4.484 ; 4.484 ; 4.484 ;
; SW[2]      ; LEDR[5]     ; 4.410 ; 4.410 ; 4.410 ; 4.410 ;
; SW[2]      ; LEDR[6]     ; 4.575 ; 4.575 ; 4.575 ; 4.575 ;
; SW[2]      ; LEDR[7]     ; 4.463 ; 4.463 ; 4.463 ; 4.463 ;
; SW[2]      ; LEDR[8]     ; 4.026 ; 4.026 ; 4.026 ; 4.026 ;
; SW[2]      ; LEDR[9]     ; 4.033 ; 4.033 ; 4.033 ; 4.033 ;
; SW[2]      ; LEDR[10]    ; 4.038 ; 4.038 ; 4.038 ; 4.038 ;
; SW[2]      ; LEDR[11]    ; 4.036 ; 4.036 ; 4.036 ; 4.036 ;
; SW[2]      ; LEDR[12]    ; 4.047 ; 4.047 ; 4.047 ; 4.047 ;
; SW[2]      ; LEDR[13]    ; 4.049 ; 4.049 ; 4.049 ; 4.049 ;
; SW[2]      ; LEDR[14]    ; 4.257 ; 4.257 ; 4.257 ; 4.257 ;
; SW[2]      ; LEDR[15]    ; 4.251 ; 4.251 ; 4.251 ; 4.251 ;
; SW[3]      ; LEDR[3]     ; 4.065 ; 4.065 ; 4.065 ; 4.065 ;
; SW[3]      ; LEDR[4]     ; 3.996 ; 3.996 ; 3.996 ; 3.996 ;
; SW[3]      ; LEDR[5]     ; 3.922 ; 3.922 ; 3.922 ; 3.922 ;
; SW[3]      ; LEDR[6]     ; 4.087 ; 4.087 ; 4.087 ; 4.087 ;
; SW[3]      ; LEDR[7]     ; 3.975 ; 3.975 ; 3.975 ; 3.975 ;
; SW[3]      ; LEDR[8]     ; 3.538 ; 3.538 ; 3.538 ; 3.538 ;
; SW[3]      ; LEDR[9]     ; 3.545 ; 3.545 ; 3.545 ; 3.545 ;
; SW[3]      ; LEDR[10]    ; 3.550 ; 3.550 ; 3.550 ; 3.550 ;
; SW[3]      ; LEDR[11]    ; 3.548 ; 3.548 ; 3.548 ; 3.548 ;
; SW[3]      ; LEDR[12]    ; 3.559 ; 3.559 ; 3.559 ; 3.559 ;
; SW[3]      ; LEDR[13]    ; 3.561 ; 3.561 ; 3.561 ; 3.561 ;
; SW[3]      ; LEDR[14]    ; 3.769 ; 3.769 ; 3.769 ; 3.769 ;
; SW[3]      ; LEDR[15]    ; 3.763 ; 3.763 ; 3.763 ; 3.763 ;
; SW[4]      ; LEDR[4]     ; 3.997 ; 3.997 ; 3.997 ; 3.997 ;
; SW[4]      ; LEDR[5]     ; 3.923 ; 3.923 ; 3.923 ; 3.923 ;
; SW[4]      ; LEDR[6]     ; 4.088 ; 4.088 ; 4.088 ; 4.088 ;
; SW[4]      ; LEDR[7]     ; 3.976 ; 3.976 ; 3.976 ; 3.976 ;
; SW[4]      ; LEDR[8]     ; 3.539 ; 3.539 ; 3.539 ; 3.539 ;
; SW[4]      ; LEDR[9]     ; 3.546 ; 3.546 ; 3.546 ; 3.546 ;
; SW[4]      ; LEDR[10]    ; 3.551 ; 3.551 ; 3.551 ; 3.551 ;
; SW[4]      ; LEDR[11]    ; 3.549 ; 3.549 ; 3.549 ; 3.549 ;
; SW[4]      ; LEDR[12]    ; 3.560 ; 3.560 ; 3.560 ; 3.560 ;
; SW[4]      ; LEDR[13]    ; 3.562 ; 3.562 ; 3.562 ; 3.562 ;
; SW[4]      ; LEDR[14]    ; 3.770 ; 3.770 ; 3.770 ; 3.770 ;
; SW[4]      ; LEDR[15]    ; 3.764 ; 3.764 ; 3.764 ; 3.764 ;
; SW[5]      ; LEDR[5]     ; 3.916 ; 3.916 ; 3.916 ; 3.916 ;
; SW[5]      ; LEDR[6]     ; 4.081 ; 4.081 ; 4.081 ; 4.081 ;
; SW[5]      ; LEDR[7]     ; 3.969 ; 3.969 ; 3.969 ; 3.969 ;
; SW[5]      ; LEDR[8]     ; 3.532 ; 3.532 ; 3.532 ; 3.532 ;
; SW[5]      ; LEDR[9]     ; 3.539 ; 3.539 ; 3.539 ; 3.539 ;
; SW[5]      ; LEDR[10]    ; 3.544 ; 3.544 ; 3.544 ; 3.544 ;
; SW[5]      ; LEDR[11]    ; 3.542 ; 3.542 ; 3.542 ; 3.542 ;
; SW[5]      ; LEDR[12]    ; 3.553 ; 3.553 ; 3.553 ; 3.553 ;
; SW[5]      ; LEDR[13]    ; 3.555 ; 3.555 ; 3.555 ; 3.555 ;
; SW[5]      ; LEDR[14]    ; 3.763 ; 3.763 ; 3.763 ; 3.763 ;
; SW[5]      ; LEDR[15]    ; 3.757 ; 3.757 ; 3.757 ; 3.757 ;
; SW[6]      ; LEDR[6]     ; 4.068 ; 4.068 ; 4.068 ; 4.068 ;
; SW[6]      ; LEDR[7]     ; 3.956 ; 3.956 ; 3.956 ; 3.956 ;
; SW[6]      ; LEDR[8]     ; 3.519 ; 3.519 ; 3.519 ; 3.519 ;
; SW[6]      ; LEDR[9]     ; 3.526 ; 3.526 ; 3.526 ; 3.526 ;
; SW[6]      ; LEDR[10]    ; 3.531 ; 3.531 ; 3.531 ; 3.531 ;
; SW[6]      ; LEDR[11]    ; 3.529 ; 3.529 ; 3.529 ; 3.529 ;
; SW[6]      ; LEDR[12]    ; 3.540 ; 3.540 ; 3.540 ; 3.540 ;
; SW[6]      ; LEDR[13]    ; 3.542 ; 3.542 ; 3.542 ; 3.542 ;
; SW[6]      ; LEDR[14]    ; 3.750 ; 3.750 ; 3.750 ; 3.750 ;
; SW[6]      ; LEDR[15]    ; 3.744 ; 3.744 ; 3.744 ; 3.744 ;
; SW[7]      ; LEDR[7]     ; 4.586 ; 4.586 ; 4.586 ; 4.586 ;
; SW[7]      ; LEDR[8]     ; 4.149 ; 4.149 ; 4.149 ; 4.149 ;
; SW[7]      ; LEDR[9]     ; 4.156 ; 4.156 ; 4.156 ; 4.156 ;
; SW[7]      ; LEDR[10]    ; 4.161 ; 4.161 ; 4.161 ; 4.161 ;
; SW[7]      ; LEDR[11]    ; 4.159 ; 4.159 ; 4.159 ; 4.159 ;
; SW[7]      ; LEDR[12]    ; 4.170 ; 4.170 ; 4.170 ; 4.170 ;
; SW[7]      ; LEDR[13]    ; 4.172 ; 4.172 ; 4.172 ; 4.172 ;
; SW[7]      ; LEDR[14]    ; 4.380 ; 4.380 ; 4.380 ; 4.380 ;
; SW[7]      ; LEDR[15]    ; 4.374 ; 4.374 ; 4.374 ; 4.374 ;
; SW[8]      ; LEDR[0]     ; 4.767 ; 4.767 ; 4.767 ; 4.767 ;
; SW[8]      ; LEDR[1]     ; 4.936 ; 4.936 ; 4.936 ; 4.936 ;
; SW[8]      ; LEDR[2]     ; 4.563 ; 4.563 ; 4.563 ; 4.563 ;
; SW[8]      ; LEDR[3]     ; 4.799 ; 4.799 ; 4.799 ; 4.799 ;
; SW[8]      ; LEDR[4]     ; 4.730 ; 4.730 ; 4.730 ; 4.730 ;
; SW[8]      ; LEDR[5]     ; 4.656 ; 4.656 ; 4.656 ; 4.656 ;
; SW[8]      ; LEDR[6]     ; 4.821 ; 4.821 ; 4.821 ; 4.821 ;
; SW[8]      ; LEDR[7]     ; 4.709 ; 4.709 ; 4.709 ; 4.709 ;
; SW[8]      ; LEDR[8]     ; 4.272 ; 4.272 ; 4.272 ; 4.272 ;
; SW[8]      ; LEDR[9]     ; 4.279 ; 4.279 ; 4.279 ; 4.279 ;
; SW[8]      ; LEDR[10]    ; 4.284 ; 4.284 ; 4.284 ; 4.284 ;
; SW[8]      ; LEDR[11]    ; 4.282 ; 4.282 ; 4.282 ; 4.282 ;
; SW[8]      ; LEDR[12]    ; 4.293 ; 4.293 ; 4.293 ; 4.293 ;
; SW[8]      ; LEDR[13]    ; 4.295 ; 4.295 ; 4.295 ; 4.295 ;
; SW[8]      ; LEDR[14]    ; 4.503 ; 4.503 ; 4.503 ; 4.503 ;
; SW[8]      ; LEDR[15]    ; 4.497 ; 4.497 ; 4.497 ; 4.497 ;
; SW[9]      ; LEDR[1]     ; 4.938 ; 4.938 ; 4.938 ; 4.938 ;
; SW[9]      ; LEDR[2]     ; 4.565 ; 4.565 ; 4.565 ; 4.565 ;
; SW[9]      ; LEDR[3]     ; 4.801 ; 4.801 ; 4.801 ; 4.801 ;
; SW[9]      ; LEDR[4]     ; 4.732 ; 4.732 ; 4.732 ; 4.732 ;
; SW[9]      ; LEDR[5]     ; 4.658 ; 4.658 ; 4.658 ; 4.658 ;
; SW[9]      ; LEDR[6]     ; 4.823 ; 4.823 ; 4.823 ; 4.823 ;
; SW[9]      ; LEDR[7]     ; 4.711 ; 4.711 ; 4.711 ; 4.711 ;
; SW[9]      ; LEDR[8]     ; 4.274 ; 4.274 ; 4.274 ; 4.274 ;
; SW[9]      ; LEDR[9]     ; 4.281 ; 4.281 ; 4.281 ; 4.281 ;
; SW[9]      ; LEDR[10]    ; 4.286 ; 4.286 ; 4.286 ; 4.286 ;
; SW[9]      ; LEDR[11]    ; 4.284 ; 4.284 ; 4.284 ; 4.284 ;
; SW[9]      ; LEDR[12]    ; 4.295 ; 4.295 ; 4.295 ; 4.295 ;
; SW[9]      ; LEDR[13]    ; 4.297 ; 4.297 ; 4.297 ; 4.297 ;
; SW[9]      ; LEDR[14]    ; 4.505 ; 4.505 ; 4.505 ; 4.505 ;
; SW[9]      ; LEDR[15]    ; 4.499 ; 4.499 ; 4.499 ; 4.499 ;
; SW[10]     ; LEDR[2]     ; 4.234 ; 4.234 ; 4.234 ; 4.234 ;
; SW[10]     ; LEDR[3]     ; 4.470 ; 4.470 ; 4.470 ; 4.470 ;
; SW[10]     ; LEDR[4]     ; 4.401 ; 4.401 ; 4.401 ; 4.401 ;
; SW[10]     ; LEDR[5]     ; 4.327 ; 4.327 ; 4.327 ; 4.327 ;
; SW[10]     ; LEDR[6]     ; 4.492 ; 4.492 ; 4.492 ; 4.492 ;
; SW[10]     ; LEDR[7]     ; 4.380 ; 4.380 ; 4.380 ; 4.380 ;
; SW[10]     ; LEDR[8]     ; 3.943 ; 3.943 ; 3.943 ; 3.943 ;
; SW[10]     ; LEDR[9]     ; 3.950 ; 3.950 ; 3.950 ; 3.950 ;
; SW[10]     ; LEDR[10]    ; 3.955 ; 3.955 ; 3.955 ; 3.955 ;
; SW[10]     ; LEDR[11]    ; 3.953 ; 3.953 ; 3.953 ; 3.953 ;
; SW[10]     ; LEDR[12]    ; 3.964 ; 3.964 ; 3.964 ; 3.964 ;
; SW[10]     ; LEDR[13]    ; 3.966 ; 3.966 ; 3.966 ; 3.966 ;
; SW[10]     ; LEDR[14]    ; 4.174 ; 4.174 ; 4.174 ; 4.174 ;
; SW[10]     ; LEDR[15]    ; 4.168 ; 4.168 ; 4.168 ; 4.168 ;
; SW[11]     ; LEDR[3]     ; 4.428 ; 4.428 ; 4.428 ; 4.428 ;
; SW[11]     ; LEDR[4]     ; 4.359 ; 4.359 ; 4.359 ; 4.359 ;
; SW[11]     ; LEDR[5]     ; 4.285 ; 4.285 ; 4.285 ; 4.285 ;
; SW[11]     ; LEDR[6]     ; 4.450 ; 4.450 ; 4.450 ; 4.450 ;
; SW[11]     ; LEDR[7]     ; 4.338 ; 4.338 ; 4.338 ; 4.338 ;
; SW[11]     ; LEDR[8]     ; 3.901 ; 3.901 ; 3.901 ; 3.901 ;
; SW[11]     ; LEDR[9]     ; 3.908 ; 3.908 ; 3.908 ; 3.908 ;
; SW[11]     ; LEDR[10]    ; 3.913 ; 3.913 ; 3.913 ; 3.913 ;
; SW[11]     ; LEDR[11]    ; 3.911 ; 3.911 ; 3.911 ; 3.911 ;
; SW[11]     ; LEDR[12]    ; 3.922 ; 3.922 ; 3.922 ; 3.922 ;
; SW[11]     ; LEDR[13]    ; 3.924 ; 3.924 ; 3.924 ; 3.924 ;
; SW[11]     ; LEDR[14]    ; 4.132 ; 4.132 ; 4.132 ; 4.132 ;
; SW[11]     ; LEDR[15]    ; 4.126 ; 4.126 ; 4.126 ; 4.126 ;
; SW[12]     ; LEDR[4]     ; 4.435 ; 4.435 ; 4.435 ; 4.435 ;
; SW[12]     ; LEDR[5]     ; 4.361 ; 4.361 ; 4.361 ; 4.361 ;
; SW[12]     ; LEDR[6]     ; 4.526 ; 4.526 ; 4.526 ; 4.526 ;
; SW[12]     ; LEDR[7]     ; 4.414 ; 4.414 ; 4.414 ; 4.414 ;
; SW[12]     ; LEDR[8]     ; 3.977 ; 3.977 ; 3.977 ; 3.977 ;
; SW[12]     ; LEDR[9]     ; 3.984 ; 3.984 ; 3.984 ; 3.984 ;
; SW[12]     ; LEDR[10]    ; 3.989 ; 3.989 ; 3.989 ; 3.989 ;
; SW[12]     ; LEDR[11]    ; 3.987 ; 3.987 ; 3.987 ; 3.987 ;
; SW[12]     ; LEDR[12]    ; 3.998 ; 3.998 ; 3.998 ; 3.998 ;
; SW[12]     ; LEDR[13]    ; 4.000 ; 4.000 ; 4.000 ; 4.000 ;
; SW[12]     ; LEDR[14]    ; 4.208 ; 4.208 ; 4.208 ; 4.208 ;
; SW[12]     ; LEDR[15]    ; 4.202 ; 4.202 ; 4.202 ; 4.202 ;
; SW[13]     ; LEDR[5]     ; 6.664 ; 6.664 ; 6.664 ; 6.664 ;
; SW[13]     ; LEDR[6]     ; 6.829 ; 6.829 ; 6.829 ; 6.829 ;
; SW[13]     ; LEDR[7]     ; 6.717 ; 6.717 ; 6.717 ; 6.717 ;
; SW[13]     ; LEDR[8]     ; 6.280 ; 6.280 ; 6.280 ; 6.280 ;
; SW[13]     ; LEDR[9]     ; 6.287 ; 6.287 ; 6.287 ; 6.287 ;
; SW[13]     ; LEDR[10]    ; 6.292 ; 6.292 ; 6.292 ; 6.292 ;
; SW[13]     ; LEDR[11]    ; 6.290 ; 6.290 ; 6.290 ; 6.290 ;
; SW[13]     ; LEDR[12]    ; 6.301 ; 6.301 ; 6.301 ; 6.301 ;
; SW[13]     ; LEDR[13]    ; 6.303 ; 6.303 ; 6.303 ; 6.303 ;
; SW[13]     ; LEDR[14]    ; 6.511 ; 6.511 ; 6.511 ; 6.511 ;
; SW[13]     ; LEDR[15]    ; 6.505 ; 6.505 ; 6.505 ; 6.505 ;
; SW[14]     ; LEDR[6]     ; 6.842 ; 6.842 ; 6.842 ; 6.842 ;
; SW[14]     ; LEDR[7]     ; 6.730 ; 6.730 ; 6.730 ; 6.730 ;
; SW[14]     ; LEDR[8]     ; 6.293 ; 6.293 ; 6.293 ; 6.293 ;
; SW[14]     ; LEDR[9]     ; 6.300 ; 6.300 ; 6.300 ; 6.300 ;
; SW[14]     ; LEDR[10]    ; 6.305 ; 6.305 ; 6.305 ; 6.305 ;
; SW[14]     ; LEDR[11]    ; 6.303 ; 6.303 ; 6.303 ; 6.303 ;
; SW[14]     ; LEDR[12]    ; 6.314 ; 6.314 ; 6.314 ; 6.314 ;
; SW[14]     ; LEDR[13]    ; 6.316 ; 6.316 ; 6.316 ; 6.316 ;
; SW[14]     ; LEDR[14]    ; 6.524 ; 6.524 ; 6.524 ; 6.524 ;
; SW[14]     ; LEDR[15]    ; 6.518 ; 6.518 ; 6.518 ; 6.518 ;
; SW[15]     ; LEDR[7]     ; 6.730 ; 6.730 ; 6.730 ; 6.730 ;
; SW[15]     ; LEDR[8]     ; 6.293 ; 6.293 ; 6.293 ; 6.293 ;
; SW[15]     ; LEDR[9]     ; 6.300 ; 6.300 ; 6.300 ; 6.300 ;
; SW[15]     ; LEDR[10]    ; 6.305 ; 6.305 ; 6.305 ; 6.305 ;
; SW[15]     ; LEDR[11]    ; 6.303 ; 6.303 ; 6.303 ; 6.303 ;
; SW[15]     ; LEDR[12]    ; 6.314 ; 6.314 ; 6.314 ; 6.314 ;
; SW[15]     ; LEDR[13]    ; 6.316 ; 6.316 ; 6.316 ; 6.316 ;
; SW[15]     ; LEDR[14]    ; 6.524 ; 6.524 ; 6.524 ; 6.524 ;
; SW[15]     ; LEDR[15]    ; 6.518 ; 6.518 ; 6.518 ; 6.518 ;
+------------+-------------+-------+-------+-------+-------+


+----------------------------------------------------------------------------+
; Multicorner Timing Analysis Summary                                        ;
+------------------+-------+------+----------+---------+---------------------+
; Clock            ; Setup ; Hold ; Recovery ; Removal ; Minimum Pulse Width ;
+------------------+-------+------+----------+---------+---------------------+
; Worst-case Slack ; N/A   ; N/A  ; N/A      ; N/A     ; N/A                 ;
; Design-wide TNS  ; 0.0   ; 0.0  ; 0.0      ; 0.0     ; 0.0                 ;
+------------------+-------+------+----------+---------+---------------------+


+--------------------------------------------------------------+
; Progagation Delay                                            ;
+------------+-------------+--------+--------+--------+--------+
; Input Port ; Output Port ; RR     ; RF     ; FR     ; FF     ;
+------------+-------------+--------+--------+--------+--------+
; SW[0]      ; LEDR[0]     ; 10.077 ; 10.077 ; 10.077 ; 10.077 ;
; SW[0]      ; LEDR[1]     ; 10.535 ; 10.535 ; 10.535 ; 10.535 ;
; SW[0]      ; LEDR[2]     ; 9.631  ; 9.631  ; 9.631  ; 9.631  ;
; SW[0]      ; LEDR[3]     ; 10.219 ; 10.219 ; 10.219 ; 10.219 ;
; SW[0]      ; LEDR[4]     ; 10.030 ; 10.030 ; 10.030 ; 10.030 ;
; SW[0]      ; LEDR[5]     ; 9.836  ; 9.836  ; 9.836  ; 9.836  ;
; SW[0]      ; LEDR[6]     ; 10.297 ; 10.297 ; 10.297 ; 10.297 ;
; SW[0]      ; LEDR[7]     ; 10.003 ; 10.003 ; 10.003 ; 10.003 ;
; SW[0]      ; LEDR[8]     ; 9.116  ; 9.116  ; 9.116  ; 9.116  ;
; SW[0]      ; LEDR[9]     ; 9.121  ; 9.121  ; 9.121  ; 9.121  ;
; SW[0]      ; LEDR[10]    ; 9.128  ; 9.128  ; 9.128  ; 9.128  ;
; SW[0]      ; LEDR[11]    ; 9.125  ; 9.125  ; 9.125  ; 9.125  ;
; SW[0]      ; LEDR[12]    ; 9.137  ; 9.137  ; 9.137  ; 9.137  ;
; SW[0]      ; LEDR[13]    ; 9.138  ; 9.138  ; 9.138  ; 9.138  ;
; SW[0]      ; LEDR[14]    ; 9.523  ; 9.523  ; 9.523  ; 9.523  ;
; SW[0]      ; LEDR[15]    ; 9.512  ; 9.512  ; 9.512  ; 9.512  ;
; SW[1]      ; LEDR[1]     ; 10.414 ; 10.414 ; 10.414 ; 10.414 ;
; SW[1]      ; LEDR[2]     ; 9.510  ; 9.510  ; 9.510  ; 9.510  ;
; SW[1]      ; LEDR[3]     ; 10.098 ; 10.098 ; 10.098 ; 10.098 ;
; SW[1]      ; LEDR[4]     ; 9.909  ; 9.909  ; 9.909  ; 9.909  ;
; SW[1]      ; LEDR[5]     ; 9.715  ; 9.715  ; 9.715  ; 9.715  ;
; SW[1]      ; LEDR[6]     ; 10.176 ; 10.176 ; 10.176 ; 10.176 ;
; SW[1]      ; LEDR[7]     ; 9.882  ; 9.882  ; 9.882  ; 9.882  ;
; SW[1]      ; LEDR[8]     ; 8.995  ; 8.995  ; 8.995  ; 8.995  ;
; SW[1]      ; LEDR[9]     ; 9.000  ; 9.000  ; 9.000  ; 9.000  ;
; SW[1]      ; LEDR[10]    ; 9.007  ; 9.007  ; 9.007  ; 9.007  ;
; SW[1]      ; LEDR[11]    ; 9.004  ; 9.004  ; 9.004  ; 9.004  ;
; SW[1]      ; LEDR[12]    ; 9.016  ; 9.016  ; 9.016  ; 9.016  ;
; SW[1]      ; LEDR[13]    ; 9.017  ; 9.017  ; 9.017  ; 9.017  ;
; SW[1]      ; LEDR[14]    ; 9.402  ; 9.402  ; 9.402  ; 9.402  ;
; SW[1]      ; LEDR[15]    ; 9.391  ; 9.391  ; 9.391  ; 9.391  ;
; SW[2]      ; LEDR[2]     ; 9.566  ; 9.566  ; 9.566  ; 9.566  ;
; SW[2]      ; LEDR[3]     ; 10.154 ; 10.154 ; 10.154 ; 10.154 ;
; SW[2]      ; LEDR[4]     ; 9.965  ; 9.965  ; 9.965  ; 9.965  ;
; SW[2]      ; LEDR[5]     ; 9.771  ; 9.771  ; 9.771  ; 9.771  ;
; SW[2]      ; LEDR[6]     ; 10.232 ; 10.232 ; 10.232 ; 10.232 ;
; SW[2]      ; LEDR[7]     ; 9.938  ; 9.938  ; 9.938  ; 9.938  ;
; SW[2]      ; LEDR[8]     ; 9.051  ; 9.051  ; 9.051  ; 9.051  ;
; SW[2]      ; LEDR[9]     ; 9.056  ; 9.056  ; 9.056  ; 9.056  ;
; SW[2]      ; LEDR[10]    ; 9.063  ; 9.063  ; 9.063  ; 9.063  ;
; SW[2]      ; LEDR[11]    ; 9.060  ; 9.060  ; 9.060  ; 9.060  ;
; SW[2]      ; LEDR[12]    ; 9.072  ; 9.072  ; 9.072  ; 9.072  ;
; SW[2]      ; LEDR[13]    ; 9.073  ; 9.073  ; 9.073  ; 9.073  ;
; SW[2]      ; LEDR[14]    ; 9.458  ; 9.458  ; 9.458  ; 9.458  ;
; SW[2]      ; LEDR[15]    ; 9.447  ; 9.447  ; 9.447  ; 9.447  ;
; SW[3]      ; LEDR[3]     ; 9.300  ; 9.300  ; 9.300  ; 9.300  ;
; SW[3]      ; LEDR[4]     ; 9.111  ; 9.111  ; 9.111  ; 9.111  ;
; SW[3]      ; LEDR[5]     ; 8.917  ; 8.917  ; 8.917  ; 8.917  ;
; SW[3]      ; LEDR[6]     ; 9.378  ; 9.378  ; 9.378  ; 9.378  ;
; SW[3]      ; LEDR[7]     ; 9.084  ; 9.084  ; 9.084  ; 9.084  ;
; SW[3]      ; LEDR[8]     ; 8.197  ; 8.197  ; 8.197  ; 8.197  ;
; SW[3]      ; LEDR[9]     ; 8.202  ; 8.202  ; 8.202  ; 8.202  ;
; SW[3]      ; LEDR[10]    ; 8.209  ; 8.209  ; 8.209  ; 8.209  ;
; SW[3]      ; LEDR[11]    ; 8.206  ; 8.206  ; 8.206  ; 8.206  ;
; SW[3]      ; LEDR[12]    ; 8.218  ; 8.218  ; 8.218  ; 8.218  ;
; SW[3]      ; LEDR[13]    ; 8.219  ; 8.219  ; 8.219  ; 8.219  ;
; SW[3]      ; LEDR[14]    ; 8.604  ; 8.604  ; 8.604  ; 8.604  ;
; SW[3]      ; LEDR[15]    ; 8.593  ; 8.593  ; 8.593  ; 8.593  ;
; SW[4]      ; LEDR[4]     ; 9.110  ; 9.110  ; 9.110  ; 9.110  ;
; SW[4]      ; LEDR[5]     ; 8.916  ; 8.916  ; 8.916  ; 8.916  ;
; SW[4]      ; LEDR[6]     ; 9.377  ; 9.377  ; 9.377  ; 9.377  ;
; SW[4]      ; LEDR[7]     ; 9.083  ; 9.083  ; 9.083  ; 9.083  ;
; SW[4]      ; LEDR[8]     ; 8.196  ; 8.196  ; 8.196  ; 8.196  ;
; SW[4]      ; LEDR[9]     ; 8.201  ; 8.201  ; 8.201  ; 8.201  ;
; SW[4]      ; LEDR[10]    ; 8.208  ; 8.208  ; 8.208  ; 8.208  ;
; SW[4]      ; LEDR[11]    ; 8.205  ; 8.205  ; 8.205  ; 8.205  ;
; SW[4]      ; LEDR[12]    ; 8.217  ; 8.217  ; 8.217  ; 8.217  ;
; SW[4]      ; LEDR[13]    ; 8.218  ; 8.218  ; 8.218  ; 8.218  ;
; SW[4]      ; LEDR[14]    ; 8.603  ; 8.603  ; 8.603  ; 8.603  ;
; SW[4]      ; LEDR[15]    ; 8.592  ; 8.592  ; 8.592  ; 8.592  ;
; SW[5]      ; LEDR[5]     ; 8.915  ; 8.915  ; 8.915  ; 8.915  ;
; SW[5]      ; LEDR[6]     ; 9.376  ; 9.376  ; 9.376  ; 9.376  ;
; SW[5]      ; LEDR[7]     ; 9.082  ; 9.082  ; 9.082  ; 9.082  ;
; SW[5]      ; LEDR[8]     ; 8.195  ; 8.195  ; 8.195  ; 8.195  ;
; SW[5]      ; LEDR[9]     ; 8.200  ; 8.200  ; 8.200  ; 8.200  ;
; SW[5]      ; LEDR[10]    ; 8.207  ; 8.207  ; 8.207  ; 8.207  ;
; SW[5]      ; LEDR[11]    ; 8.204  ; 8.204  ; 8.204  ; 8.204  ;
; SW[5]      ; LEDR[12]    ; 8.216  ; 8.216  ; 8.216  ; 8.216  ;
; SW[5]      ; LEDR[13]    ; 8.217  ; 8.217  ; 8.217  ; 8.217  ;
; SW[5]      ; LEDR[14]    ; 8.602  ; 8.602  ; 8.602  ; 8.602  ;
; SW[5]      ; LEDR[15]    ; 8.591  ; 8.591  ; 8.591  ; 8.591  ;
; SW[6]      ; LEDR[6]     ; 9.354  ; 9.354  ; 9.354  ; 9.354  ;
; SW[6]      ; LEDR[7]     ; 9.060  ; 9.060  ; 9.060  ; 9.060  ;
; SW[6]      ; LEDR[8]     ; 8.173  ; 8.173  ; 8.173  ; 8.173  ;
; SW[6]      ; LEDR[9]     ; 8.178  ; 8.178  ; 8.178  ; 8.178  ;
; SW[6]      ; LEDR[10]    ; 8.185  ; 8.185  ; 8.185  ; 8.185  ;
; SW[6]      ; LEDR[11]    ; 8.182  ; 8.182  ; 8.182  ; 8.182  ;
; SW[6]      ; LEDR[12]    ; 8.194  ; 8.194  ; 8.194  ; 8.194  ;
; SW[6]      ; LEDR[13]    ; 8.195  ; 8.195  ; 8.195  ; 8.195  ;
; SW[6]      ; LEDR[14]    ; 8.580  ; 8.580  ; 8.580  ; 8.580  ;
; SW[6]      ; LEDR[15]    ; 8.569  ; 8.569  ; 8.569  ; 8.569  ;
; SW[7]      ; LEDR[7]     ; 10.045 ; 10.045 ; 10.045 ; 10.045 ;
; SW[7]      ; LEDR[8]     ; 9.158  ; 9.158  ; 9.158  ; 9.158  ;
; SW[7]      ; LEDR[9]     ; 9.163  ; 9.163  ; 9.163  ; 9.163  ;
; SW[7]      ; LEDR[10]    ; 9.170  ; 9.170  ; 9.170  ; 9.170  ;
; SW[7]      ; LEDR[11]    ; 9.167  ; 9.167  ; 9.167  ; 9.167  ;
; SW[7]      ; LEDR[12]    ; 9.179  ; 9.179  ; 9.179  ; 9.179  ;
; SW[7]      ; LEDR[13]    ; 9.180  ; 9.180  ; 9.180  ; 9.180  ;
; SW[7]      ; LEDR[14]    ; 9.565  ; 9.565  ; 9.565  ; 9.565  ;
; SW[7]      ; LEDR[15]    ; 9.554  ; 9.554  ; 9.554  ; 9.554  ;
; SW[8]      ; LEDR[0]     ; 10.686 ; 10.686 ; 10.686 ; 10.686 ;
; SW[8]      ; LEDR[1]     ; 11.144 ; 11.144 ; 11.144 ; 11.144 ;
; SW[8]      ; LEDR[2]     ; 10.240 ; 10.240 ; 10.240 ; 10.240 ;
; SW[8]      ; LEDR[3]     ; 10.828 ; 10.828 ; 10.828 ; 10.828 ;
; SW[8]      ; LEDR[4]     ; 10.639 ; 10.639 ; 10.639 ; 10.639 ;
; SW[8]      ; LEDR[5]     ; 10.445 ; 10.445 ; 10.445 ; 10.445 ;
; SW[8]      ; LEDR[6]     ; 10.906 ; 10.906 ; 10.906 ; 10.906 ;
; SW[8]      ; LEDR[7]     ; 10.612 ; 10.612 ; 10.612 ; 10.612 ;
; SW[8]      ; LEDR[8]     ; 9.725  ; 9.725  ; 9.725  ; 9.725  ;
; SW[8]      ; LEDR[9]     ; 9.730  ; 9.730  ; 9.730  ; 9.730  ;
; SW[8]      ; LEDR[10]    ; 9.737  ; 9.737  ; 9.737  ; 9.737  ;
; SW[8]      ; LEDR[11]    ; 9.734  ; 9.734  ; 9.734  ; 9.734  ;
; SW[8]      ; LEDR[12]    ; 9.746  ; 9.746  ; 9.746  ; 9.746  ;
; SW[8]      ; LEDR[13]    ; 9.747  ; 9.747  ; 9.747  ; 9.747  ;
; SW[8]      ; LEDR[14]    ; 10.132 ; 10.132 ; 10.132 ; 10.132 ;
; SW[8]      ; LEDR[15]    ; 10.121 ; 10.121 ; 10.121 ; 10.121 ;
; SW[9]      ; LEDR[1]     ; 11.095 ; 11.095 ; 11.095 ; 11.095 ;
; SW[9]      ; LEDR[2]     ; 10.191 ; 10.191 ; 10.191 ; 10.191 ;
; SW[9]      ; LEDR[3]     ; 10.779 ; 10.779 ; 10.779 ; 10.779 ;
; SW[9]      ; LEDR[4]     ; 10.590 ; 10.590 ; 10.590 ; 10.590 ;
; SW[9]      ; LEDR[5]     ; 10.396 ; 10.396 ; 10.396 ; 10.396 ;
; SW[9]      ; LEDR[6]     ; 10.857 ; 10.857 ; 10.857 ; 10.857 ;
; SW[9]      ; LEDR[7]     ; 10.563 ; 10.563 ; 10.563 ; 10.563 ;
; SW[9]      ; LEDR[8]     ; 9.676  ; 9.676  ; 9.676  ; 9.676  ;
; SW[9]      ; LEDR[9]     ; 9.681  ; 9.681  ; 9.681  ; 9.681  ;
; SW[9]      ; LEDR[10]    ; 9.688  ; 9.688  ; 9.688  ; 9.688  ;
; SW[9]      ; LEDR[11]    ; 9.685  ; 9.685  ; 9.685  ; 9.685  ;
; SW[9]      ; LEDR[12]    ; 9.697  ; 9.697  ; 9.697  ; 9.697  ;
; SW[9]      ; LEDR[13]    ; 9.698  ; 9.698  ; 9.698  ; 9.698  ;
; SW[9]      ; LEDR[14]    ; 10.083 ; 10.083 ; 10.083 ; 10.083 ;
; SW[9]      ; LEDR[15]    ; 10.072 ; 10.072 ; 10.072 ; 10.072 ;
; SW[10]     ; LEDR[2]     ; 9.687  ; 9.687  ; 9.687  ; 9.687  ;
; SW[10]     ; LEDR[3]     ; 10.275 ; 10.275 ; 10.275 ; 10.275 ;
; SW[10]     ; LEDR[4]     ; 10.086 ; 10.086 ; 10.086 ; 10.086 ;
; SW[10]     ; LEDR[5]     ; 9.892  ; 9.892  ; 9.892  ; 9.892  ;
; SW[10]     ; LEDR[6]     ; 10.353 ; 10.353 ; 10.353 ; 10.353 ;
; SW[10]     ; LEDR[7]     ; 10.059 ; 10.059 ; 10.059 ; 10.059 ;
; SW[10]     ; LEDR[8]     ; 9.172  ; 9.172  ; 9.172  ; 9.172  ;
; SW[10]     ; LEDR[9]     ; 9.177  ; 9.177  ; 9.177  ; 9.177  ;
; SW[10]     ; LEDR[10]    ; 9.184  ; 9.184  ; 9.184  ; 9.184  ;
; SW[10]     ; LEDR[11]    ; 9.181  ; 9.181  ; 9.181  ; 9.181  ;
; SW[10]     ; LEDR[12]    ; 9.193  ; 9.193  ; 9.193  ; 9.193  ;
; SW[10]     ; LEDR[13]    ; 9.194  ; 9.194  ; 9.194  ; 9.194  ;
; SW[10]     ; LEDR[14]    ; 9.579  ; 9.579  ; 9.579  ; 9.579  ;
; SW[10]     ; LEDR[15]    ; 9.568  ; 9.568  ; 9.568  ; 9.568  ;
; SW[11]     ; LEDR[3]     ; 10.211 ; 10.211 ; 10.211 ; 10.211 ;
; SW[11]     ; LEDR[4]     ; 10.022 ; 10.022 ; 10.022 ; 10.022 ;
; SW[11]     ; LEDR[5]     ; 9.828  ; 9.828  ; 9.828  ; 9.828  ;
; SW[11]     ; LEDR[6]     ; 10.289 ; 10.289 ; 10.289 ; 10.289 ;
; SW[11]     ; LEDR[7]     ; 9.995  ; 9.995  ; 9.995  ; 9.995  ;
; SW[11]     ; LEDR[8]     ; 9.108  ; 9.108  ; 9.108  ; 9.108  ;
; SW[11]     ; LEDR[9]     ; 9.113  ; 9.113  ; 9.113  ; 9.113  ;
; SW[11]     ; LEDR[10]    ; 9.120  ; 9.120  ; 9.120  ; 9.120  ;
; SW[11]     ; LEDR[11]    ; 9.117  ; 9.117  ; 9.117  ; 9.117  ;
; SW[11]     ; LEDR[12]    ; 9.129  ; 9.129  ; 9.129  ; 9.129  ;
; SW[11]     ; LEDR[13]    ; 9.130  ; 9.130  ; 9.130  ; 9.130  ;
; SW[11]     ; LEDR[14]    ; 9.515  ; 9.515  ; 9.515  ; 9.515  ;
; SW[11]     ; LEDR[15]    ; 9.504  ; 9.504  ; 9.504  ; 9.504  ;
; SW[12]     ; LEDR[4]     ; 10.156 ; 10.156 ; 10.156 ; 10.156 ;
; SW[12]     ; LEDR[5]     ; 9.962  ; 9.962  ; 9.962  ; 9.962  ;
; SW[12]     ; LEDR[6]     ; 10.423 ; 10.423 ; 10.423 ; 10.423 ;
; SW[12]     ; LEDR[7]     ; 10.129 ; 10.129 ; 10.129 ; 10.129 ;
; SW[12]     ; LEDR[8]     ; 9.242  ; 9.242  ; 9.242  ; 9.242  ;
; SW[12]     ; LEDR[9]     ; 9.247  ; 9.247  ; 9.247  ; 9.247  ;
; SW[12]     ; LEDR[10]    ; 9.254  ; 9.254  ; 9.254  ; 9.254  ;
; SW[12]     ; LEDR[11]    ; 9.251  ; 9.251  ; 9.251  ; 9.251  ;
; SW[12]     ; LEDR[12]    ; 9.263  ; 9.263  ; 9.263  ; 9.263  ;
; SW[12]     ; LEDR[13]    ; 9.264  ; 9.264  ; 9.264  ; 9.264  ;
; SW[12]     ; LEDR[14]    ; 9.649  ; 9.649  ; 9.649  ; 9.649  ;
; SW[12]     ; LEDR[15]    ; 9.638  ; 9.638  ; 9.638  ; 9.638  ;
; SW[13]     ; LEDR[5]     ; 13.723 ; 13.723 ; 13.723 ; 13.723 ;
; SW[13]     ; LEDR[6]     ; 14.184 ; 14.184 ; 14.184 ; 14.184 ;
; SW[13]     ; LEDR[7]     ; 13.890 ; 13.890 ; 13.890 ; 13.890 ;
; SW[13]     ; LEDR[8]     ; 13.003 ; 13.003 ; 13.003 ; 13.003 ;
; SW[13]     ; LEDR[9]     ; 13.008 ; 13.008 ; 13.008 ; 13.008 ;
; SW[13]     ; LEDR[10]    ; 13.015 ; 13.015 ; 13.015 ; 13.015 ;
; SW[13]     ; LEDR[11]    ; 13.012 ; 13.012 ; 13.012 ; 13.012 ;
; SW[13]     ; LEDR[12]    ; 13.024 ; 13.024 ; 13.024 ; 13.024 ;
; SW[13]     ; LEDR[13]    ; 13.025 ; 13.025 ; 13.025 ; 13.025 ;
; SW[13]     ; LEDR[14]    ; 13.410 ; 13.410 ; 13.410 ; 13.410 ;
; SW[13]     ; LEDR[15]    ; 13.399 ; 13.399 ; 13.399 ; 13.399 ;
; SW[14]     ; LEDR[6]     ; 14.200 ; 14.200 ; 14.200 ; 14.200 ;
; SW[14]     ; LEDR[7]     ; 13.906 ; 13.906 ; 13.906 ; 13.906 ;
; SW[14]     ; LEDR[8]     ; 13.019 ; 13.019 ; 13.019 ; 13.019 ;
; SW[14]     ; LEDR[9]     ; 13.024 ; 13.024 ; 13.024 ; 13.024 ;
; SW[14]     ; LEDR[10]    ; 13.031 ; 13.031 ; 13.031 ; 13.031 ;
; SW[14]     ; LEDR[11]    ; 13.028 ; 13.028 ; 13.028 ; 13.028 ;
; SW[14]     ; LEDR[12]    ; 13.040 ; 13.040 ; 13.040 ; 13.040 ;
; SW[14]     ; LEDR[13]    ; 13.041 ; 13.041 ; 13.041 ; 13.041 ;
; SW[14]     ; LEDR[14]    ; 13.426 ; 13.426 ; 13.426 ; 13.426 ;
; SW[14]     ; LEDR[15]    ; 13.415 ; 13.415 ; 13.415 ; 13.415 ;
; SW[15]     ; LEDR[7]     ; 13.902 ; 13.902 ; 13.902 ; 13.902 ;
; SW[15]     ; LEDR[8]     ; 13.015 ; 13.015 ; 13.015 ; 13.015 ;
; SW[15]     ; LEDR[9]     ; 13.020 ; 13.020 ; 13.020 ; 13.020 ;
; SW[15]     ; LEDR[10]    ; 13.027 ; 13.027 ; 13.027 ; 13.027 ;
; SW[15]     ; LEDR[11]    ; 13.024 ; 13.024 ; 13.024 ; 13.024 ;
; SW[15]     ; LEDR[12]    ; 13.036 ; 13.036 ; 13.036 ; 13.036 ;
; SW[15]     ; LEDR[13]    ; 13.037 ; 13.037 ; 13.037 ; 13.037 ;
; SW[15]     ; LEDR[14]    ; 13.422 ; 13.422 ; 13.422 ; 13.422 ;
; SW[15]     ; LEDR[15]    ; 13.411 ; 13.411 ; 13.411 ; 13.411 ;
+------------+-------------+--------+--------+--------+--------+


+----------------------------------------------------------+
; Minimum Progagation Delay                                ;
+------------+-------------+-------+-------+-------+-------+
; Input Port ; Output Port ; RR    ; RF    ; FR    ; FF    ;
+------------+-------------+-------+-------+-------+-------+
; SW[0]      ; LEDR[0]     ; 4.565 ; 4.565 ; 4.565 ; 4.565 ;
; SW[0]      ; LEDR[1]     ; 4.734 ; 4.734 ; 4.734 ; 4.734 ;
; SW[0]      ; LEDR[2]     ; 4.361 ; 4.361 ; 4.361 ; 4.361 ;
; SW[0]      ; LEDR[3]     ; 4.597 ; 4.597 ; 4.597 ; 4.597 ;
; SW[0]      ; LEDR[4]     ; 4.528 ; 4.528 ; 4.528 ; 4.528 ;
; SW[0]      ; LEDR[5]     ; 4.454 ; 4.454 ; 4.454 ; 4.454 ;
; SW[0]      ; LEDR[6]     ; 4.619 ; 4.619 ; 4.619 ; 4.619 ;
; SW[0]      ; LEDR[7]     ; 4.507 ; 4.507 ; 4.507 ; 4.507 ;
; SW[0]      ; LEDR[8]     ; 4.070 ; 4.070 ; 4.070 ; 4.070 ;
; SW[0]      ; LEDR[9]     ; 4.077 ; 4.077 ; 4.077 ; 4.077 ;
; SW[0]      ; LEDR[10]    ; 4.082 ; 4.082 ; 4.082 ; 4.082 ;
; SW[0]      ; LEDR[11]    ; 4.080 ; 4.080 ; 4.080 ; 4.080 ;
; SW[0]      ; LEDR[12]    ; 4.091 ; 4.091 ; 4.091 ; 4.091 ;
; SW[0]      ; LEDR[13]    ; 4.093 ; 4.093 ; 4.093 ; 4.093 ;
; SW[0]      ; LEDR[14]    ; 4.301 ; 4.301 ; 4.301 ; 4.301 ;
; SW[0]      ; LEDR[15]    ; 4.295 ; 4.295 ; 4.295 ; 4.295 ;
; SW[1]      ; LEDR[1]     ; 4.657 ; 4.657 ; 4.657 ; 4.657 ;
; SW[1]      ; LEDR[2]     ; 4.284 ; 4.284 ; 4.284 ; 4.284 ;
; SW[1]      ; LEDR[3]     ; 4.520 ; 4.520 ; 4.520 ; 4.520 ;
; SW[1]      ; LEDR[4]     ; 4.451 ; 4.451 ; 4.451 ; 4.451 ;
; SW[1]      ; LEDR[5]     ; 4.377 ; 4.377 ; 4.377 ; 4.377 ;
; SW[1]      ; LEDR[6]     ; 4.542 ; 4.542 ; 4.542 ; 4.542 ;
; SW[1]      ; LEDR[7]     ; 4.430 ; 4.430 ; 4.430 ; 4.430 ;
; SW[1]      ; LEDR[8]     ; 3.993 ; 3.993 ; 3.993 ; 3.993 ;
; SW[1]      ; LEDR[9]     ; 4.000 ; 4.000 ; 4.000 ; 4.000 ;
; SW[1]      ; LEDR[10]    ; 4.005 ; 4.005 ; 4.005 ; 4.005 ;
; SW[1]      ; LEDR[11]    ; 4.003 ; 4.003 ; 4.003 ; 4.003 ;
; SW[1]      ; LEDR[12]    ; 4.014 ; 4.014 ; 4.014 ; 4.014 ;
; SW[1]      ; LEDR[13]    ; 4.016 ; 4.016 ; 4.016 ; 4.016 ;
; SW[1]      ; LEDR[14]    ; 4.224 ; 4.224 ; 4.224 ; 4.224 ;
; SW[1]      ; LEDR[15]    ; 4.218 ; 4.218 ; 4.218 ; 4.218 ;
; SW[2]      ; LEDR[2]     ; 4.317 ; 4.317 ; 4.317 ; 4.317 ;
; SW[2]      ; LEDR[3]     ; 4.553 ; 4.553 ; 4.553 ; 4.553 ;
; SW[2]      ; LEDR[4]     ; 4.484 ; 4.484 ; 4.484 ; 4.484 ;
; SW[2]      ; LEDR[5]     ; 4.410 ; 4.410 ; 4.410 ; 4.410 ;
; SW[2]      ; LEDR[6]     ; 4.575 ; 4.575 ; 4.575 ; 4.575 ;
; SW[2]      ; LEDR[7]     ; 4.463 ; 4.463 ; 4.463 ; 4.463 ;
; SW[2]      ; LEDR[8]     ; 4.026 ; 4.026 ; 4.026 ; 4.026 ;
; SW[2]      ; LEDR[9]     ; 4.033 ; 4.033 ; 4.033 ; 4.033 ;
; SW[2]      ; LEDR[10]    ; 4.038 ; 4.038 ; 4.038 ; 4.038 ;
; SW[2]      ; LEDR[11]    ; 4.036 ; 4.036 ; 4.036 ; 4.036 ;
; SW[2]      ; LEDR[12]    ; 4.047 ; 4.047 ; 4.047 ; 4.047 ;
; SW[2]      ; LEDR[13]    ; 4.049 ; 4.049 ; 4.049 ; 4.049 ;
; SW[2]      ; LEDR[14]    ; 4.257 ; 4.257 ; 4.257 ; 4.257 ;
; SW[2]      ; LEDR[15]    ; 4.251 ; 4.251 ; 4.251 ; 4.251 ;
; SW[3]      ; LEDR[3]     ; 4.065 ; 4.065 ; 4.065 ; 4.065 ;
; SW[3]      ; LEDR[4]     ; 3.996 ; 3.996 ; 3.996 ; 3.996 ;
; SW[3]      ; LEDR[5]     ; 3.922 ; 3.922 ; 3.922 ; 3.922 ;
; SW[3]      ; LEDR[6]     ; 4.087 ; 4.087 ; 4.087 ; 4.087 ;
; SW[3]      ; LEDR[7]     ; 3.975 ; 3.975 ; 3.975 ; 3.975 ;
; SW[3]      ; LEDR[8]     ; 3.538 ; 3.538 ; 3.538 ; 3.538 ;
; SW[3]      ; LEDR[9]     ; 3.545 ; 3.545 ; 3.545 ; 3.545 ;
; SW[3]      ; LEDR[10]    ; 3.550 ; 3.550 ; 3.550 ; 3.550 ;
; SW[3]      ; LEDR[11]    ; 3.548 ; 3.548 ; 3.548 ; 3.548 ;
; SW[3]      ; LEDR[12]    ; 3.559 ; 3.559 ; 3.559 ; 3.559 ;
; SW[3]      ; LEDR[13]    ; 3.561 ; 3.561 ; 3.561 ; 3.561 ;
; SW[3]      ; LEDR[14]    ; 3.769 ; 3.769 ; 3.769 ; 3.769 ;
; SW[3]      ; LEDR[15]    ; 3.763 ; 3.763 ; 3.763 ; 3.763 ;
; SW[4]      ; LEDR[4]     ; 3.997 ; 3.997 ; 3.997 ; 3.997 ;
; SW[4]      ; LEDR[5]     ; 3.923 ; 3.923 ; 3.923 ; 3.923 ;
; SW[4]      ; LEDR[6]     ; 4.088 ; 4.088 ; 4.088 ; 4.088 ;
; SW[4]      ; LEDR[7]     ; 3.976 ; 3.976 ; 3.976 ; 3.976 ;
; SW[4]      ; LEDR[8]     ; 3.539 ; 3.539 ; 3.539 ; 3.539 ;
; SW[4]      ; LEDR[9]     ; 3.546 ; 3.546 ; 3.546 ; 3.546 ;
; SW[4]      ; LEDR[10]    ; 3.551 ; 3.551 ; 3.551 ; 3.551 ;
; SW[4]      ; LEDR[11]    ; 3.549 ; 3.549 ; 3.549 ; 3.549 ;
; SW[4]      ; LEDR[12]    ; 3.560 ; 3.560 ; 3.560 ; 3.560 ;
; SW[4]      ; LEDR[13]    ; 3.562 ; 3.562 ; 3.562 ; 3.562 ;
; SW[4]      ; LEDR[14]    ; 3.770 ; 3.770 ; 3.770 ; 3.770 ;
; SW[4]      ; LEDR[15]    ; 3.764 ; 3.764 ; 3.764 ; 3.764 ;
; SW[5]      ; LEDR[5]     ; 3.916 ; 3.916 ; 3.916 ; 3.916 ;
; SW[5]      ; LEDR[6]     ; 4.081 ; 4.081 ; 4.081 ; 4.081 ;
; SW[5]      ; LEDR[7]     ; 3.969 ; 3.969 ; 3.969 ; 3.969 ;
; SW[5]      ; LEDR[8]     ; 3.532 ; 3.532 ; 3.532 ; 3.532 ;
; SW[5]      ; LEDR[9]     ; 3.539 ; 3.539 ; 3.539 ; 3.539 ;
; SW[5]      ; LEDR[10]    ; 3.544 ; 3.544 ; 3.544 ; 3.544 ;
; SW[5]      ; LEDR[11]    ; 3.542 ; 3.542 ; 3.542 ; 3.542 ;
; SW[5]      ; LEDR[12]    ; 3.553 ; 3.553 ; 3.553 ; 3.553 ;
; SW[5]      ; LEDR[13]    ; 3.555 ; 3.555 ; 3.555 ; 3.555 ;
; SW[5]      ; LEDR[14]    ; 3.763 ; 3.763 ; 3.763 ; 3.763 ;
; SW[5]      ; LEDR[15]    ; 3.757 ; 3.757 ; 3.757 ; 3.757 ;
; SW[6]      ; LEDR[6]     ; 4.068 ; 4.068 ; 4.068 ; 4.068 ;
; SW[6]      ; LEDR[7]     ; 3.956 ; 3.956 ; 3.956 ; 3.956 ;
; SW[6]      ; LEDR[8]     ; 3.519 ; 3.519 ; 3.519 ; 3.519 ;
; SW[6]      ; LEDR[9]     ; 3.526 ; 3.526 ; 3.526 ; 3.526 ;
; SW[6]      ; LEDR[10]    ; 3.531 ; 3.531 ; 3.531 ; 3.531 ;
; SW[6]      ; LEDR[11]    ; 3.529 ; 3.529 ; 3.529 ; 3.529 ;
; SW[6]      ; LEDR[12]    ; 3.540 ; 3.540 ; 3.540 ; 3.540 ;
; SW[6]      ; LEDR[13]    ; 3.542 ; 3.542 ; 3.542 ; 3.542 ;
; SW[6]      ; LEDR[14]    ; 3.750 ; 3.750 ; 3.750 ; 3.750 ;
; SW[6]      ; LEDR[15]    ; 3.744 ; 3.744 ; 3.744 ; 3.744 ;
; SW[7]      ; LEDR[7]     ; 4.586 ; 4.586 ; 4.586 ; 4.586 ;
; SW[7]      ; LEDR[8]     ; 4.149 ; 4.149 ; 4.149 ; 4.149 ;
; SW[7]      ; LEDR[9]     ; 4.156 ; 4.156 ; 4.156 ; 4.156 ;
; SW[7]      ; LEDR[10]    ; 4.161 ; 4.161 ; 4.161 ; 4.161 ;
; SW[7]      ; LEDR[11]    ; 4.159 ; 4.159 ; 4.159 ; 4.159 ;
; SW[7]      ; LEDR[12]    ; 4.170 ; 4.170 ; 4.170 ; 4.170 ;
; SW[7]      ; LEDR[13]    ; 4.172 ; 4.172 ; 4.172 ; 4.172 ;
; SW[7]      ; LEDR[14]    ; 4.380 ; 4.380 ; 4.380 ; 4.380 ;
; SW[7]      ; LEDR[15]    ; 4.374 ; 4.374 ; 4.374 ; 4.374 ;
; SW[8]      ; LEDR[0]     ; 4.767 ; 4.767 ; 4.767 ; 4.767 ;
; SW[8]      ; LEDR[1]     ; 4.936 ; 4.936 ; 4.936 ; 4.936 ;
; SW[8]      ; LEDR[2]     ; 4.563 ; 4.563 ; 4.563 ; 4.563 ;
; SW[8]      ; LEDR[3]     ; 4.799 ; 4.799 ; 4.799 ; 4.799 ;
; SW[8]      ; LEDR[4]     ; 4.730 ; 4.730 ; 4.730 ; 4.730 ;
; SW[8]      ; LEDR[5]     ; 4.656 ; 4.656 ; 4.656 ; 4.656 ;
; SW[8]      ; LEDR[6]     ; 4.821 ; 4.821 ; 4.821 ; 4.821 ;
; SW[8]      ; LEDR[7]     ; 4.709 ; 4.709 ; 4.709 ; 4.709 ;
; SW[8]      ; LEDR[8]     ; 4.272 ; 4.272 ; 4.272 ; 4.272 ;
; SW[8]      ; LEDR[9]     ; 4.279 ; 4.279 ; 4.279 ; 4.279 ;
; SW[8]      ; LEDR[10]    ; 4.284 ; 4.284 ; 4.284 ; 4.284 ;
; SW[8]      ; LEDR[11]    ; 4.282 ; 4.282 ; 4.282 ; 4.282 ;
; SW[8]      ; LEDR[12]    ; 4.293 ; 4.293 ; 4.293 ; 4.293 ;
; SW[8]      ; LEDR[13]    ; 4.295 ; 4.295 ; 4.295 ; 4.295 ;
; SW[8]      ; LEDR[14]    ; 4.503 ; 4.503 ; 4.503 ; 4.503 ;
; SW[8]      ; LEDR[15]    ; 4.497 ; 4.497 ; 4.497 ; 4.497 ;
; SW[9]      ; LEDR[1]     ; 4.938 ; 4.938 ; 4.938 ; 4.938 ;
; SW[9]      ; LEDR[2]     ; 4.565 ; 4.565 ; 4.565 ; 4.565 ;
; SW[9]      ; LEDR[3]     ; 4.801 ; 4.801 ; 4.801 ; 4.801 ;
; SW[9]      ; LEDR[4]     ; 4.732 ; 4.732 ; 4.732 ; 4.732 ;
; SW[9]      ; LEDR[5]     ; 4.658 ; 4.658 ; 4.658 ; 4.658 ;
; SW[9]      ; LEDR[6]     ; 4.823 ; 4.823 ; 4.823 ; 4.823 ;
; SW[9]      ; LEDR[7]     ; 4.711 ; 4.711 ; 4.711 ; 4.711 ;
; SW[9]      ; LEDR[8]     ; 4.274 ; 4.274 ; 4.274 ; 4.274 ;
; SW[9]      ; LEDR[9]     ; 4.281 ; 4.281 ; 4.281 ; 4.281 ;
; SW[9]      ; LEDR[10]    ; 4.286 ; 4.286 ; 4.286 ; 4.286 ;
; SW[9]      ; LEDR[11]    ; 4.284 ; 4.284 ; 4.284 ; 4.284 ;
; SW[9]      ; LEDR[12]    ; 4.295 ; 4.295 ; 4.295 ; 4.295 ;
; SW[9]      ; LEDR[13]    ; 4.297 ; 4.297 ; 4.297 ; 4.297 ;
; SW[9]      ; LEDR[14]    ; 4.505 ; 4.505 ; 4.505 ; 4.505 ;
; SW[9]      ; LEDR[15]    ; 4.499 ; 4.499 ; 4.499 ; 4.499 ;
; SW[10]     ; LEDR[2]     ; 4.234 ; 4.234 ; 4.234 ; 4.234 ;
; SW[10]     ; LEDR[3]     ; 4.470 ; 4.470 ; 4.470 ; 4.470 ;
; SW[10]     ; LEDR[4]     ; 4.401 ; 4.401 ; 4.401 ; 4.401 ;
; SW[10]     ; LEDR[5]     ; 4.327 ; 4.327 ; 4.327 ; 4.327 ;
; SW[10]     ; LEDR[6]     ; 4.492 ; 4.492 ; 4.492 ; 4.492 ;
; SW[10]     ; LEDR[7]     ; 4.380 ; 4.380 ; 4.380 ; 4.380 ;
; SW[10]     ; LEDR[8]     ; 3.943 ; 3.943 ; 3.943 ; 3.943 ;
; SW[10]     ; LEDR[9]     ; 3.950 ; 3.950 ; 3.950 ; 3.950 ;
; SW[10]     ; LEDR[10]    ; 3.955 ; 3.955 ; 3.955 ; 3.955 ;
; SW[10]     ; LEDR[11]    ; 3.953 ; 3.953 ; 3.953 ; 3.953 ;
; SW[10]     ; LEDR[12]    ; 3.964 ; 3.964 ; 3.964 ; 3.964 ;
; SW[10]     ; LEDR[13]    ; 3.966 ; 3.966 ; 3.966 ; 3.966 ;
; SW[10]     ; LEDR[14]    ; 4.174 ; 4.174 ; 4.174 ; 4.174 ;
; SW[10]     ; LEDR[15]    ; 4.168 ; 4.168 ; 4.168 ; 4.168 ;
; SW[11]     ; LEDR[3]     ; 4.428 ; 4.428 ; 4.428 ; 4.428 ;
; SW[11]     ; LEDR[4]     ; 4.359 ; 4.359 ; 4.359 ; 4.359 ;
; SW[11]     ; LEDR[5]     ; 4.285 ; 4.285 ; 4.285 ; 4.285 ;
; SW[11]     ; LEDR[6]     ; 4.450 ; 4.450 ; 4.450 ; 4.450 ;
; SW[11]     ; LEDR[7]     ; 4.338 ; 4.338 ; 4.338 ; 4.338 ;
; SW[11]     ; LEDR[8]     ; 3.901 ; 3.901 ; 3.901 ; 3.901 ;
; SW[11]     ; LEDR[9]     ; 3.908 ; 3.908 ; 3.908 ; 3.908 ;
; SW[11]     ; LEDR[10]    ; 3.913 ; 3.913 ; 3.913 ; 3.913 ;
; SW[11]     ; LEDR[11]    ; 3.911 ; 3.911 ; 3.911 ; 3.911 ;
; SW[11]     ; LEDR[12]    ; 3.922 ; 3.922 ; 3.922 ; 3.922 ;
; SW[11]     ; LEDR[13]    ; 3.924 ; 3.924 ; 3.924 ; 3.924 ;
; SW[11]     ; LEDR[14]    ; 4.132 ; 4.132 ; 4.132 ; 4.132 ;
; SW[11]     ; LEDR[15]    ; 4.126 ; 4.126 ; 4.126 ; 4.126 ;
; SW[12]     ; LEDR[4]     ; 4.435 ; 4.435 ; 4.435 ; 4.435 ;
; SW[12]     ; LEDR[5]     ; 4.361 ; 4.361 ; 4.361 ; 4.361 ;
; SW[12]     ; LEDR[6]     ; 4.526 ; 4.526 ; 4.526 ; 4.526 ;
; SW[12]     ; LEDR[7]     ; 4.414 ; 4.414 ; 4.414 ; 4.414 ;
; SW[12]     ; LEDR[8]     ; 3.977 ; 3.977 ; 3.977 ; 3.977 ;
; SW[12]     ; LEDR[9]     ; 3.984 ; 3.984 ; 3.984 ; 3.984 ;
; SW[12]     ; LEDR[10]    ; 3.989 ; 3.989 ; 3.989 ; 3.989 ;
; SW[12]     ; LEDR[11]    ; 3.987 ; 3.987 ; 3.987 ; 3.987 ;
; SW[12]     ; LEDR[12]    ; 3.998 ; 3.998 ; 3.998 ; 3.998 ;
; SW[12]     ; LEDR[13]    ; 4.000 ; 4.000 ; 4.000 ; 4.000 ;
; SW[12]     ; LEDR[14]    ; 4.208 ; 4.208 ; 4.208 ; 4.208 ;
; SW[12]     ; LEDR[15]    ; 4.202 ; 4.202 ; 4.202 ; 4.202 ;
; SW[13]     ; LEDR[5]     ; 6.664 ; 6.664 ; 6.664 ; 6.664 ;
; SW[13]     ; LEDR[6]     ; 6.829 ; 6.829 ; 6.829 ; 6.829 ;
; SW[13]     ; LEDR[7]     ; 6.717 ; 6.717 ; 6.717 ; 6.717 ;
; SW[13]     ; LEDR[8]     ; 6.280 ; 6.280 ; 6.280 ; 6.280 ;
; SW[13]     ; LEDR[9]     ; 6.287 ; 6.287 ; 6.287 ; 6.287 ;
; SW[13]     ; LEDR[10]    ; 6.292 ; 6.292 ; 6.292 ; 6.292 ;
; SW[13]     ; LEDR[11]    ; 6.290 ; 6.290 ; 6.290 ; 6.290 ;
; SW[13]     ; LEDR[12]    ; 6.301 ; 6.301 ; 6.301 ; 6.301 ;
; SW[13]     ; LEDR[13]    ; 6.303 ; 6.303 ; 6.303 ; 6.303 ;
; SW[13]     ; LEDR[14]    ; 6.511 ; 6.511 ; 6.511 ; 6.511 ;
; SW[13]     ; LEDR[15]    ; 6.505 ; 6.505 ; 6.505 ; 6.505 ;
; SW[14]     ; LEDR[6]     ; 6.842 ; 6.842 ; 6.842 ; 6.842 ;
; SW[14]     ; LEDR[7]     ; 6.730 ; 6.730 ; 6.730 ; 6.730 ;
; SW[14]     ; LEDR[8]     ; 6.293 ; 6.293 ; 6.293 ; 6.293 ;
; SW[14]     ; LEDR[9]     ; 6.300 ; 6.300 ; 6.300 ; 6.300 ;
; SW[14]     ; LEDR[10]    ; 6.305 ; 6.305 ; 6.305 ; 6.305 ;
; SW[14]     ; LEDR[11]    ; 6.303 ; 6.303 ; 6.303 ; 6.303 ;
; SW[14]     ; LEDR[12]    ; 6.314 ; 6.314 ; 6.314 ; 6.314 ;
; SW[14]     ; LEDR[13]    ; 6.316 ; 6.316 ; 6.316 ; 6.316 ;
; SW[14]     ; LEDR[14]    ; 6.524 ; 6.524 ; 6.524 ; 6.524 ;
; SW[14]     ; LEDR[15]    ; 6.518 ; 6.518 ; 6.518 ; 6.518 ;
; SW[15]     ; LEDR[7]     ; 6.730 ; 6.730 ; 6.730 ; 6.730 ;
; SW[15]     ; LEDR[8]     ; 6.293 ; 6.293 ; 6.293 ; 6.293 ;
; SW[15]     ; LEDR[9]     ; 6.300 ; 6.300 ; 6.300 ; 6.300 ;
; SW[15]     ; LEDR[10]    ; 6.305 ; 6.305 ; 6.305 ; 6.305 ;
; SW[15]     ; LEDR[11]    ; 6.303 ; 6.303 ; 6.303 ; 6.303 ;
; SW[15]     ; LEDR[12]    ; 6.314 ; 6.314 ; 6.314 ; 6.314 ;
; SW[15]     ; LEDR[13]    ; 6.316 ; 6.316 ; 6.316 ; 6.316 ;
; SW[15]     ; LEDR[14]    ; 6.524 ; 6.524 ; 6.524 ; 6.524 ;
; SW[15]     ; LEDR[15]    ; 6.518 ; 6.518 ; 6.518 ; 6.518 ;
+------------+-------------+-------+-------+-------+-------+


-------------------
; Clock Transfers ;
-------------------
Nothing to report.


---------------
; Report TCCS ;
---------------
No dedicated SERDES Transmitter circuitry present in device or used in design


---------------
; Report RSKM ;
---------------
No dedicated SERDES Receiver circuitry present in device or used in design


+------------------------------------------------+
; Unconstrained Paths                            ;
+---------------------------------+-------+------+
; Property                        ; Setup ; Hold ;
+---------------------------------+-------+------+
; Illegal Clocks                  ; 0     ; 0    ;
; Unconstrained Clocks            ; 0     ; 0    ;
; Unconstrained Input Ports       ; 16    ; 16   ;
; Unconstrained Input Port Paths  ; 200   ; 200  ;
; Unconstrained Output Ports      ; 16    ; 16   ;
; Unconstrained Output Port Paths ; 200   ; 200  ;
+---------------------------------+-------+------+


+------------------------------------+
; TimeQuest Timing Analyzer Messages ;
+------------------------------------+
Info: *******************************************************************
Info: Running Quartus II 64-Bit TimeQuest Timing Analyzer
    Info: Version 13.0.1 Build 232 06/12/2013 Service Pack 1 SJ Web Edition
    Info: Processing started: Thu Sep 29 10:44:47 2022
Info: Command: quartus_sta exercise3 -c exercise3
Info: qsta_default_script.tcl version: #1
Warning (20028): Parallel compilation is not licensed and has been disabled
Info (21077): Low junction temperature is 0 degrees C
Info (21077): High junction temperature is 85 degrees C
Critical Warning (332012): Synopsys Design Constraints File file not found: 'exercise3.sdc'. A Synopsys Design Constraints File is required by the TimeQuest Timing Analyzer to get proper timing constraints. Without it, the Compiler will not properly optimize the design.
Info (332142): No user constrained base clocks found in the design. Calling "derive_clocks -period 1.0"
Info (332096): The command derive_clocks did not find any clocks to derive.  No clocks were created or changed.
Warning (332068): No clocks defined in design.
Info: Found TIMEQUEST_REPORT_SCRIPT_INCLUDE_DEFAULT_ANALYSIS = ON
Info (332159): No clocks to report
Info: Analyzing Slow Model
Info (332140): No fmax paths to report
Info (332140): No Setup paths to report
Info (332140): No Hold paths to report
Info (332140): No Recovery paths to report
Info (332140): No Removal paths to report
Info (332140): No Minimum Pulse Width paths to report
Info (332001): The selected device family is not supported by the report_metastability command.
Info: Analyzing Fast Model
Info (332142): No user constrained base clocks found in the design. Calling "derive_clocks -period 1.0"
Info (332096): The command derive_clocks did not find any clocks to derive.  No clocks were created or changed.
Warning (332068): No clocks defined in design.
Info (332140): No Setup paths to report
Info (332140): No Hold paths to report
Info (332140): No Recovery paths to report
Info (332140): No Removal paths to report
Info (332140): No Minimum Pulse Width paths to report
Info (332001): The selected device family is not supported by the report_metastability command.
Info (332102): Design is not fully constrained for setup requirements
Info (332102): Design is not fully constrained for hold requirements
Info: Quartus II 64-Bit TimeQuest Timing Analyzer was successful. 0 errors, 4 warnings
    Info: Peak virtual memory: 4540 megabytes
    Info: Processing ended: Thu Sep 29 10:44:48 2022
    Info: Elapsed time: 00:00:01
    Info: Total CPU time (on all processors): 00:00:01


